Loading required package: iterators
Loading required package: parallel
── Attaching core tidyverse packages ──────────────────────── tidyverse 2.0.0 ──
✔ dplyr     1.1.4     ✔ readr     2.1.5
✔ forcats   1.0.0     ✔ stringr   1.5.1
✔ ggplot2   3.4.4     ✔ tibble    3.2.1
✔ lubridate 1.9.3     ✔ tidyr     1.3.1
✔ purrr     1.0.2     
── Conflicts ────────────────────────────────────────── tidyverse_conflicts() ──
✖ purrr::accumulate() masks foreach::accumulate()
✖ dplyr::filter()     masks stats::filter()
✖ dplyr::lag()        masks stats::lag()
✖ purrr::when()       masks foreach::when()
ℹ Use the conflicted package (<http://conflicted.r-lib.org/>) to force all conflicts to become errors
1% completed. Chain switching acceptance rate: 66.7%.
2% completed. Chain switching acceptance rate: 73.3%.
3% completed. Chain switching acceptance rate: 64.4%.
4% completed. Chain switching acceptance rate: 61.7%.
5% completed. Chain switching acceptance rate: 62.7%.
6% completed. Chain switching acceptance rate: 57.8%.
7% completed. Chain switching acceptance rate: 53.3%.
8% completed. Chain switching acceptance rate: 50.8%.
9% completed. Chain switching acceptance rate: 51.1%.
10% completed. Chain switching acceptance rate: 51.3%.
11% completed. Chain switching acceptance rate: 52.1%.
12% completed. Chain switching acceptance rate: 52.8%.
13% completed. Chain switching acceptance rate: 51.8%.
14% completed. Chain switching acceptance rate: 51.4%.
15% completed. Chain switching acceptance rate: 51.6%.
16% completed. Chain switching acceptance rate: 51.2%.
17% completed. Chain switching acceptance rate: 52.5%.
18% completed. Chain switching acceptance rate: 53.3%.
19% completed. Chain switching acceptance rate: 54.4%.
20% completed. Chain switching acceptance rate: 55.7%.
21% completed. Chain switching acceptance rate: 56.5%.
22% completed. Chain switching acceptance rate: 56.4%.
23% completed. Chain switching acceptance rate: 55.7%.
24% completed. Chain switching acceptance rate: 55%.
25% completed. Chain switching acceptance rate: 54.9%.
26% completed. Chain switching acceptance rate: 53.8%.
27% completed. Chain switching acceptance rate: 54.6%.
28% completed. Chain switching acceptance rate: 54.3%.
29% completed. Chain switching acceptance rate: 53.8%.
30% completed. Chain switching acceptance rate: 53.6%.
31% completed. Chain switching acceptance rate: 54%.
32% completed. Chain switching acceptance rate: 54%.
33% completed. Chain switching acceptance rate: 53.7%.
34% completed. Chain switching acceptance rate: 53.3%.
35% completed. Chain switching acceptance rate: 53.5%.
36% completed. Chain switching acceptance rate: 53.7%.
37% completed. Chain switching acceptance rate: 53.7%.
38% completed. Chain switching acceptance rate: 54%.
39% completed. Chain switching acceptance rate: 53.7%.
40% completed. Chain switching acceptance rate: 54.2%.
41% completed. Chain switching acceptance rate: 54%.
42% completed. Chain switching acceptance rate: 53.2%.
43% completed. Chain switching acceptance rate: 52.6%.
44% completed. Chain switching acceptance rate: 51.7%.
45% completed. Chain switching acceptance rate: 51.1%.
46% completed. Chain switching acceptance rate: 50.6%.
47% completed. Chain switching acceptance rate: 50.4%.
48% completed. Chain switching acceptance rate: 50.1%.
49% completed. Chain switching acceptance rate: 49.5%.
50% completed. Chain switching acceptance rate: 48.8%.
51% completed. Chain switching acceptance rate: 48.6%.
52% completed. Chain switching acceptance rate: 48.5%.
53% completed. Chain switching acceptance rate: 48.6%.
54% completed. Chain switching acceptance rate: 48%.
55% completed. Chain switching acceptance rate: 47.9%.
56% completed. Chain switching acceptance rate: 47.5%.
57% completed. Chain switching acceptance rate: 47.4%.
58% completed. Chain switching acceptance rate: 47.1%.
59% completed. Chain switching acceptance rate: 46.6%.
60% completed. Chain switching acceptance rate: 46.7%.
61% completed. Chain switching acceptance rate: 46.8%.
62% completed. Chain switching acceptance rate: 46.6%.
63% completed. Chain switching acceptance rate: 46.5%.
64% completed. Chain switching acceptance rate: 46.4%.
65% completed. Chain switching acceptance rate: 46.1%.
66% completed. Chain switching acceptance rate: 45.8%.
67% completed. Chain switching acceptance rate: 45.7%.
68% completed. Chain switching acceptance rate: 45.4%.
69% completed. Chain switching acceptance rate: 45.1%.
70% completed. Chain switching acceptance rate: 45%.
71% completed. Chain switching acceptance rate: 44.9%.
72% completed. Chain switching acceptance rate: 44.5%.
73% completed. Chain switching acceptance rate: 44.4%.
74% completed. Chain switching acceptance rate: 44.1%.
75% completed. Chain switching acceptance rate: 44%.
76% completed. Chain switching acceptance rate: 43.8%.
77% completed. Chain switching acceptance rate: 43.6%.
78% completed. Chain switching acceptance rate: 43.3%.
79% completed. Chain switching acceptance rate: 43.1%.
80% completed. Chain switching acceptance rate: 42.8%.
81% completed. Chain switching acceptance rate: 42.8%.
82% completed. Chain switching acceptance rate: 42.8%.
83% completed. Chain switching acceptance rate: 42.3%.
84% completed. Chain switching acceptance rate: 42.1%.
85% completed. Chain switching acceptance rate: 42%.
86% completed. Chain switching acceptance rate: 41.9%.
87% completed. Chain switching acceptance rate: 42%.
88% completed. Chain switching acceptance rate: 41.8%.
89% completed. Chain switching acceptance rate: 41.9%.
90% completed. Chain switching acceptance rate: 41.8%.
91% completed. Chain switching acceptance rate: 41.6%.
92% completed. Chain switching acceptance rate: 41.4%.
93% completed. Chain switching acceptance rate: 41.4%.
94% completed. Chain switching acceptance rate: 41.3%.
95% completed. Chain switching acceptance rate: 41.3%.
96% completed. Chain switching acceptance rate: 41.3%.
97% completed. Chain switching acceptance rate: 41.4%.
98% completed. Chain switching acceptance rate: 41.7%.
99% completed. Chain switching acceptance rate: 41.8%.
100% completed. Chain switching acceptance rate: 41.9%.
1% completed. Chain switching acceptance rate: 40%.
2% completed. Chain switching acceptance rate: 46.7%.
3% completed. Chain switching acceptance rate: 40%.
4% completed. Chain switching acceptance rate: 38.3%.
5% completed. Chain switching acceptance rate: 36%.
6% completed. Chain switching acceptance rate: 36.7%.
7% completed. Chain switching acceptance rate: 35.2%.
8% completed. Chain switching acceptance rate: 33.3%.
9% completed. Chain switching acceptance rate: 32.6%.
10% completed. Chain switching acceptance rate: 32%.
11% completed. Chain switching acceptance rate: 30.3%.
12% completed. Chain switching acceptance rate: 28.9%.
13% completed. Chain switching acceptance rate: 27.7%.
14% completed. Chain switching acceptance rate: 25.7%.
15% completed. Chain switching acceptance rate: 24.4%.
16% completed. Chain switching acceptance rate: 23.3%.
17% completed. Chain switching acceptance rate: 22.4%.
18% completed. Chain switching acceptance rate: 21.5%.
19% completed. Chain switching acceptance rate: 20.4%.
20% completed. Chain switching acceptance rate: 19.7%.
21% completed. Chain switching acceptance rate: 19%.
22% completed. Chain switching acceptance rate: 18.8%.
23% completed. Chain switching acceptance rate: 18.6%.
24% completed. Chain switching acceptance rate: 18.6%.
25% completed. Chain switching acceptance rate: 17.9%.
26% completed. Chain switching acceptance rate: 18.2%.
27% completed. Chain switching acceptance rate: 18.3%.
28% completed. Chain switching acceptance rate: 18.8%.
29% completed. Chain switching acceptance rate: 18.4%.
30% completed. Chain switching acceptance rate: 18%.
31% completed. Chain switching acceptance rate: 18.7%.
32% completed. Chain switching acceptance rate: 18.5%.
33% completed. Chain switching acceptance rate: 18.4%.
34% completed. Chain switching acceptance rate: 18.6%.
35% completed. Chain switching acceptance rate: 18.5%.
36% completed. Chain switching acceptance rate: 18.3%.
37% completed. Chain switching acceptance rate: 18%.
38% completed. Chain switching acceptance rate: 17.5%.
39% completed. Chain switching acceptance rate: 17.4%.
40% completed. Chain switching acceptance rate: 17%.
41% completed. Chain switching acceptance rate: 16.7%.
42% completed. Chain switching acceptance rate: 16.7%.
43% completed. Chain switching acceptance rate: 16.4%.
44% completed. Chain switching acceptance rate: 16.5%.
45% completed. Chain switching acceptance rate: 16.1%.
46% completed. Chain switching acceptance rate: 16.1%.
47% completed. Chain switching acceptance rate: 16.2%.
48% completed. Chain switching acceptance rate: 16.5%.
49% completed. Chain switching acceptance rate: 16.6%.
50% completed. Chain switching acceptance rate: 16.5%.
51% completed. Chain switching acceptance rate: 16.3%.
52% completed. Chain switching acceptance rate: 16.3%.
53% completed. Chain switching acceptance rate: 16.1%.
54% completed. Chain switching acceptance rate: 15.8%.
55% completed. Chain switching acceptance rate: 15.5%.
56% completed. Chain switching acceptance rate: 15.4%.
57% completed. Chain switching acceptance rate: 15.2%.
58% completed. Chain switching acceptance rate: 14.9%.
59% completed. Chain switching acceptance rate: 14.7%.
60% completed. Chain switching acceptance rate: 14.4%.
61% completed. Chain switching acceptance rate: 14.4%.
62% completed. Chain switching acceptance rate: 14.4%.
63% completed. Chain switching acceptance rate: 14.2%.
64% completed. Chain switching acceptance rate: 14.3%.
65% completed. Chain switching acceptance rate: 14.3%.
66% completed. Chain switching acceptance rate: 14.2%.
67% completed. Chain switching acceptance rate: 14.1%.
68% completed. Chain switching acceptance rate: 13.9%.
69% completed. Chain switching acceptance rate: 13.7%.
70% completed. Chain switching acceptance rate: 13.5%.
71% completed. Chain switching acceptance rate: 13.5%.
72% completed. Chain switching acceptance rate: 13.4%.
73% completed. Chain switching acceptance rate: 13.2%.
74% completed. Chain switching acceptance rate: 13.2%.
75% completed. Chain switching acceptance rate: 13.2%.
76% completed. Chain switching acceptance rate: 13.2%.
77% completed. Chain switching acceptance rate: 13.2%.
78% completed. Chain switching acceptance rate: 13.1%.
79% completed. Chain switching acceptance rate: 13.1%.
80% completed. Chain switching acceptance rate: 12.9%.
81% completed. Chain switching acceptance rate: 12.9%.
82% completed. Chain switching acceptance rate: 13%.
83% completed. Chain switching acceptance rate: 13%.
84% completed. Chain switching acceptance rate: 12.9%.
85% completed. Chain switching acceptance rate: 12.9%.
86% completed. Chain switching acceptance rate: 12.9%.
87% completed. Chain switching acceptance rate: 13%.
88% completed. Chain switching acceptance rate: 13%.
89% completed. Chain switching acceptance rate: 12.8%.
90% completed. Chain switching acceptance rate: 12.7%.
91% completed. Chain switching acceptance rate: 12.5%.
92% completed. Chain switching acceptance rate: 12.5%.
93% completed. Chain switching acceptance rate: 12.3%.
94% completed. Chain switching acceptance rate: 12.4%.
95% completed. Chain switching acceptance rate: 12.4%.
96% completed. Chain switching acceptance rate: 12.3%.
97% completed. Chain switching acceptance rate: 12.2%.
98% completed. Chain switching acceptance rate: 12.2%.
99% completed. Chain switching acceptance rate: 12.1%.
100% completed. Chain switching acceptance rate: 12.1%.
1% completed. Chain switching acceptance rate: 26.7%.
2% completed. Chain switching acceptance rate: 13.3%.
3% completed. Chain switching acceptance rate: 8.9%.
4% completed. Chain switching acceptance rate: 6.7%.
5% completed. Chain switching acceptance rate: 5.3%.
6% completed. Chain switching acceptance rate: 4.4%.
7% completed. Chain switching acceptance rate: 4.8%.
8% completed. Chain switching acceptance rate: 5.8%.
9% completed. Chain switching acceptance rate: 5.2%.
10% completed. Chain switching acceptance rate: 4.7%.
11% completed. Chain switching acceptance rate: 4.2%.
12% completed. Chain switching acceptance rate: 3.9%.
13% completed. Chain switching acceptance rate: 3.6%.
14% completed. Chain switching acceptance rate: 3.3%.
15% completed. Chain switching acceptance rate: 3.6%.
16% completed. Chain switching acceptance rate: 3.3%.
17% completed. Chain switching acceptance rate: 3.1%.
18% completed. Chain switching acceptance rate: 3%.
19% completed. Chain switching acceptance rate: 3.5%.
20% completed. Chain switching acceptance rate: 3.3%.
21% completed. Chain switching acceptance rate: 3.5%.
22% completed. Chain switching acceptance rate: 3.3%.
23% completed. Chain switching acceptance rate: 3.2%.
24% completed. Chain switching acceptance rate: 3.1%.
25% completed. Chain switching acceptance rate: 2.9%.
26% completed. Chain switching acceptance rate: 2.8%.
27% completed. Chain switching acceptance rate: 2.7%.
28% completed. Chain switching acceptance rate: 2.6%.
29% completed. Chain switching acceptance rate: 2.5%.
30% completed. Chain switching acceptance rate: 2.4%.
31% completed. Chain switching acceptance rate: 2.4%.
32% completed. Chain switching acceptance rate: 2.3%.
33% completed. Chain switching acceptance rate: 2.2%.
34% completed. Chain switching acceptance rate: 2.2%.
35% completed. Chain switching acceptance rate: 2.1%.
36% completed. Chain switching acceptance rate: 2%.
37% completed. Chain switching acceptance rate: 2%.
38% completed. Chain switching acceptance rate: 1.9%.
39% completed. Chain switching acceptance rate: 1.9%.
40% completed. Chain switching acceptance rate: 1.8%.
41% completed. Chain switching acceptance rate: 1.8%.
42% completed. Chain switching acceptance rate: 1.7%.
43% completed. Chain switching acceptance rate: 1.7%.
44% completed. Chain switching acceptance rate: 1.7%.
45% completed. Chain switching acceptance rate: 1.6%.
46% completed. Chain switching acceptance rate: 1.6%.
47% completed. Chain switching acceptance rate: 1.6%.
48% completed. Chain switching acceptance rate: 1.5%.
49% completed. Chain switching acceptance rate: 1.5%.
50% completed. Chain switching acceptance rate: 1.5%.
51% completed. Chain switching acceptance rate: 1.4%.
52% completed. Chain switching acceptance rate: 1.4%.
53% completed. Chain switching acceptance rate: 1.4%.
54% completed. Chain switching acceptance rate: 1.4%.
55% completed. Chain switching acceptance rate: 1.3%.
56% completed. Chain switching acceptance rate: 1.3%.
57% completed. Chain switching acceptance rate: 1.3%.
58% completed. Chain switching acceptance rate: 1.3%.
59% completed. Chain switching acceptance rate: 1.2%.
60% completed. Chain switching acceptance rate: 1.2%.
61% completed. Chain switching acceptance rate: 1.2%.
62% completed. Chain switching acceptance rate: 1.2%.
63% completed. Chain switching acceptance rate: 1.2%.
64% completed. Chain switching acceptance rate: 1.1%.
65% completed. Chain switching acceptance rate: 1.1%.
66% completed. Chain switching acceptance rate: 1.1%.
67% completed. Chain switching acceptance rate: 1.1%.
68% completed. Chain switching acceptance rate: 1.1%.
69% completed. Chain switching acceptance rate: 1.1%.
70% completed. Chain switching acceptance rate: 1%.
71% completed. Chain switching acceptance rate: 1%.
72% completed. Chain switching acceptance rate: 1%.
73% completed. Chain switching acceptance rate: 1%.
74% completed. Chain switching acceptance rate: 1%.
75% completed. Chain switching acceptance rate: 1%.
76% completed. Chain switching acceptance rate: 1%.
77% completed. Chain switching acceptance rate: 1%.
78% completed. Chain switching acceptance rate: 0.9%.
79% completed. Chain switching acceptance rate: 0.9%.
80% completed. Chain switching acceptance rate: 0.9%.
81% completed. Chain switching acceptance rate: 0.9%.
82% completed. Chain switching acceptance rate: 0.9%.
83% completed. Chain switching acceptance rate: 0.9%.
84% completed. Chain switching acceptance rate: 0.9%.
85% completed. Chain switching acceptance rate: 0.9%.
86% completed. Chain switching acceptance rate: 0.9%.
87% completed. Chain switching acceptance rate: 0.8%.
88% completed. Chain switching acceptance rate: 0.8%.
89% completed. Chain switching acceptance rate: 0.8%.
90% completed. Chain switching acceptance rate: 0.8%.
91% completed. Chain switching acceptance rate: 0.8%.
92% completed. Chain switching acceptance rate: 0.8%.
93% completed. Chain switching acceptance rate: 0.8%.
94% completed. Chain switching acceptance rate: 0.8%.
95% completed. Chain switching acceptance rate: 0.8%.
96% completed. Chain switching acceptance rate: 0.8%.
97% completed. Chain switching acceptance rate: 0.8%.
98% completed. Chain switching acceptance rate: 0.7%.
99% completed. Chain switching acceptance rate: 0.7%.
100% completed. Chain switching acceptance rate: 0.8%.
1% completed. Chain switching acceptance rate: 6.7%.
2% completed. Chain switching acceptance rate: 3.3%.
3% completed. Chain switching acceptance rate: 2.2%.
4% completed. Chain switching acceptance rate: 1.7%.
5% completed. Chain switching acceptance rate: 1.3%.
6% completed. Chain switching acceptance rate: 1.1%.
7% completed. Chain switching acceptance rate: 1%.
8% completed. Chain switching acceptance rate: 0.8%.
9% completed. Chain switching acceptance rate: 0.7%.
10% completed. Chain switching acceptance rate: 0.7%.
11% completed. Chain switching acceptance rate: 0.6%.
12% completed. Chain switching acceptance rate: 0.6%.
13% completed. Chain switching acceptance rate: 0.5%.
14% completed. Chain switching acceptance rate: 0.5%.
15% completed. Chain switching acceptance rate: 0.4%.
16% completed. Chain switching acceptance rate: 0.4%.
17% completed. Chain switching acceptance rate: 0.4%.
18% completed. Chain switching acceptance rate: 0.4%.
19% completed. Chain switching acceptance rate: 0.4%.
20% completed. Chain switching acceptance rate: 0.3%.
21% completed. Chain switching acceptance rate: 0.3%.
22% completed. Chain switching acceptance rate: 0.3%.
23% completed. Chain switching acceptance rate: 0.3%.
24% completed. Chain switching acceptance rate: 0.3%.
25% completed. Chain switching acceptance rate: 0.3%.
26% completed. Chain switching acceptance rate: 0.3%.
27% completed. Chain switching acceptance rate: 0.2%.
28% completed. Chain switching acceptance rate: 0.2%.
29% completed. Chain switching acceptance rate: 0.2%.
30% completed. Chain switching acceptance rate: 0.2%.
31% completed. Chain switching acceptance rate: 0.2%.
32% completed. Chain switching acceptance rate: 0.2%.
33% completed. Chain switching acceptance rate: 0.2%.
34% completed. Chain switching acceptance rate: 0.2%.
35% completed. Chain switching acceptance rate: 0.2%.
36% completed. Chain switching acceptance rate: 0.2%.
37% completed. Chain switching acceptance rate: 0.2%.
38% completed. Chain switching acceptance rate: 0.2%.
39% completed. Chain switching acceptance rate: 0.2%.
40% completed. Chain switching acceptance rate: 0.2%.
41% completed. Chain switching acceptance rate: 0.2%.
42% completed. Chain switching acceptance rate: 0.2%.
43% completed. Chain switching acceptance rate: 0.2%.
44% completed. Chain switching acceptance rate: 0.2%.
45% completed. Chain switching acceptance rate: 0.1%.
46% completed. Chain switching acceptance rate: 0.1%.
47% completed. Chain switching acceptance rate: 0.1%.
48% completed. Chain switching acceptance rate: 0.1%.
49% completed. Chain switching acceptance rate: 0.1%.
50% completed. Chain switching acceptance rate: 0.1%.
51% completed. Chain switching acceptance rate: 0.1%.
52% completed. Chain switching acceptance rate: 0.1%.
53% completed. Chain switching acceptance rate: 0.1%.
54% completed. Chain switching acceptance rate: 0.1%.
55% completed. Chain switching acceptance rate: 0.1%.
56% completed. Chain switching acceptance rate: 0.1%.
57% completed. Chain switching acceptance rate: 0.1%.
58% completed. Chain switching acceptance rate: 0.1%.
59% completed. Chain switching acceptance rate: 0.1%.
60% completed. Chain switching acceptance rate: 0.1%.
61% completed. Chain switching acceptance rate: 0.1%.
62% completed. Chain switching acceptance rate: 0.1%.
63% completed. Chain switching acceptance rate: 0.1%.
64% completed. Chain switching acceptance rate: 0.1%.
65% completed. Chain switching acceptance rate: 0.1%.
66% completed. Chain switching acceptance rate: 0.1%.
67% completed. Chain switching acceptance rate: 0.1%.
68% completed. Chain switching acceptance rate: 0.1%.
69% completed. Chain switching acceptance rate: 0.1%.
70% completed. Chain switching acceptance rate: 0.1%.
71% completed. Chain switching acceptance rate: 0.1%.
72% completed. Chain switching acceptance rate: 0.1%.
73% completed. Chain switching acceptance rate: 0.1%.
74% completed. Chain switching acceptance rate: 0.1%.
75% completed. Chain switching acceptance rate: 0.1%.
76% completed. Chain switching acceptance rate: 0.1%.
77% completed. Chain switching acceptance rate: 0.1%.
78% completed. Chain switching acceptance rate: 0.1%.
79% completed. Chain switching acceptance rate: 0.1%.
80% completed. Chain switching acceptance rate: 0.1%.
81% completed. Chain switching acceptance rate: 0.1%.
82% completed. Chain switching acceptance rate: 0.1%.
83% completed. Chain switching acceptance rate: 0.1%.
84% completed. Chain switching acceptance rate: 0.1%.
85% completed. Chain switching acceptance rate: 0.1%.
86% completed. Chain switching acceptance rate: 0.1%.
87% completed. Chain switching acceptance rate: 0.1%.
88% completed. Chain switching acceptance rate: 0.1%.
89% completed. Chain switching acceptance rate: 0.1%.
90% completed. Chain switching acceptance rate: 0.1%.
91% completed. Chain switching acceptance rate: 0.1%.
92% completed. Chain switching acceptance rate: 0.1%.
93% completed. Chain switching acceptance rate: 0.1%.
94% completed. Chain switching acceptance rate: 0.1%.
95% completed. Chain switching acceptance rate: 0.1%.
96% completed. Chain switching acceptance rate: 0.1%.
97% completed. Chain switching acceptance rate: 0.1%.
98% completed. Chain switching acceptance rate: 0.1%.
99% completed. Chain switching acceptance rate: 0.1%.
100% completed. Chain switching acceptance rate: 0.1%.
1% completed. Chain switching acceptance rate: 66.7%.
2% completed. Chain switching acceptance rate: 53.3%.
3% completed. Chain switching acceptance rate: 53.3%.
4% completed. Chain switching acceptance rate: 53.3%.
5% completed. Chain switching acceptance rate: 49.3%.
6% completed. Chain switching acceptance rate: 45.6%.
7% completed. Chain switching acceptance rate: 46.7%.
8% completed. Chain switching acceptance rate: 44.2%.
9% completed. Chain switching acceptance rate: 43%.
10% completed. Chain switching acceptance rate: 40%.
11% completed. Chain switching acceptance rate: 38.8%.
12% completed. Chain switching acceptance rate: 37.2%.
13% completed. Chain switching acceptance rate: 37.9%.
14% completed. Chain switching acceptance rate: 37.1%.
15% completed. Chain switching acceptance rate: 38.7%.
16% completed. Chain switching acceptance rate: 38.8%.
17% completed. Chain switching acceptance rate: 38.4%.
18% completed. Chain switching acceptance rate: 39.3%.
19% completed. Chain switching acceptance rate: 40.7%.
20% completed. Chain switching acceptance rate: 41.7%.
21% completed. Chain switching acceptance rate: 42.9%.
22% completed. Chain switching acceptance rate: 43%.
23% completed. Chain switching acceptance rate: 43.2%.
24% completed. Chain switching acceptance rate: 44.4%.
25% completed. Chain switching acceptance rate: 44.8%.
26% completed. Chain switching acceptance rate: 45.4%.
27% completed. Chain switching acceptance rate: 45.7%.
28% completed. Chain switching acceptance rate: 45.5%.
29% completed. Chain switching acceptance rate: 46.4%.
30% completed. Chain switching acceptance rate: 46.9%.
31% completed. Chain switching acceptance rate: 47.3%.
32% completed. Chain switching acceptance rate: 46.9%.
33% completed. Chain switching acceptance rate: 46.9%.
34% completed. Chain switching acceptance rate: 46.7%.
35% completed. Chain switching acceptance rate: 46.9%.
36% completed. Chain switching acceptance rate: 46.7%.
37% completed. Chain switching acceptance rate: 47.4%.
38% completed. Chain switching acceptance rate: 48.1%.
39% completed. Chain switching acceptance rate: 48.7%.
40% completed. Chain switching acceptance rate: 49.2%.
41% completed. Chain switching acceptance rate: 49.6%.
42% completed. Chain switching acceptance rate: 49.7%.
43% completed. Chain switching acceptance rate: 49.6%.
44% completed. Chain switching acceptance rate: 49.7%.
45% completed. Chain switching acceptance rate: 49.8%.
46% completed. Chain switching acceptance rate: 50%.
47% completed. Chain switching acceptance rate: 49.6%.
48% completed. Chain switching acceptance rate: 49.4%.
49% completed. Chain switching acceptance rate: 49.5%.
50% completed. Chain switching acceptance rate: 50.1%.
51% completed. Chain switching acceptance rate: 50.3%.
52% completed. Chain switching acceptance rate: 50.8%.
53% completed. Chain switching acceptance rate: 50.4%.
54% completed. Chain switching acceptance rate: 50.9%.
55% completed. Chain switching acceptance rate: 50.9%.
56% completed. Chain switching acceptance rate: 50.8%.
57% completed. Chain switching acceptance rate: 51%.
58% completed. Chain switching acceptance rate: 51%.
59% completed. Chain switching acceptance rate: 50.7%.
60% completed. Chain switching acceptance rate: 51.1%.
61% completed. Chain switching acceptance rate: 51.4%.
62% completed. Chain switching acceptance rate: 51.4%.
63% completed. Chain switching acceptance rate: 51.7%.
64% completed. Chain switching acceptance rate: 51.7%.
65% completed. Chain switching acceptance rate: 51.9%.
66% completed. Chain switching acceptance rate: 52%.
67% completed. Chain switching acceptance rate: 52.2%.
68% completed. Chain switching acceptance rate: 52.2%.
69% completed. Chain switching acceptance rate: 52.4%.
70% completed. Chain switching acceptance rate: 52.7%.
71% completed. Chain switching acceptance rate: 52.7%.
72% completed. Chain switching acceptance rate: 52.6%.
73% completed. Chain switching acceptance rate: 52.6%.
74% completed. Chain switching acceptance rate: 53%.
75% completed. Chain switching acceptance rate: 52.8%.
76% completed. Chain switching acceptance rate: 53.3%.
77% completed. Chain switching acceptance rate: 53.3%.
78% completed. Chain switching acceptance rate: 53.4%.
79% completed. Chain switching acceptance rate: 53.4%.
80% completed. Chain switching acceptance rate: 54%.
81% completed. Chain switching acceptance rate: 53.9%.
82% completed. Chain switching acceptance rate: 53.9%.
83% completed. Chain switching acceptance rate: 53.6%.
84% completed. Chain switching acceptance rate: 53.3%.
85% completed. Chain switching acceptance rate: 53.3%.
86% completed. Chain switching acceptance rate: 53.3%.
87% completed. Chain switching acceptance rate: 53.6%.
88% completed. Chain switching acceptance rate: 53.7%.
89% completed. Chain switching acceptance rate: 53.6%.
90% completed. Chain switching acceptance rate: 53.4%.
91% completed. Chain switching acceptance rate: 53.5%.
92% completed. Chain switching acceptance rate: 53.6%.
93% completed. Chain switching acceptance rate: 53.9%.
94% completed. Chain switching acceptance rate: 53.8%.
95% completed. Chain switching acceptance rate: 53.6%.
96% completed. Chain switching acceptance rate: 53.9%.
97% completed. Chain switching acceptance rate: 53.9%.
98% completed. Chain switching acceptance rate: 53.9%.
99% completed. Chain switching acceptance rate: 54.1%.
100% completed. Chain switching acceptance rate: 54.1%.
1% completed. Chain switching acceptance rate: 33.3%.
2% completed. Chain switching acceptance rate: 33.3%.
3% completed. Chain switching acceptance rate: 37.8%.
4% completed. Chain switching acceptance rate: 31.7%.
5% completed. Chain switching acceptance rate: 26.7%.
6% completed. Chain switching acceptance rate: 22.2%.
7% completed. Chain switching acceptance rate: 21%.
8% completed. Chain switching acceptance rate: 19.2%.
9% completed. Chain switching acceptance rate: 18.5%.
10% completed. Chain switching acceptance rate: 18%.
11% completed. Chain switching acceptance rate: 18.8%.
12% completed. Chain switching acceptance rate: 18.9%.
13% completed. Chain switching acceptance rate: 17.9%.
14% completed. Chain switching acceptance rate: 17.1%.
15% completed. Chain switching acceptance rate: 16%.
16% completed. Chain switching acceptance rate: 16.7%.
17% completed. Chain switching acceptance rate: 17.3%.
18% completed. Chain switching acceptance rate: 17.8%.
19% completed. Chain switching acceptance rate: 17.5%.
20% completed. Chain switching acceptance rate: 17.7%.
21% completed. Chain switching acceptance rate: 17.1%.
22% completed. Chain switching acceptance rate: 16.7%.
23% completed. Chain switching acceptance rate: 16.8%.
24% completed. Chain switching acceptance rate: 16.9%.
25% completed. Chain switching acceptance rate: 17.6%.
26% completed. Chain switching acceptance rate: 17.7%.
27% completed. Chain switching acceptance rate: 17.5%.
28% completed. Chain switching acceptance rate: 17.6%.
29% completed. Chain switching acceptance rate: 17.2%.
30% completed. Chain switching acceptance rate: 17.3%.
31% completed. Chain switching acceptance rate: 17.2%.
32% completed. Chain switching acceptance rate: 17.7%.
33% completed. Chain switching acceptance rate: 17.8%.
34% completed. Chain switching acceptance rate: 17.5%.
35% completed. Chain switching acceptance rate: 17.9%.
36% completed. Chain switching acceptance rate: 17.6%.
37% completed. Chain switching acceptance rate: 17.7%.
38% completed. Chain switching acceptance rate: 18.1%.
39% completed. Chain switching acceptance rate: 18.1%.
40% completed. Chain switching acceptance rate: 18.5%.
41% completed. Chain switching acceptance rate: 18%.
42% completed. Chain switching acceptance rate: 17.8%.
43% completed. Chain switching acceptance rate: 18%.
44% completed. Chain switching acceptance rate: 18%.
45% completed. Chain switching acceptance rate: 18.4%.
46% completed. Chain switching acceptance rate: 18.7%.
47% completed. Chain switching acceptance rate: 18.9%.
48% completed. Chain switching acceptance rate: 19.2%.
49% completed. Chain switching acceptance rate: 19.5%.
50% completed. Chain switching acceptance rate: 19.3%.
51% completed. Chain switching acceptance rate: 19.5%.
52% completed. Chain switching acceptance rate: 19.9%.
53% completed. Chain switching acceptance rate: 19.7%.
54% completed. Chain switching acceptance rate: 20%.
55% completed. Chain switching acceptance rate: 20%.
56% completed. Chain switching acceptance rate: 19.8%.
57% completed. Chain switching acceptance rate: 19.9%.
58% completed. Chain switching acceptance rate: 20.1%.
59% completed. Chain switching acceptance rate: 20.2%.
60% completed. Chain switching acceptance rate: 20.2%.
61% completed. Chain switching acceptance rate: 20.2%.
62% completed. Chain switching acceptance rate: 20.2%.
63% completed. Chain switching acceptance rate: 20.5%.
64% completed. Chain switching acceptance rate: 20.5%.
65% completed. Chain switching acceptance rate: 20.2%.
66% completed. Chain switching acceptance rate: 20.5%.
67% completed. Chain switching acceptance rate: 20.5%.
68% completed. Chain switching acceptance rate: 20.6%.
69% completed. Chain switching acceptance rate: 20.6%.
70% completed. Chain switching acceptance rate: 20.5%.
71% completed. Chain switching acceptance rate: 20.7%.
72% completed. Chain switching acceptance rate: 20.7%.
73% completed. Chain switching acceptance rate: 20.5%.
74% completed. Chain switching acceptance rate: 20.4%.
75% completed. Chain switching acceptance rate: 20.4%.
76% completed. Chain switching acceptance rate: 20.4%.
77% completed. Chain switching acceptance rate: 20.4%.
78% completed. Chain switching acceptance rate: 20.6%.
79% completed. Chain switching acceptance rate: 20.7%.
80% completed. Chain switching acceptance rate: 20.5%.
81% completed. Chain switching acceptance rate: 20.5%.
82% completed. Chain switching acceptance rate: 20.4%.
83% completed. Chain switching acceptance rate: 20.5%.
84% completed. Chain switching acceptance rate: 20.5%.
85% completed. Chain switching acceptance rate: 20.4%.
86% completed. Chain switching acceptance rate: 20.4%.
87% completed. Chain switching acceptance rate: 20.5%.
88% completed. Chain switching acceptance rate: 20.7%.
89% completed. Chain switching acceptance rate: 20.6%.
90% completed. Chain switching acceptance rate: 20.7%.
91% completed. Chain switching acceptance rate: 20.6%.
92% completed. Chain switching acceptance rate: 20.7%.
93% completed. Chain switching acceptance rate: 20.8%.
94% completed. Chain switching acceptance rate: 20.8%.
95% completed. Chain switching acceptance rate: 20.8%.
96% completed. Chain switching acceptance rate: 20.8%.
97% completed. Chain switching acceptance rate: 20.7%.
98% completed. Chain switching acceptance rate: 20.7%.
99% completed. Chain switching acceptance rate: 20.9%.
100% completed. Chain switching acceptance rate: 20.8%.
1% completed. Chain switching acceptance rate: 26.7%.
2% completed. Chain switching acceptance rate: 16.7%.
3% completed. Chain switching acceptance rate: 11.1%.
4% completed. Chain switching acceptance rate: 8.3%.
5% completed. Chain switching acceptance rate: 6.7%.
6% completed. Chain switching acceptance rate: 5.6%.
7% completed. Chain switching acceptance rate: 5.7%.
8% completed. Chain switching acceptance rate: 5%.
9% completed. Chain switching acceptance rate: 4.4%.
10% completed. Chain switching acceptance rate: 4%.
11% completed. Chain switching acceptance rate: 3.6%.
12% completed. Chain switching acceptance rate: 3.3%.
13% completed. Chain switching acceptance rate: 3.1%.
14% completed. Chain switching acceptance rate: 2.9%.
15% completed. Chain switching acceptance rate: 2.7%.
16% completed. Chain switching acceptance rate: 2.5%.
17% completed. Chain switching acceptance rate: 2.4%.
18% completed. Chain switching acceptance rate: 2.2%.
19% completed. Chain switching acceptance rate: 2.1%.
20% completed. Chain switching acceptance rate: 2%.
21% completed. Chain switching acceptance rate: 1.9%.
22% completed. Chain switching acceptance rate: 1.8%.
23% completed. Chain switching acceptance rate: 1.7%.
24% completed. Chain switching acceptance rate: 1.7%.
25% completed. Chain switching acceptance rate: 1.6%.
26% completed. Chain switching acceptance rate: 1.5%.
27% completed. Chain switching acceptance rate: 1.5%.
28% completed. Chain switching acceptance rate: 1.4%.
29% completed. Chain switching acceptance rate: 1.4%.
30% completed. Chain switching acceptance rate: 1.3%.
31% completed. Chain switching acceptance rate: 1.5%.
32% completed. Chain switching acceptance rate: 1.5%.
33% completed. Chain switching acceptance rate: 1.6%.
34% completed. Chain switching acceptance rate: 1.6%.
35% completed. Chain switching acceptance rate: 1.5%.
36% completed. Chain switching acceptance rate: 1.5%.
37% completed. Chain switching acceptance rate: 1.4%.
38% completed. Chain switching acceptance rate: 1.4%.
39% completed. Chain switching acceptance rate: 1.4%.
40% completed. Chain switching acceptance rate: 1.3%.
41% completed. Chain switching acceptance rate: 1.3%.
42% completed. Chain switching acceptance rate: 1.3%.
43% completed. Chain switching acceptance rate: 1.2%.
44% completed. Chain switching acceptance rate: 1.2%.
45% completed. Chain switching acceptance rate: 1.2%.
46% completed. Chain switching acceptance rate: 1.2%.
47% completed. Chain switching acceptance rate: 1.1%.
48% completed. Chain switching acceptance rate: 1.1%.
49% completed. Chain switching acceptance rate: 1.1%.
50% completed. Chain switching acceptance rate: 1.2%.
51% completed. Chain switching acceptance rate: 1.3%.
52% completed. Chain switching acceptance rate: 1.4%.
53% completed. Chain switching acceptance rate: 1.4%.
54% completed. Chain switching acceptance rate: 1.5%.
55% completed. Chain switching acceptance rate: 1.6%.
56% completed. Chain switching acceptance rate: 1.5%.
57% completed. Chain switching acceptance rate: 1.6%.
58% completed. Chain switching acceptance rate: 1.6%.
59% completed. Chain switching acceptance rate: 1.6%.
60% completed. Chain switching acceptance rate: 1.6%.
61% completed. Chain switching acceptance rate: 1.5%.
62% completed. Chain switching acceptance rate: 1.5%.
63% completed. Chain switching acceptance rate: 1.5%.
64% completed. Chain switching acceptance rate: 1.5%.
65% completed. Chain switching acceptance rate: 1.5%.
66% completed. Chain switching acceptance rate: 1.5%.
67% completed. Chain switching acceptance rate: 1.5%.
68% completed. Chain switching acceptance rate: 1.5%.
69% completed. Chain switching acceptance rate: 1.6%.
70% completed. Chain switching acceptance rate: 1.6%.
71% completed. Chain switching acceptance rate: 1.6%.
72% completed. Chain switching acceptance rate: 1.7%.
73% completed. Chain switching acceptance rate: 1.6%.
74% completed. Chain switching acceptance rate: 1.7%.
75% completed. Chain switching acceptance rate: 1.7%.
76% completed. Chain switching acceptance rate: 1.7%.
77% completed. Chain switching acceptance rate: 1.6%.
78% completed. Chain switching acceptance rate: 1.6%.
79% completed. Chain switching acceptance rate: 1.7%.
80% completed. Chain switching acceptance rate: 1.7%.
81% completed. Chain switching acceptance rate: 1.6%.
82% completed. Chain switching acceptance rate: 1.6%.
83% completed. Chain switching acceptance rate: 1.6%.
84% completed. Chain switching acceptance rate: 1.6%.
85% completed. Chain switching acceptance rate: 1.6%.
86% completed. Chain switching acceptance rate: 1.6%.
87% completed. Chain switching acceptance rate: 1.6%.
88% completed. Chain switching acceptance rate: 1.6%.
89% completed. Chain switching acceptance rate: 1.6%.
90% completed. Chain switching acceptance rate: 1.6%.
91% completed. Chain switching acceptance rate: 1.5%.
92% completed. Chain switching acceptance rate: 1.5%.
93% completed. Chain switching acceptance rate: 1.5%.
94% completed. Chain switching acceptance rate: 1.6%.
95% completed. Chain switching acceptance rate: 1.5%.
96% completed. Chain switching acceptance rate: 1.5%.
97% completed. Chain switching acceptance rate: 1.5%.
98% completed. Chain switching acceptance rate: 1.5%.
99% completed. Chain switching acceptance rate: 1.5%.
100% completed. Chain switching acceptance rate: 1.5%.
1% completed. Chain switching acceptance rate: 6.7%.
2% completed. Chain switching acceptance rate: 3.3%.
3% completed. Chain switching acceptance rate: 2.2%.
4% completed. Chain switching acceptance rate: 1.7%.
5% completed. Chain switching acceptance rate: 1.3%.
6% completed. Chain switching acceptance rate: 1.1%.
7% completed. Chain switching acceptance rate: 1%.
8% completed. Chain switching acceptance rate: 0.8%.
9% completed. Chain switching acceptance rate: 0.7%.
10% completed. Chain switching acceptance rate: 0.7%.
11% completed. Chain switching acceptance rate: 0.6%.
12% completed. Chain switching acceptance rate: 0.6%.
13% completed. Chain switching acceptance rate: 0.5%.
14% completed. Chain switching acceptance rate: 0.5%.
15% completed. Chain switching acceptance rate: 0.4%.
16% completed. Chain switching acceptance rate: 0.4%.
17% completed. Chain switching acceptance rate: 0.4%.
18% completed. Chain switching acceptance rate: 0.4%.
19% completed. Chain switching acceptance rate: 0.4%.
20% completed. Chain switching acceptance rate: 0.3%.
21% completed. Chain switching acceptance rate: 0.3%.
22% completed. Chain switching acceptance rate: 0.3%.
23% completed. Chain switching acceptance rate: 0.3%.
24% completed. Chain switching acceptance rate: 0.3%.
25% completed. Chain switching acceptance rate: 0.3%.
26% completed. Chain switching acceptance rate: 0.3%.
27% completed. Chain switching acceptance rate: 0.2%.
28% completed. Chain switching acceptance rate: 0.2%.
29% completed. Chain switching acceptance rate: 0.2%.
30% completed. Chain switching acceptance rate: 0.2%.
31% completed. Chain switching acceptance rate: 0.2%.
32% completed. Chain switching acceptance rate: 0.2%.
33% completed. Chain switching acceptance rate: 0.2%.
34% completed. Chain switching acceptance rate: 0.2%.
35% completed. Chain switching acceptance rate: 0.2%.
36% completed. Chain switching acceptance rate: 0.2%.
37% completed. Chain switching acceptance rate: 0.2%.
38% completed. Chain switching acceptance rate: 0.2%.
39% completed. Chain switching acceptance rate: 0.2%.
40% completed. Chain switching acceptance rate: 0.2%.
41% completed. Chain switching acceptance rate: 0.2%.
42% completed. Chain switching acceptance rate: 0.2%.
43% completed. Chain switching acceptance rate: 0.2%.
44% completed. Chain switching acceptance rate: 0.2%.
45% completed. Chain switching acceptance rate: 0.1%.
46% completed. Chain switching acceptance rate: 0.1%.
47% completed. Chain switching acceptance rate: 0.1%.
48% completed. Chain switching acceptance rate: 0.1%.
49% completed. Chain switching acceptance rate: 0.1%.
50% completed. Chain switching acceptance rate: 0.1%.
51% completed. Chain switching acceptance rate: 0.1%.
52% completed. Chain switching acceptance rate: 0.1%.
53% completed. Chain switching acceptance rate: 0.1%.
54% completed. Chain switching acceptance rate: 0.1%.
55% completed. Chain switching acceptance rate: 0.1%.
56% completed. Chain switching acceptance rate: 0.1%.
57% completed. Chain switching acceptance rate: 0.1%.
58% completed. Chain switching acceptance rate: 0.1%.
59% completed. Chain switching acceptance rate: 0.1%.
60% completed. Chain switching acceptance rate: 0.1%.
61% completed. Chain switching acceptance rate: 0.1%.
62% completed. Chain switching acceptance rate: 0.1%.
63% completed. Chain switching acceptance rate: 0.1%.
64% completed. Chain switching acceptance rate: 0.1%.
65% completed. Chain switching acceptance rate: 0.1%.
66% completed. Chain switching acceptance rate: 0.1%.
67% completed. Chain switching acceptance rate: 0.1%.
68% completed. Chain switching acceptance rate: 0.1%.
69% completed. Chain switching acceptance rate: 0.1%.
70% completed. Chain switching acceptance rate: 0.1%.
71% completed. Chain switching acceptance rate: 0.1%.
72% completed. Chain switching acceptance rate: 0.1%.
73% completed. Chain switching acceptance rate: 0.1%.
74% completed. Chain switching acceptance rate: 0.1%.
75% completed. Chain switching acceptance rate: 0.1%.
76% completed. Chain switching acceptance rate: 0.1%.
77% completed. Chain switching acceptance rate: 0.1%.
78% completed. Chain switching acceptance rate: 0.1%.
79% completed. Chain switching acceptance rate: 0.1%.
80% completed. Chain switching acceptance rate: 0.1%.
81% completed. Chain switching acceptance rate: 0.1%.
82% completed. Chain switching acceptance rate: 0.1%.
83% completed. Chain switching acceptance rate: 0.1%.
84% completed. Chain switching acceptance rate: 0.1%.
85% completed. Chain switching acceptance rate: 0.1%.
86% completed. Chain switching acceptance rate: 0.1%.
87% completed. Chain switching acceptance rate: 0.1%.
88% completed. Chain switching acceptance rate: 0.1%.
89% completed. Chain switching acceptance rate: 0.1%.
90% completed. Chain switching acceptance rate: 0.1%.
91% completed. Chain switching acceptance rate: 0.1%.
92% completed. Chain switching acceptance rate: 0.1%.
93% completed. Chain switching acceptance rate: 0.1%.
94% completed. Chain switching acceptance rate: 0.1%.
95% completed. Chain switching acceptance rate: 0.1%.
96% completed. Chain switching acceptance rate: 0.1%.
97% completed. Chain switching acceptance rate: 0.1%.
98% completed. Chain switching acceptance rate: 0.1%.
99% completed. Chain switching acceptance rate: 0.1%.
100% completed. Chain switching acceptance rate: 0.1%.
1% completed. Chain switching acceptance rate: 60%.
2% completed. Chain switching acceptance rate: 53.3%.
3% completed. Chain switching acceptance rate: 53.3%.
4% completed. Chain switching acceptance rate: 51.7%.
5% completed. Chain switching acceptance rate: 49.3%.
6% completed. Chain switching acceptance rate: 50%.
7% completed. Chain switching acceptance rate: 48.6%.
8% completed. Chain switching acceptance rate: 50.8%.
9% completed. Chain switching acceptance rate: 49.6%.
10% completed. Chain switching acceptance rate: 48%.
11% completed. Chain switching acceptance rate: 49.1%.
12% completed. Chain switching acceptance rate: 47.2%.
13% completed. Chain switching acceptance rate: 47.2%.
14% completed. Chain switching acceptance rate: 47.1%.
15% completed. Chain switching acceptance rate: 46.7%.
16% completed. Chain switching acceptance rate: 47.1%.
17% completed. Chain switching acceptance rate: 46.7%.
18% completed. Chain switching acceptance rate: 45.6%.
19% completed. Chain switching acceptance rate: 44.9%.
20% completed. Chain switching acceptance rate: 43.7%.
21% completed. Chain switching acceptance rate: 42.5%.
22% completed. Chain switching acceptance rate: 42.7%.
23% completed. Chain switching acceptance rate: 42%.
24% completed. Chain switching acceptance rate: 41.4%.
25% completed. Chain switching acceptance rate: 40.5%.
26% completed. Chain switching acceptance rate: 40%.
27% completed. Chain switching acceptance rate: 39.3%.
28% completed. Chain switching acceptance rate: 38.6%.
29% completed. Chain switching acceptance rate: 37.9%.
30% completed. Chain switching acceptance rate: 37.8%.
31% completed. Chain switching acceptance rate: 36.8%.
32% completed. Chain switching acceptance rate: 36%.
33% completed. Chain switching acceptance rate: 35.4%.
34% completed. Chain switching acceptance rate: 34.5%.
35% completed. Chain switching acceptance rate: 34.1%.
36% completed. Chain switching acceptance rate: 34.6%.
37% completed. Chain switching acceptance rate: 34.8%.
38% completed. Chain switching acceptance rate: 34.9%.
39% completed. Chain switching acceptance rate: 35.6%.
40% completed. Chain switching acceptance rate: 35.5%.
41% completed. Chain switching acceptance rate: 35.6%.
42% completed. Chain switching acceptance rate: 35.7%.
43% completed. Chain switching acceptance rate: 36.1%.
44% completed. Chain switching acceptance rate: 36.8%.
45% completed. Chain switching acceptance rate: 37.2%.
46% completed. Chain switching acceptance rate: 37.2%.
47% completed. Chain switching acceptance rate: 37.4%.
48% completed. Chain switching acceptance rate: 37.5%.
49% completed. Chain switching acceptance rate: 37.8%.
50% completed. Chain switching acceptance rate: 37.3%.
51% completed. Chain switching acceptance rate: 37.4%.
52% completed. Chain switching acceptance rate: 37.6%.
53% completed. Chain switching acceptance rate: 37.5%.
54% completed. Chain switching acceptance rate: 38.1%.
55% completed. Chain switching acceptance rate: 38.1%.
56% completed. Chain switching acceptance rate: 38.2%.
57% completed. Chain switching acceptance rate: 37.9%.
58% completed. Chain switching acceptance rate: 38.2%.
59% completed. Chain switching acceptance rate: 38.4%.
60% completed. Chain switching acceptance rate: 38.1%.
61% completed. Chain switching acceptance rate: 38.3%.
62% completed. Chain switching acceptance rate: 38.3%.
63% completed. Chain switching acceptance rate: 38.2%.
64% completed. Chain switching acceptance rate: 38.4%.
65% completed. Chain switching acceptance rate: 38.2%.
66% completed. Chain switching acceptance rate: 38%.
67% completed. Chain switching acceptance rate: 37.8%.
68% completed. Chain switching acceptance rate: 37.5%.
69% completed. Chain switching acceptance rate: 37.3%.
70% completed. Chain switching acceptance rate: 37.8%.
71% completed. Chain switching acceptance rate: 37.8%.
72% completed. Chain switching acceptance rate: 37.8%.
73% completed. Chain switching acceptance rate: 38.1%.
74% completed. Chain switching acceptance rate: 37.9%.
75% completed. Chain switching acceptance rate: 37.9%.
76% completed. Chain switching acceptance rate: 38.1%.
77% completed. Chain switching acceptance rate: 38.4%.
78% completed. Chain switching acceptance rate: 38.5%.
79% completed. Chain switching acceptance rate: 38.5%.
80% completed. Chain switching acceptance rate: 38.6%.
81% completed. Chain switching acceptance rate: 38.7%.
82% completed. Chain switching acceptance rate: 38.5%.
83% completed. Chain switching acceptance rate: 38.4%.
84% completed. Chain switching acceptance rate: 38.2%.
85% completed. Chain switching acceptance rate: 37.8%.
86% completed. Chain switching acceptance rate: 37.7%.
87% completed. Chain switching acceptance rate: 37.5%.
88% completed. Chain switching acceptance rate: 37.7%.
89% completed. Chain switching acceptance rate: 37.4%.
90% completed. Chain switching acceptance rate: 37.3%.
91% completed. Chain switching acceptance rate: 37.1%.
92% completed. Chain switching acceptance rate: 37.2%.
93% completed. Chain switching acceptance rate: 37.2%.
94% completed. Chain switching acceptance rate: 37%.
95% completed. Chain switching acceptance rate: 37.1%.
96% completed. Chain switching acceptance rate: 37.3%.
97% completed. Chain switching acceptance rate: 37.3%.
98% completed. Chain switching acceptance rate: 37.3%.
99% completed. Chain switching acceptance rate: 37.4%.
100% completed. Chain switching acceptance rate: 37.5%.
1% completed. Chain switching acceptance rate: 46.7%.
2% completed. Chain switching acceptance rate: 33.3%.
3% completed. Chain switching acceptance rate: 28.9%.
4% completed. Chain switching acceptance rate: 30%.
5% completed. Chain switching acceptance rate: 25.3%.
6% completed. Chain switching acceptance rate: 21.1%.
7% completed. Chain switching acceptance rate: 19%.
8% completed. Chain switching acceptance rate: 18.3%.
9% completed. Chain switching acceptance rate: 16.3%.
10% completed. Chain switching acceptance rate: 14.7%.
11% completed. Chain switching acceptance rate: 13.3%.
12% completed. Chain switching acceptance rate: 13.3%.
13% completed. Chain switching acceptance rate: 12.3%.
14% completed. Chain switching acceptance rate: 11.9%.
15% completed. Chain switching acceptance rate: 11.6%.
16% completed. Chain switching acceptance rate: 11.2%.
17% completed. Chain switching acceptance rate: 11.4%.
18% completed. Chain switching acceptance rate: 10.7%.
19% completed. Chain switching acceptance rate: 10.5%.
20% completed. Chain switching acceptance rate: 10.3%.
21% completed. Chain switching acceptance rate: 10.2%.
22% completed. Chain switching acceptance rate: 10.3%.
23% completed. Chain switching acceptance rate: 10.4%.
24% completed. Chain switching acceptance rate: 10.3%.
25% completed. Chain switching acceptance rate: 10.1%.
26% completed. Chain switching acceptance rate: 9.7%.
27% completed. Chain switching acceptance rate: 9.4%.
28% completed. Chain switching acceptance rate: 9%.
29% completed. Chain switching acceptance rate: 8.7%.
30% completed. Chain switching acceptance rate: 8.9%.
31% completed. Chain switching acceptance rate: 8.8%.
32% completed. Chain switching acceptance rate: 8.5%.
33% completed. Chain switching acceptance rate: 8.3%.
34% completed. Chain switching acceptance rate: 8.4%.
35% completed. Chain switching acceptance rate: 8.4%.
36% completed. Chain switching acceptance rate: 8.3%.
37% completed. Chain switching acceptance rate: 8.5%.
38% completed. Chain switching acceptance rate: 8.6%.
39% completed. Chain switching acceptance rate: 8.4%.
40% completed. Chain switching acceptance rate: 8.2%.
41% completed. Chain switching acceptance rate: 8.3%.
42% completed. Chain switching acceptance rate: 8.1%.
43% completed. Chain switching acceptance rate: 7.9%.
44% completed. Chain switching acceptance rate: 8%.
45% completed. Chain switching acceptance rate: 8%.
46% completed. Chain switching acceptance rate: 8%.
47% completed. Chain switching acceptance rate: 7.9%.
48% completed. Chain switching acceptance rate: 8.2%.
49% completed. Chain switching acceptance rate: 8.2%.
50% completed. Chain switching acceptance rate: 8.1%.
51% completed. Chain switching acceptance rate: 8%.
52% completed. Chain switching acceptance rate: 7.8%.
53% completed. Chain switching acceptance rate: 7.7%.
54% completed. Chain switching acceptance rate: 7.5%.
55% completed. Chain switching acceptance rate: 7.5%.
56% completed. Chain switching acceptance rate: 7.5%.
57% completed. Chain switching acceptance rate: 7.5%.
58% completed. Chain switching acceptance rate: 7.4%.
59% completed. Chain switching acceptance rate: 7.2%.
60% completed. Chain switching acceptance rate: 7.1%.
61% completed. Chain switching acceptance rate: 7.2%.
62% completed. Chain switching acceptance rate: 7.1%.
63% completed. Chain switching acceptance rate: 7.2%.
64% completed. Chain switching acceptance rate: 7.2%.
65% completed. Chain switching acceptance rate: 7.2%.
66% completed. Chain switching acceptance rate: 7.7%.
67% completed. Chain switching acceptance rate: 7.6%.
68% completed. Chain switching acceptance rate: 7.5%.
69% completed. Chain switching acceptance rate: 7.3%.
70% completed. Chain switching acceptance rate: 7.2%.
71% completed. Chain switching acceptance rate: 7.5%.
72% completed. Chain switching acceptance rate: 7.4%.
73% completed. Chain switching acceptance rate: 7.6%.
74% completed. Chain switching acceptance rate: 7.6%.
75% completed. Chain switching acceptance rate: 7.6%.
76% completed. Chain switching acceptance rate: 7.5%.
77% completed. Chain switching acceptance rate: 7.6%.
78% completed. Chain switching acceptance rate: 7.6%.
79% completed. Chain switching acceptance rate: 7.7%.
80% completed. Chain switching acceptance rate: 7.6%.
81% completed. Chain switching acceptance rate: 7.7%.
82% completed. Chain switching acceptance rate: 7.6%.
83% completed. Chain switching acceptance rate: 7.6%.
84% completed. Chain switching acceptance rate: 7.8%.
85% completed. Chain switching acceptance rate: 7.7%.
86% completed. Chain switching acceptance rate: 7.6%.
87% completed. Chain switching acceptance rate: 7.6%.
88% completed. Chain switching acceptance rate: 7.6%.
89% completed. Chain switching acceptance rate: 7.6%.
90% completed. Chain switching acceptance rate: 7.6%.
91% completed. Chain switching acceptance rate: 7.5%.
92% completed. Chain switching acceptance rate: 7.5%.
93% completed. Chain switching acceptance rate: 7.4%.
94% completed. Chain switching acceptance rate: 7.3%.
95% completed. Chain switching acceptance rate: 7.3%.
96% completed. Chain switching acceptance rate: 7.2%.
97% completed. Chain switching acceptance rate: 7.4%.
98% completed. Chain switching acceptance rate: 7.3%.
99% completed. Chain switching acceptance rate: 7.3%.
100% completed. Chain switching acceptance rate: 7.5%.
1% completed. Chain switching acceptance rate: 26.7%.
2% completed. Chain switching acceptance rate: 16.7%.
3% completed. Chain switching acceptance rate: 11.1%.
4% completed. Chain switching acceptance rate: 8.3%.
5% completed. Chain switching acceptance rate: 6.7%.
6% completed. Chain switching acceptance rate: 5.6%.
7% completed. Chain switching acceptance rate: 4.8%.
8% completed. Chain switching acceptance rate: 4.2%.
9% completed. Chain switching acceptance rate: 3.7%.
10% completed. Chain switching acceptance rate: 3.3%.
11% completed. Chain switching acceptance rate: 3%.
12% completed. Chain switching acceptance rate: 2.8%.
13% completed. Chain switching acceptance rate: 2.6%.
14% completed. Chain switching acceptance rate: 2.4%.
15% completed. Chain switching acceptance rate: 2.2%.
16% completed. Chain switching acceptance rate: 2.1%.
17% completed. Chain switching acceptance rate: 2%.
18% completed. Chain switching acceptance rate: 1.9%.
19% completed. Chain switching acceptance rate: 1.8%.
20% completed. Chain switching acceptance rate: 1.7%.
21% completed. Chain switching acceptance rate: 1.6%.
22% completed. Chain switching acceptance rate: 1.5%.
23% completed. Chain switching acceptance rate: 1.4%.
24% completed. Chain switching acceptance rate: 1.4%.
25% completed. Chain switching acceptance rate: 1.3%.
26% completed. Chain switching acceptance rate: 1.3%.
27% completed. Chain switching acceptance rate: 1.2%.
28% completed. Chain switching acceptance rate: 1.2%.
29% completed. Chain switching acceptance rate: 1.1%.
30% completed. Chain switching acceptance rate: 1.1%.
31% completed. Chain switching acceptance rate: 1.1%.
32% completed. Chain switching acceptance rate: 1%.
33% completed. Chain switching acceptance rate: 1%.
34% completed. Chain switching acceptance rate: 1%.
35% completed. Chain switching acceptance rate: 1%.
36% completed. Chain switching acceptance rate: 0.9%.
37% completed. Chain switching acceptance rate: 0.9%.
38% completed. Chain switching acceptance rate: 0.9%.
39% completed. Chain switching acceptance rate: 0.9%.
40% completed. Chain switching acceptance rate: 0.8%.
41% completed. Chain switching acceptance rate: 0.8%.
42% completed. Chain switching acceptance rate: 0.8%.
43% completed. Chain switching acceptance rate: 0.8%.
44% completed. Chain switching acceptance rate: 0.8%.
45% completed. Chain switching acceptance rate: 0.7%.
46% completed. Chain switching acceptance rate: 0.7%.
47% completed. Chain switching acceptance rate: 0.7%.
48% completed. Chain switching acceptance rate: 0.7%.
49% completed. Chain switching acceptance rate: 0.7%.
50% completed. Chain switching acceptance rate: 0.7%.
51% completed. Chain switching acceptance rate: 0.7%.
52% completed. Chain switching acceptance rate: 0.6%.
53% completed. Chain switching acceptance rate: 0.6%.
54% completed. Chain switching acceptance rate: 0.6%.
55% completed. Chain switching acceptance rate: 0.6%.
56% completed. Chain switching acceptance rate: 0.6%.
57% completed. Chain switching acceptance rate: 0.6%.
58% completed. Chain switching acceptance rate: 0.6%.
59% completed. Chain switching acceptance rate: 0.6%.
60% completed. Chain switching acceptance rate: 0.6%.
61% completed. Chain switching acceptance rate: 0.5%.
62% completed. Chain switching acceptance rate: 0.5%.
63% completed. Chain switching acceptance rate: 0.5%.
64% completed. Chain switching acceptance rate: 0.5%.
65% completed. Chain switching acceptance rate: 0.5%.
66% completed. Chain switching acceptance rate: 0.5%.
67% completed. Chain switching acceptance rate: 0.5%.
68% completed. Chain switching acceptance rate: 0.5%.
69% completed. Chain switching acceptance rate: 0.5%.
70% completed. Chain switching acceptance rate: 0.5%.
71% completed. Chain switching acceptance rate: 0.5%.
72% completed. Chain switching acceptance rate: 0.5%.
73% completed. Chain switching acceptance rate: 0.5%.
74% completed. Chain switching acceptance rate: 0.5%.
75% completed. Chain switching acceptance rate: 0.4%.
76% completed. Chain switching acceptance rate: 0.4%.
77% completed. Chain switching acceptance rate: 0.4%.
78% completed. Chain switching acceptance rate: 0.4%.
79% completed. Chain switching acceptance rate: 0.4%.
80% completed. Chain switching acceptance rate: 0.4%.
81% completed. Chain switching acceptance rate: 0.4%.
82% completed. Chain switching acceptance rate: 0.4%.
83% completed. Chain switching acceptance rate: 0.4%.
84% completed. Chain switching acceptance rate: 0.4%.
85% completed. Chain switching acceptance rate: 0.4%.
86% completed. Chain switching acceptance rate: 0.4%.
87% completed. Chain switching acceptance rate: 0.4%.
88% completed. Chain switching acceptance rate: 0.4%.
89% completed. Chain switching acceptance rate: 0.4%.
90% completed. Chain switching acceptance rate: 0.4%.
91% completed. Chain switching acceptance rate: 0.4%.
92% completed. Chain switching acceptance rate: 0.4%.
93% completed. Chain switching acceptance rate: 0.4%.
94% completed. Chain switching acceptance rate: 0.4%.
95% completed. Chain switching acceptance rate: 0.4%.
96% completed. Chain switching acceptance rate: 0.3%.
97% completed. Chain switching acceptance rate: 0.3%.
98% completed. Chain switching acceptance rate: 0.3%.
99% completed. Chain switching acceptance rate: 0.3%.
100% completed. Chain switching acceptance rate: 0.3%.
1% completed. Chain switching acceptance rate: 6.7%.
2% completed. Chain switching acceptance rate: 3.3%.
3% completed. Chain switching acceptance rate: 2.2%.
4% completed. Chain switching acceptance rate: 1.7%.
5% completed. Chain switching acceptance rate: 1.3%.
6% completed. Chain switching acceptance rate: 1.1%.
7% completed. Chain switching acceptance rate: 1%.
8% completed. Chain switching acceptance rate: 0.8%.
9% completed. Chain switching acceptance rate: 0.7%.
10% completed. Chain switching acceptance rate: 0.7%.
11% completed. Chain switching acceptance rate: 0.6%.
12% completed. Chain switching acceptance rate: 0.6%.
13% completed. Chain switching acceptance rate: 0.5%.
14% completed. Chain switching acceptance rate: 0.5%.
15% completed. Chain switching acceptance rate: 0.4%.
16% completed. Chain switching acceptance rate: 0.4%.
17% completed. Chain switching acceptance rate: 0.4%.
18% completed. Chain switching acceptance rate: 0.4%.
19% completed. Chain switching acceptance rate: 0.4%.
20% completed. Chain switching acceptance rate: 0.3%.
21% completed. Chain switching acceptance rate: 0.3%.
22% completed. Chain switching acceptance rate: 0.3%.
23% completed. Chain switching acceptance rate: 0.3%.
24% completed. Chain switching acceptance rate: 0.3%.
25% completed. Chain switching acceptance rate: 0.3%.
26% completed. Chain switching acceptance rate: 0.3%.
27% completed. Chain switching acceptance rate: 0.2%.
28% completed. Chain switching acceptance rate: 0.2%.
29% completed. Chain switching acceptance rate: 0.2%.
30% completed. Chain switching acceptance rate: 0.2%.
31% completed. Chain switching acceptance rate: 0.2%.
32% completed. Chain switching acceptance rate: 0.2%.
33% completed. Chain switching acceptance rate: 0.2%.
34% completed. Chain switching acceptance rate: 0.2%.
35% completed. Chain switching acceptance rate: 0.2%.
36% completed. Chain switching acceptance rate: 0.2%.
37% completed. Chain switching acceptance rate: 0.2%.
38% completed. Chain switching acceptance rate: 0.2%.
39% completed. Chain switching acceptance rate: 0.2%.
40% completed. Chain switching acceptance rate: 0.2%.
41% completed. Chain switching acceptance rate: 0.2%.
42% completed. Chain switching acceptance rate: 0.2%.
43% completed. Chain switching acceptance rate: 0.2%.
44% completed. Chain switching acceptance rate: 0.2%.
45% completed. Chain switching acceptance rate: 0.1%.
46% completed. Chain switching acceptance rate: 0.1%.
47% completed. Chain switching acceptance rate: 0.1%.
48% completed. Chain switching acceptance rate: 0.1%.
49% completed. Chain switching acceptance rate: 0.1%.
50% completed. Chain switching acceptance rate: 0.1%.
51% completed. Chain switching acceptance rate: 0.1%.
52% completed. Chain switching acceptance rate: 0.1%.
53% completed. Chain switching acceptance rate: 0.1%.
54% completed. Chain switching acceptance rate: 0.1%.
55% completed. Chain switching acceptance rate: 0.1%.
56% completed. Chain switching acceptance rate: 0.1%.
57% completed. Chain switching acceptance rate: 0.1%.
58% completed. Chain switching acceptance rate: 0.1%.
59% completed. Chain switching acceptance rate: 0.1%.
60% completed. Chain switching acceptance rate: 0.1%.
61% completed. Chain switching acceptance rate: 0.1%.
62% completed. Chain switching acceptance rate: 0.1%.
63% completed. Chain switching acceptance rate: 0.1%.
64% completed. Chain switching acceptance rate: 0.1%.
65% completed. Chain switching acceptance rate: 0.1%.
66% completed. Chain switching acceptance rate: 0.1%.
67% completed. Chain switching acceptance rate: 0.1%.
68% completed. Chain switching acceptance rate: 0.1%.
69% completed. Chain switching acceptance rate: 0.1%.
70% completed. Chain switching acceptance rate: 0.1%.
71% completed. Chain switching acceptance rate: 0.1%.
72% completed. Chain switching acceptance rate: 0.1%.
73% completed. Chain switching acceptance rate: 0.1%.
74% completed. Chain switching acceptance rate: 0.1%.
75% completed. Chain switching acceptance rate: 0.1%.
76% completed. Chain switching acceptance rate: 0.1%.
77% completed. Chain switching acceptance rate: 0.1%.
78% completed. Chain switching acceptance rate: 0.1%.
79% completed. Chain switching acceptance rate: 0.1%.
80% completed. Chain switching acceptance rate: 0.1%.
81% completed. Chain switching acceptance rate: 0.1%.
82% completed. Chain switching acceptance rate: 0.1%.
83% completed. Chain switching acceptance rate: 0.1%.
84% completed. Chain switching acceptance rate: 0.1%.
85% completed. Chain switching acceptance rate: 0.1%.
86% completed. Chain switching acceptance rate: 0.1%.
87% completed. Chain switching acceptance rate: 0.1%.
88% completed. Chain switching acceptance rate: 0.1%.
89% completed. Chain switching acceptance rate: 0.1%.
90% completed. Chain switching acceptance rate: 0.1%.
91% completed. Chain switching acceptance rate: 0.1%.
92% completed. Chain switching acceptance rate: 0.1%.
93% completed. Chain switching acceptance rate: 0.1%.
94% completed. Chain switching acceptance rate: 0.1%.
95% completed. Chain switching acceptance rate: 0.1%.
96% completed. Chain switching acceptance rate: 0.1%.
97% completed. Chain switching acceptance rate: 0.1%.
98% completed. Chain switching acceptance rate: 0.1%.
99% completed. Chain switching acceptance rate: 0.1%.
100% completed. Chain switching acceptance rate: 0.1%.
1% completed. Chain switching acceptance rate: 46.7%.
2% completed. Chain switching acceptance rate: 40%.
3% completed. Chain switching acceptance rate: 33.3%.
4% completed. Chain switching acceptance rate: 46.7%.
5% completed. Chain switching acceptance rate: 42.7%.
6% completed. Chain switching acceptance rate: 42.2%.
7% completed. Chain switching acceptance rate: 43.8%.
8% completed. Chain switching acceptance rate: 44.2%.
9% completed. Chain switching acceptance rate: 43.7%.
10% completed. Chain switching acceptance rate: 43.3%.
11% completed. Chain switching acceptance rate: 46.1%.
12% completed. Chain switching acceptance rate: 46.7%.
13% completed. Chain switching acceptance rate: 45.1%.
14% completed. Chain switching acceptance rate: 46.2%.
15% completed. Chain switching acceptance rate: 47.1%.
16% completed. Chain switching acceptance rate: 47.9%.
17% completed. Chain switching acceptance rate: 46.7%.
18% completed. Chain switching acceptance rate: 47.4%.
19% completed. Chain switching acceptance rate: 47.4%.
20% completed. Chain switching acceptance rate: 48%.
21% completed. Chain switching acceptance rate: 49.2%.
22% completed. Chain switching acceptance rate: 49.4%.
23% completed. Chain switching acceptance rate: 49.6%.
24% completed. Chain switching acceptance rate: 49.2%.
25% completed. Chain switching acceptance rate: 49.3%.
26% completed. Chain switching acceptance rate: 50.3%.
27% completed. Chain switching acceptance rate: 49.9%.
28% completed. Chain switching acceptance rate: 49.3%.
29% completed. Chain switching acceptance rate: 49%.
30% completed. Chain switching acceptance rate: 48.4%.
31% completed. Chain switching acceptance rate: 48%.
32% completed. Chain switching acceptance rate: 47.7%.
33% completed. Chain switching acceptance rate: 47.7%.
34% completed. Chain switching acceptance rate: 47.8%.
35% completed. Chain switching acceptance rate: 47.4%.
36% completed. Chain switching acceptance rate: 47.6%.
37% completed. Chain switching acceptance rate: 47.9%.
38% completed. Chain switching acceptance rate: 47.9%.
39% completed. Chain switching acceptance rate: 47.4%.
40% completed. Chain switching acceptance rate: 47.8%.
41% completed. Chain switching acceptance rate: 47.5%.
42% completed. Chain switching acceptance rate: 47.5%.
43% completed. Chain switching acceptance rate: 47.8%.
44% completed. Chain switching acceptance rate: 47.6%.
45% completed. Chain switching acceptance rate: 47.3%.
46% completed. Chain switching acceptance rate: 47.1%.
47% completed. Chain switching acceptance rate: 47.1%.
48% completed. Chain switching acceptance rate: 47.2%.
49% completed. Chain switching acceptance rate: 47.1%.
50% completed. Chain switching acceptance rate: 47.5%.
51% completed. Chain switching acceptance rate: 47.2%.
52% completed. Chain switching acceptance rate: 47.3%.
53% completed. Chain switching acceptance rate: 47.2%.
54% completed. Chain switching acceptance rate: 46.9%.
55% completed. Chain switching acceptance rate: 47.2%.
56% completed. Chain switching acceptance rate: 46.9%.
57% completed. Chain switching acceptance rate: 46.9%.
58% completed. Chain switching acceptance rate: 46.9%.
59% completed. Chain switching acceptance rate: 47.2%.
60% completed. Chain switching acceptance rate: 47.1%.
61% completed. Chain switching acceptance rate: 47%.
62% completed. Chain switching acceptance rate: 47%.
63% completed. Chain switching acceptance rate: 46.9%.
64% completed. Chain switching acceptance rate: 46.7%.
65% completed. Chain switching acceptance rate: 46.9%.
66% completed. Chain switching acceptance rate: 46.9%.
67% completed. Chain switching acceptance rate: 46.8%.
68% completed. Chain switching acceptance rate: 46.9%.
69% completed. Chain switching acceptance rate: 46.8%.
70% completed. Chain switching acceptance rate: 46.7%.
71% completed. Chain switching acceptance rate: 46.8%.
72% completed. Chain switching acceptance rate: 47%.
73% completed. Chain switching acceptance rate: 47.2%.
74% completed. Chain switching acceptance rate: 47.2%.
75% completed. Chain switching acceptance rate: 47.3%.
76% completed. Chain switching acceptance rate: 47.5%.
77% completed. Chain switching acceptance rate: 47.4%.
78% completed. Chain switching acceptance rate: 47.5%.
79% completed. Chain switching acceptance rate: 47.5%.
80% completed. Chain switching acceptance rate: 47.7%.
81% completed. Chain switching acceptance rate: 47.8%.
82% completed. Chain switching acceptance rate: 47.7%.
83% completed. Chain switching acceptance rate: 47.6%.
84% completed. Chain switching acceptance rate: 47.4%.
85% completed. Chain switching acceptance rate: 47.5%.
86% completed. Chain switching acceptance rate: 47.7%.
87% completed. Chain switching acceptance rate: 47.5%.
88% completed. Chain switching acceptance rate: 47.3%.
89% completed. Chain switching acceptance rate: 47.3%.
90% completed. Chain switching acceptance rate: 47.3%.
91% completed. Chain switching acceptance rate: 47%.
92% completed. Chain switching acceptance rate: 47%.
93% completed. Chain switching acceptance rate: 47%.
94% completed. Chain switching acceptance rate: 47.3%.
95% completed. Chain switching acceptance rate: 47.1%.
96% completed. Chain switching acceptance rate: 47.2%.
97% completed. Chain switching acceptance rate: 47.1%.
98% completed. Chain switching acceptance rate: 47.1%.
99% completed. Chain switching acceptance rate: 47.1%.
100% completed. Chain switching acceptance rate: 47.3%.
1% completed. Chain switching acceptance rate: 46.7%.
2% completed. Chain switching acceptance rate: 30%.
3% completed. Chain switching acceptance rate: 24.4%.
4% completed. Chain switching acceptance rate: 20%.
5% completed. Chain switching acceptance rate: 21.3%.
6% completed. Chain switching acceptance rate: 21.1%.
7% completed. Chain switching acceptance rate: 19%.
8% completed. Chain switching acceptance rate: 17.5%.
9% completed. Chain switching acceptance rate: 20%.
10% completed. Chain switching acceptance rate: 20%.
11% completed. Chain switching acceptance rate: 19.4%.
12% completed. Chain switching acceptance rate: 17.8%.
13% completed. Chain switching acceptance rate: 16.9%.
14% completed. Chain switching acceptance rate: 15.7%.
15% completed. Chain switching acceptance rate: 16%.
16% completed. Chain switching acceptance rate: 15%.
17% completed. Chain switching acceptance rate: 14.9%.
18% completed. Chain switching acceptance rate: 14.8%.
19% completed. Chain switching acceptance rate: 14%.
20% completed. Chain switching acceptance rate: 13.3%.
21% completed. Chain switching acceptance rate: 13.7%.
22% completed. Chain switching acceptance rate: 14.2%.
23% completed. Chain switching acceptance rate: 14.5%.
24% completed. Chain switching acceptance rate: 14.2%.
25% completed. Chain switching acceptance rate: 13.6%.
26% completed. Chain switching acceptance rate: 13.6%.
27% completed. Chain switching acceptance rate: 13.6%.
28% completed. Chain switching acceptance rate: 14%.
29% completed. Chain switching acceptance rate: 13.6%.
30% completed. Chain switching acceptance rate: 13.3%.
31% completed. Chain switching acceptance rate: 13.1%.
32% completed. Chain switching acceptance rate: 13.3%.
33% completed. Chain switching acceptance rate: 13.3%.
34% completed. Chain switching acceptance rate: 13.5%.
35% completed. Chain switching acceptance rate: 13.3%.
36% completed. Chain switching acceptance rate: 13.1%.
37% completed. Chain switching acceptance rate: 13.2%.
38% completed. Chain switching acceptance rate: 13.5%.
39% completed. Chain switching acceptance rate: 13.2%.
40% completed. Chain switching acceptance rate: 13.5%.
41% completed. Chain switching acceptance rate: 13.8%.
42% completed. Chain switching acceptance rate: 14.1%.
43% completed. Chain switching acceptance rate: 14.1%.
44% completed. Chain switching acceptance rate: 14.1%.
45% completed. Chain switching acceptance rate: 13.9%.
46% completed. Chain switching acceptance rate: 13.9%.
47% completed. Chain switching acceptance rate: 13.9%.
48% completed. Chain switching acceptance rate: 13.9%.
49% completed. Chain switching acceptance rate: 13.9%.
50% completed. Chain switching acceptance rate: 14.1%.
51% completed. Chain switching acceptance rate: 14.1%.
52% completed. Chain switching acceptance rate: 14.1%.
53% completed. Chain switching acceptance rate: 14.1%.
54% completed. Chain switching acceptance rate: 14.1%.
55% completed. Chain switching acceptance rate: 13.9%.
56% completed. Chain switching acceptance rate: 13.9%.
57% completed. Chain switching acceptance rate: 13.8%.
58% completed. Chain switching acceptance rate: 13.7%.
59% completed. Chain switching acceptance rate: 13.4%.
60% completed. Chain switching acceptance rate: 13.3%.
61% completed. Chain switching acceptance rate: 13.3%.
62% completed. Chain switching acceptance rate: 13.1%.
63% completed. Chain switching acceptance rate: 13.2%.
64% completed. Chain switching acceptance rate: 13.1%.
65% completed. Chain switching acceptance rate: 13%.
66% completed. Chain switching acceptance rate: 13%.
67% completed. Chain switching acceptance rate: 12.9%.
68% completed. Chain switching acceptance rate: 12.8%.
69% completed. Chain switching acceptance rate: 12.7%.
70% completed. Chain switching acceptance rate: 12.7%.
71% completed. Chain switching acceptance rate: 12.6%.
72% completed. Chain switching acceptance rate: 12.5%.
73% completed. Chain switching acceptance rate: 12.4%.
74% completed. Chain switching acceptance rate: 12.3%.
75% completed. Chain switching acceptance rate: 12.4%.
76% completed. Chain switching acceptance rate: 12.3%.
77% completed. Chain switching acceptance rate: 12.2%.
78% completed. Chain switching acceptance rate: 12.2%.
79% completed. Chain switching acceptance rate: 12.2%.
80% completed. Chain switching acceptance rate: 12.2%.
81% completed. Chain switching acceptance rate: 12%.
82% completed. Chain switching acceptance rate: 12.1%.
83% completed. Chain switching acceptance rate: 12.2%.
84% completed. Chain switching acceptance rate: 12.3%.
85% completed. Chain switching acceptance rate: 12.2%.
86% completed. Chain switching acceptance rate: 12.6%.
87% completed. Chain switching acceptance rate: 12.6%.
88% completed. Chain switching acceptance rate: 12.6%.
89% completed. Chain switching acceptance rate: 12.7%.
90% completed. Chain switching acceptance rate: 12.6%.
91% completed. Chain switching acceptance rate: 12.5%.
92% completed. Chain switching acceptance rate: 12.5%.
93% completed. Chain switching acceptance rate: 12.4%.
94% completed. Chain switching acceptance rate: 12.6%.
95% completed. Chain switching acceptance rate: 12.7%.
96% completed. Chain switching acceptance rate: 12.6%.
97% completed. Chain switching acceptance rate: 12.7%.
98% completed. Chain switching acceptance rate: 12.6%.
99% completed. Chain switching acceptance rate: 12.7%.
100% completed. Chain switching acceptance rate: 12.7%.
1% completed. Chain switching acceptance rate: 13.3%.
2% completed. Chain switching acceptance rate: 6.7%.
3% completed. Chain switching acceptance rate: 4.4%.
4% completed. Chain switching acceptance rate: 3.3%.
5% completed. Chain switching acceptance rate: 2.7%.
6% completed. Chain switching acceptance rate: 3.3%.
7% completed. Chain switching acceptance rate: 2.9%.
8% completed. Chain switching acceptance rate: 2.5%.
9% completed. Chain switching acceptance rate: 2.2%.
10% completed. Chain switching acceptance rate: 2%.
11% completed. Chain switching acceptance rate: 1.8%.
12% completed. Chain switching acceptance rate: 1.7%.
13% completed. Chain switching acceptance rate: 1.5%.
14% completed. Chain switching acceptance rate: 1.4%.
15% completed. Chain switching acceptance rate: 1.3%.
16% completed. Chain switching acceptance rate: 1.3%.
17% completed. Chain switching acceptance rate: 1.2%.
18% completed. Chain switching acceptance rate: 1.1%.
19% completed. Chain switching acceptance rate: 1.1%.
20% completed. Chain switching acceptance rate: 1%.
21% completed. Chain switching acceptance rate: 1%.
22% completed. Chain switching acceptance rate: 0.9%.
23% completed. Chain switching acceptance rate: 0.9%.
24% completed. Chain switching acceptance rate: 0.8%.
25% completed. Chain switching acceptance rate: 0.8%.
26% completed. Chain switching acceptance rate: 0.8%.
27% completed. Chain switching acceptance rate: 0.7%.
28% completed. Chain switching acceptance rate: 0.7%.
29% completed. Chain switching acceptance rate: 0.7%.
30% completed. Chain switching acceptance rate: 0.7%.
31% completed. Chain switching acceptance rate: 0.6%.
32% completed. Chain switching acceptance rate: 0.6%.
33% completed. Chain switching acceptance rate: 0.6%.
34% completed. Chain switching acceptance rate: 0.6%.
35% completed. Chain switching acceptance rate: 0.6%.
36% completed. Chain switching acceptance rate: 0.6%.
37% completed. Chain switching acceptance rate: 0.5%.
38% completed. Chain switching acceptance rate: 0.5%.
39% completed. Chain switching acceptance rate: 0.5%.
40% completed. Chain switching acceptance rate: 0.5%.
41% completed. Chain switching acceptance rate: 0.5%.
42% completed. Chain switching acceptance rate: 0.5%.
43% completed. Chain switching acceptance rate: 0.5%.
44% completed. Chain switching acceptance rate: 0.5%.
45% completed. Chain switching acceptance rate: 0.4%.
46% completed. Chain switching acceptance rate: 0.6%.
47% completed. Chain switching acceptance rate: 0.6%.
48% completed. Chain switching acceptance rate: 0.6%.
49% completed. Chain switching acceptance rate: 0.5%.
50% completed. Chain switching acceptance rate: 0.5%.
51% completed. Chain switching acceptance rate: 0.5%.
52% completed. Chain switching acceptance rate: 0.5%.
53% completed. Chain switching acceptance rate: 0.5%.
54% completed. Chain switching acceptance rate: 0.5%.
55% completed. Chain switching acceptance rate: 0.5%.
56% completed. Chain switching acceptance rate: 0.5%.
57% completed. Chain switching acceptance rate: 0.5%.
58% completed. Chain switching acceptance rate: 0.5%.
59% completed. Chain switching acceptance rate: 0.5%.
60% completed. Chain switching acceptance rate: 0.6%.
61% completed. Chain switching acceptance rate: 0.5%.
62% completed. Chain switching acceptance rate: 0.5%.
63% completed. Chain switching acceptance rate: 0.5%.
64% completed. Chain switching acceptance rate: 0.5%.
65% completed. Chain switching acceptance rate: 0.5%.
66% completed. Chain switching acceptance rate: 0.5%.
67% completed. Chain switching acceptance rate: 0.5%.
68% completed. Chain switching acceptance rate: 0.5%.
69% completed. Chain switching acceptance rate: 0.5%.
70% completed. Chain switching acceptance rate: 0.5%.
71% completed. Chain switching acceptance rate: 0.5%.
72% completed. Chain switching acceptance rate: 0.5%.
73% completed. Chain switching acceptance rate: 0.5%.
74% completed. Chain switching acceptance rate: 0.5%.
75% completed. Chain switching acceptance rate: 0.4%.
76% completed. Chain switching acceptance rate: 0.4%.
77% completed. Chain switching acceptance rate: 0.4%.
78% completed. Chain switching acceptance rate: 0.4%.
79% completed. Chain switching acceptance rate: 0.4%.
80% completed. Chain switching acceptance rate: 0.4%.
81% completed. Chain switching acceptance rate: 0.4%.
82% completed. Chain switching acceptance rate: 0.4%.
83% completed. Chain switching acceptance rate: 0.4%.
84% completed. Chain switching acceptance rate: 0.4%.
85% completed. Chain switching acceptance rate: 0.4%.
86% completed. Chain switching acceptance rate: 0.4%.
87% completed. Chain switching acceptance rate: 0.4%.
88% completed. Chain switching acceptance rate: 0.4%.
89% completed. Chain switching acceptance rate: 0.4%.
90% completed. Chain switching acceptance rate: 0.4%.
91% completed. Chain switching acceptance rate: 0.4%.
92% completed. Chain switching acceptance rate: 0.4%.
93% completed. Chain switching acceptance rate: 0.4%.
94% completed. Chain switching acceptance rate: 0.4%.
95% completed. Chain switching acceptance rate: 0.4%.
96% completed. Chain switching acceptance rate: 0.3%.
97% completed. Chain switching acceptance rate: 0.3%.
98% completed. Chain switching acceptance rate: 0.3%.
99% completed. Chain switching acceptance rate: 0.3%.
100% completed. Chain switching acceptance rate: 0.4%.
1% completed. Chain switching acceptance rate: 6.7%.
2% completed. Chain switching acceptance rate: 3.3%.
3% completed. Chain switching acceptance rate: 2.2%.
4% completed. Chain switching acceptance rate: 1.7%.
5% completed. Chain switching acceptance rate: 1.3%.
6% completed. Chain switching acceptance rate: 1.1%.
7% completed. Chain switching acceptance rate: 1%.
8% completed. Chain switching acceptance rate: 0.8%.
9% completed. Chain switching acceptance rate: 0.7%.
10% completed. Chain switching acceptance rate: 0.7%.
11% completed. Chain switching acceptance rate: 0.6%.
12% completed. Chain switching acceptance rate: 0.6%.
13% completed. Chain switching acceptance rate: 0.5%.
14% completed. Chain switching acceptance rate: 0.5%.
15% completed. Chain switching acceptance rate: 0.4%.
16% completed. Chain switching acceptance rate: 0.4%.
17% completed. Chain switching acceptance rate: 0.4%.
18% completed. Chain switching acceptance rate: 0.4%.
19% completed. Chain switching acceptance rate: 0.4%.
20% completed. Chain switching acceptance rate: 0.3%.
21% completed. Chain switching acceptance rate: 0.3%.
22% completed. Chain switching acceptance rate: 0.3%.
23% completed. Chain switching acceptance rate: 0.3%.
24% completed. Chain switching acceptance rate: 0.3%.
25% completed. Chain switching acceptance rate: 0.3%.
26% completed. Chain switching acceptance rate: 0.3%.
27% completed. Chain switching acceptance rate: 0.2%.
28% completed. Chain switching acceptance rate: 0.2%.
29% completed. Chain switching acceptance rate: 0.2%.
30% completed. Chain switching acceptance rate: 0.2%.
31% completed. Chain switching acceptance rate: 0.2%.
32% completed. Chain switching acceptance rate: 0.2%.
33% completed. Chain switching acceptance rate: 0.2%.
34% completed. Chain switching acceptance rate: 0.2%.
35% completed. Chain switching acceptance rate: 0.2%.
36% completed. Chain switching acceptance rate: 0.2%.
37% completed. Chain switching acceptance rate: 0.2%.
38% completed. Chain switching acceptance rate: 0.2%.
39% completed. Chain switching acceptance rate: 0.2%.
40% completed. Chain switching acceptance rate: 0.2%.
41% completed. Chain switching acceptance rate: 0.2%.
42% completed. Chain switching acceptance rate: 0.2%.
43% completed. Chain switching acceptance rate: 0.2%.
44% completed. Chain switching acceptance rate: 0.2%.
45% completed. Chain switching acceptance rate: 0.1%.
46% completed. Chain switching acceptance rate: 0.1%.
47% completed. Chain switching acceptance rate: 0.1%.
48% completed. Chain switching acceptance rate: 0.1%.
49% completed. Chain switching acceptance rate: 0.1%.
50% completed. Chain switching acceptance rate: 0.1%.
51% completed. Chain switching acceptance rate: 0.1%.
52% completed. Chain switching acceptance rate: 0.1%.
53% completed. Chain switching acceptance rate: 0.1%.
54% completed. Chain switching acceptance rate: 0.1%.
55% completed. Chain switching acceptance rate: 0.1%.
56% completed. Chain switching acceptance rate: 0.1%.
57% completed. Chain switching acceptance rate: 0.1%.
58% completed. Chain switching acceptance rate: 0.1%.
59% completed. Chain switching acceptance rate: 0.1%.
60% completed. Chain switching acceptance rate: 0.1%.
61% completed. Chain switching acceptance rate: 0.1%.
62% completed. Chain switching acceptance rate: 0.1%.
63% completed. Chain switching acceptance rate: 0.1%.
64% completed. Chain switching acceptance rate: 0.1%.
65% completed. Chain switching acceptance rate: 0.1%.
66% completed. Chain switching acceptance rate: 0.1%.
67% completed. Chain switching acceptance rate: 0.1%.
68% completed. Chain switching acceptance rate: 0.1%.
69% completed. Chain switching acceptance rate: 0.1%.
70% completed. Chain switching acceptance rate: 0.1%.
71% completed. Chain switching acceptance rate: 0.1%.
72% completed. Chain switching acceptance rate: 0.1%.
73% completed. Chain switching acceptance rate: 0.1%.
74% completed. Chain switching acceptance rate: 0.1%.
75% completed. Chain switching acceptance rate: 0.1%.
76% completed. Chain switching acceptance rate: 0.1%.
77% completed. Chain switching acceptance rate: 0.1%.
78% completed. Chain switching acceptance rate: 0.1%.
79% completed. Chain switching acceptance rate: 0.1%.
80% completed. Chain switching acceptance rate: 0.1%.
81% completed. Chain switching acceptance rate: 0.1%.
82% completed. Chain switching acceptance rate: 0.1%.
83% completed. Chain switching acceptance rate: 0.1%.
84% completed. Chain switching acceptance rate: 0.1%.
85% completed. Chain switching acceptance rate: 0.1%.
86% completed. Chain switching acceptance rate: 0.1%.
87% completed. Chain switching acceptance rate: 0.1%.
88% completed. Chain switching acceptance rate: 0.1%.
89% completed. Chain switching acceptance rate: 0.1%.
90% completed. Chain switching acceptance rate: 0.1%.
91% completed. Chain switching acceptance rate: 0.1%.
92% completed. Chain switching acceptance rate: 0.1%.
93% completed. Chain switching acceptance rate: 0.1%.
94% completed. Chain switching acceptance rate: 0.1%.
95% completed. Chain switching acceptance rate: 0.1%.
96% completed. Chain switching acceptance rate: 0.1%.
97% completed. Chain switching acceptance rate: 0.1%.
98% completed. Chain switching acceptance rate: 0.1%.
99% completed. Chain switching acceptance rate: 0.1%.
100% completed. Chain switching acceptance rate: 0.1%.
