Loading required package: iterators
Loading required package: parallel
── Attaching core tidyverse packages ──────────────────────── tidyverse 2.0.0 ──
✔ dplyr     1.1.4     ✔ readr     2.1.5
✔ forcats   1.0.0     ✔ stringr   1.5.1
✔ ggplot2   3.4.4     ✔ tibble    3.2.1
✔ lubridate 1.9.3     ✔ tidyr     1.3.1
✔ purrr     1.0.2     
── Conflicts ────────────────────────────────────────── tidyverse_conflicts() ──
✖ purrr::accumulate() masks foreach::accumulate()
✖ dplyr::filter()     masks stats::filter()
✖ dplyr::lag()        masks stats::lag()
✖ purrr::when()       masks foreach::when()
ℹ Use the conflicted package (<http://conflicted.r-lib.org/>) to force all conflicts to become errors
1% completed. Chain switching acceptance rate: 80%.
2% completed. Chain switching acceptance rate: 86.7%.
3% completed. Chain switching acceptance rate: 88.9%.
4% completed. Chain switching acceptance rate: 83.3%.
5% completed. Chain switching acceptance rate: 74.7%.
6% completed. Chain switching acceptance rate: 66.7%.
7% completed. Chain switching acceptance rate: 62.9%.
8% completed. Chain switching acceptance rate: 55.8%.
9% completed. Chain switching acceptance rate: 54.1%.
10% completed. Chain switching acceptance rate: 51.3%.
11% completed. Chain switching acceptance rate: 49.7%.
12% completed. Chain switching acceptance rate: 48.9%.
13% completed. Chain switching acceptance rate: 48.7%.
14% completed. Chain switching acceptance rate: 48.6%.
15% completed. Chain switching acceptance rate: 48%.
16% completed. Chain switching acceptance rate: 46.2%.
17% completed. Chain switching acceptance rate: 45.5%.
18% completed. Chain switching acceptance rate: 44.8%.
19% completed. Chain switching acceptance rate: 44.9%.
20% completed. Chain switching acceptance rate: 45.3%.
21% completed. Chain switching acceptance rate: 45.4%.
22% completed. Chain switching acceptance rate: 46.1%.
23% completed. Chain switching acceptance rate: 45.5%.
24% completed. Chain switching acceptance rate: 45%.
25% completed. Chain switching acceptance rate: 45.1%.
26% completed. Chain switching acceptance rate: 44.9%.
27% completed. Chain switching acceptance rate: 45.9%.
28% completed. Chain switching acceptance rate: 46%.
29% completed. Chain switching acceptance rate: 45.7%.
30% completed. Chain switching acceptance rate: 45.3%.
31% completed. Chain switching acceptance rate: 44.1%.
32% completed. Chain switching acceptance rate: 44%.
33% completed. Chain switching acceptance rate: 43.8%.
34% completed. Chain switching acceptance rate: 44.1%.
35% completed. Chain switching acceptance rate: 44%.
36% completed. Chain switching acceptance rate: 43.5%.
37% completed. Chain switching acceptance rate: 43.4%.
38% completed. Chain switching acceptance rate: 43.5%.
39% completed. Chain switching acceptance rate: 42.7%.
40% completed. Chain switching acceptance rate: 42.2%.
41% completed. Chain switching acceptance rate: 42.4%.
42% completed. Chain switching acceptance rate: 42.2%.
43% completed. Chain switching acceptance rate: 41.9%.
44% completed. Chain switching acceptance rate: 41.7%.
45% completed. Chain switching acceptance rate: 41.6%.
46% completed. Chain switching acceptance rate: 40.9%.
47% completed. Chain switching acceptance rate: 40.9%.
48% completed. Chain switching acceptance rate: 41.1%.
49% completed. Chain switching acceptance rate: 40.7%.
50% completed. Chain switching acceptance rate: 40.3%.
51% completed. Chain switching acceptance rate: 40.1%.
52% completed. Chain switching acceptance rate: 40.3%.
53% completed. Chain switching acceptance rate: 40%.
54% completed. Chain switching acceptance rate: 39.8%.
55% completed. Chain switching acceptance rate: 39.8%.
56% completed. Chain switching acceptance rate: 39.9%.
57% completed. Chain switching acceptance rate: 39.9%.
58% completed. Chain switching acceptance rate: 39.7%.
59% completed. Chain switching acceptance rate: 39.4%.
60% completed. Chain switching acceptance rate: 39.3%.
61% completed. Chain switching acceptance rate: 39.5%.
62% completed. Chain switching acceptance rate: 39.4%.
63% completed. Chain switching acceptance rate: 39.5%.
64% completed. Chain switching acceptance rate: 39.7%.
65% completed. Chain switching acceptance rate: 39.9%.
66% completed. Chain switching acceptance rate: 39.8%.
67% completed. Chain switching acceptance rate: 39.7%.
68% completed. Chain switching acceptance rate: 39.7%.
69% completed. Chain switching acceptance rate: 39.6%.
70% completed. Chain switching acceptance rate: 39.8%.
71% completed. Chain switching acceptance rate: 39.8%.
72% completed. Chain switching acceptance rate: 39.6%.
73% completed. Chain switching acceptance rate: 39.7%.
74% completed. Chain switching acceptance rate: 39.6%.
75% completed. Chain switching acceptance rate: 39.7%.
76% completed. Chain switching acceptance rate: 39.6%.
77% completed. Chain switching acceptance rate: 39.6%.
78% completed. Chain switching acceptance rate: 39.6%.
79% completed. Chain switching acceptance rate: 39.6%.
80% completed. Chain switching acceptance rate: 39.3%.
81% completed. Chain switching acceptance rate: 39.3%.
82% completed. Chain switching acceptance rate: 39.3%.
83% completed. Chain switching acceptance rate: 39.1%.
84% completed. Chain switching acceptance rate: 39.1%.
85% completed. Chain switching acceptance rate: 38.9%.
86% completed. Chain switching acceptance rate: 39%.
87% completed. Chain switching acceptance rate: 39%.
88% completed. Chain switching acceptance rate: 38.7%.
89% completed. Chain switching acceptance rate: 38.7%.
90% completed. Chain switching acceptance rate: 38.6%.
91% completed. Chain switching acceptance rate: 38.5%.
92% completed. Chain switching acceptance rate: 38.7%.
93% completed. Chain switching acceptance rate: 38.6%.
94% completed. Chain switching acceptance rate: 38.6%.
95% completed. Chain switching acceptance rate: 38.4%.
96% completed. Chain switching acceptance rate: 38.5%.
97% completed. Chain switching acceptance rate: 38.6%.
98% completed. Chain switching acceptance rate: 38.8%.
99% completed. Chain switching acceptance rate: 38.8%.
100% completed. Chain switching acceptance rate: 38.8%.
1% completed. Chain switching acceptance rate: 53.3%.
2% completed. Chain switching acceptance rate: 60%.
3% completed. Chain switching acceptance rate: 55.6%.
4% completed. Chain switching acceptance rate: 50%.
5% completed. Chain switching acceptance rate: 46.7%.
6% completed. Chain switching acceptance rate: 47.8%.
7% completed. Chain switching acceptance rate: 42.9%.
8% completed. Chain switching acceptance rate: 40%.
9% completed. Chain switching acceptance rate: 36.3%.
10% completed. Chain switching acceptance rate: 36%.
11% completed. Chain switching acceptance rate: 34.5%.
12% completed. Chain switching acceptance rate: 33.3%.
13% completed. Chain switching acceptance rate: 33.3%.
14% completed. Chain switching acceptance rate: 33.3%.
15% completed. Chain switching acceptance rate: 33.3%.
16% completed. Chain switching acceptance rate: 33.3%.
17% completed. Chain switching acceptance rate: 33.3%.
18% completed. Chain switching acceptance rate: 32.6%.
19% completed. Chain switching acceptance rate: 31.9%.
20% completed. Chain switching acceptance rate: 32%.
21% completed. Chain switching acceptance rate: 31.4%.
22% completed. Chain switching acceptance rate: 30.9%.
23% completed. Chain switching acceptance rate: 29.9%.
24% completed. Chain switching acceptance rate: 29.2%.
25% completed. Chain switching acceptance rate: 29.1%.
26% completed. Chain switching acceptance rate: 29.5%.
27% completed. Chain switching acceptance rate: 29.4%.
28% completed. Chain switching acceptance rate: 29%.
29% completed. Chain switching acceptance rate: 29.2%.
30% completed. Chain switching acceptance rate: 28.7%.
31% completed. Chain switching acceptance rate: 28.2%.
32% completed. Chain switching acceptance rate: 27.7%.
33% completed. Chain switching acceptance rate: 27.1%.
34% completed. Chain switching acceptance rate: 26.9%.
35% completed. Chain switching acceptance rate: 26.5%.
36% completed. Chain switching acceptance rate: 25.7%.
37% completed. Chain switching acceptance rate: 25.2%.
38% completed. Chain switching acceptance rate: 24.6%.
39% completed. Chain switching acceptance rate: 24.4%.
40% completed. Chain switching acceptance rate: 24.2%.
41% completed. Chain switching acceptance rate: 23.6%.
42% completed. Chain switching acceptance rate: 23.2%.
43% completed. Chain switching acceptance rate: 22.8%.
44% completed. Chain switching acceptance rate: 22.9%.
45% completed. Chain switching acceptance rate: 22.4%.
46% completed. Chain switching acceptance rate: 22.2%.
47% completed. Chain switching acceptance rate: 22.1%.
48% completed. Chain switching acceptance rate: 22.1%.
49% completed. Chain switching acceptance rate: 21.6%.
50% completed. Chain switching acceptance rate: 21.2%.
51% completed. Chain switching acceptance rate: 20.8%.
52% completed. Chain switching acceptance rate: 20.5%.
53% completed. Chain switching acceptance rate: 20.4%.
54% completed. Chain switching acceptance rate: 20%.
55% completed. Chain switching acceptance rate: 19.6%.
56% completed. Chain switching acceptance rate: 19.3%.
57% completed. Chain switching acceptance rate: 19.1%.
58% completed. Chain switching acceptance rate: 19.2%.
59% completed. Chain switching acceptance rate: 19%.
60% completed. Chain switching acceptance rate: 18.8%.
61% completed. Chain switching acceptance rate: 18.6%.
62% completed. Chain switching acceptance rate: 18.5%.
63% completed. Chain switching acceptance rate: 18.2%.
64% completed. Chain switching acceptance rate: 17.9%.
65% completed. Chain switching acceptance rate: 17.8%.
66% completed. Chain switching acceptance rate: 17.8%.
67% completed. Chain switching acceptance rate: 17.6%.
68% completed. Chain switching acceptance rate: 17.5%.
69% completed. Chain switching acceptance rate: 17.4%.
70% completed. Chain switching acceptance rate: 17.1%.
71% completed. Chain switching acceptance rate: 16.9%.
72% completed. Chain switching acceptance rate: 17.1%.
73% completed. Chain switching acceptance rate: 16.9%.
74% completed. Chain switching acceptance rate: 16.9%.
75% completed. Chain switching acceptance rate: 17%.
76% completed. Chain switching acceptance rate: 16.9%.
77% completed. Chain switching acceptance rate: 16.8%.
78% completed. Chain switching acceptance rate: 16.7%.
79% completed. Chain switching acceptance rate: 16.6%.
80% completed. Chain switching acceptance rate: 16.5%.
81% completed. Chain switching acceptance rate: 16.4%.
82% completed. Chain switching acceptance rate: 16.2%.
83% completed. Chain switching acceptance rate: 16.1%.
84% completed. Chain switching acceptance rate: 16.1%.
85% completed. Chain switching acceptance rate: 16.2%.
86% completed. Chain switching acceptance rate: 16%.
87% completed. Chain switching acceptance rate: 16.2%.
88% completed. Chain switching acceptance rate: 16.1%.
89% completed. Chain switching acceptance rate: 16%.
90% completed. Chain switching acceptance rate: 15.9%.
91% completed. Chain switching acceptance rate: 16%.
92% completed. Chain switching acceptance rate: 15.9%.
93% completed. Chain switching acceptance rate: 16%.
94% completed. Chain switching acceptance rate: 16.1%.
95% completed. Chain switching acceptance rate: 15.9%.
96% completed. Chain switching acceptance rate: 15.8%.
97% completed. Chain switching acceptance rate: 16.1%.
98% completed. Chain switching acceptance rate: 16%.
99% completed. Chain switching acceptance rate: 15.9%.
100% completed. Chain switching acceptance rate: 15.9%.
1% completed. Chain switching acceptance rate: 33.3%.
2% completed. Chain switching acceptance rate: 20%.
3% completed. Chain switching acceptance rate: 22.2%.
4% completed. Chain switching acceptance rate: 18.3%.
5% completed. Chain switching acceptance rate: 16%.
6% completed. Chain switching acceptance rate: 16.7%.
7% completed. Chain switching acceptance rate: 14.3%.
8% completed. Chain switching acceptance rate: 13.3%.
9% completed. Chain switching acceptance rate: 11.9%.
10% completed. Chain switching acceptance rate: 10.7%.
11% completed. Chain switching acceptance rate: 9.7%.
12% completed. Chain switching acceptance rate: 8.9%.
13% completed. Chain switching acceptance rate: 8.2%.
14% completed. Chain switching acceptance rate: 7.6%.
15% completed. Chain switching acceptance rate: 7.1%.
16% completed. Chain switching acceptance rate: 6.7%.
17% completed. Chain switching acceptance rate: 6.3%.
18% completed. Chain switching acceptance rate: 5.9%.
19% completed. Chain switching acceptance rate: 5.6%.
20% completed. Chain switching acceptance rate: 5.3%.
21% completed. Chain switching acceptance rate: 5.1%.
22% completed. Chain switching acceptance rate: 4.8%.
23% completed. Chain switching acceptance rate: 4.6%.
24% completed. Chain switching acceptance rate: 4.4%.
25% completed. Chain switching acceptance rate: 4.3%.
26% completed. Chain switching acceptance rate: 4.1%.
27% completed. Chain switching acceptance rate: 4%.
28% completed. Chain switching acceptance rate: 3.8%.
29% completed. Chain switching acceptance rate: 3.7%.
30% completed. Chain switching acceptance rate: 3.6%.
31% completed. Chain switching acceptance rate: 3.4%.
32% completed. Chain switching acceptance rate: 3.3%.
33% completed. Chain switching acceptance rate: 3.2%.
34% completed. Chain switching acceptance rate: 3.1%.
35% completed. Chain switching acceptance rate: 3%.
36% completed. Chain switching acceptance rate: 3%.
37% completed. Chain switching acceptance rate: 2.9%.
38% completed. Chain switching acceptance rate: 2.8%.
39% completed. Chain switching acceptance rate: 2.7%.
40% completed. Chain switching acceptance rate: 2.7%.
41% completed. Chain switching acceptance rate: 2.6%.
42% completed. Chain switching acceptance rate: 2.5%.
43% completed. Chain switching acceptance rate: 2.5%.
44% completed. Chain switching acceptance rate: 2.4%.
45% completed. Chain switching acceptance rate: 2.4%.
46% completed. Chain switching acceptance rate: 2.3%.
47% completed. Chain switching acceptance rate: 2.3%.
48% completed. Chain switching acceptance rate: 2.2%.
49% completed. Chain switching acceptance rate: 2.2%.
50% completed. Chain switching acceptance rate: 2.1%.
51% completed. Chain switching acceptance rate: 2.1%.
52% completed. Chain switching acceptance rate: 2.1%.
53% completed. Chain switching acceptance rate: 2%.
54% completed. Chain switching acceptance rate: 2%.
55% completed. Chain switching acceptance rate: 1.9%.
56% completed. Chain switching acceptance rate: 1.9%.
57% completed. Chain switching acceptance rate: 1.9%.
58% completed. Chain switching acceptance rate: 1.8%.
59% completed. Chain switching acceptance rate: 1.9%.
60% completed. Chain switching acceptance rate: 2%.
61% completed. Chain switching acceptance rate: 2%.
62% completed. Chain switching acceptance rate: 1.9%.
63% completed. Chain switching acceptance rate: 1.9%.
64% completed. Chain switching acceptance rate: 1.9%.
65% completed. Chain switching acceptance rate: 1.8%.
66% completed. Chain switching acceptance rate: 1.8%.
67% completed. Chain switching acceptance rate: 1.8%.
68% completed. Chain switching acceptance rate: 1.8%.
69% completed. Chain switching acceptance rate: 1.7%.
70% completed. Chain switching acceptance rate: 1.7%.
71% completed. Chain switching acceptance rate: 1.7%.
72% completed. Chain switching acceptance rate: 1.7%.
73% completed. Chain switching acceptance rate: 1.6%.
74% completed. Chain switching acceptance rate: 1.6%.
75% completed. Chain switching acceptance rate: 1.6%.
76% completed. Chain switching acceptance rate: 1.6%.
77% completed. Chain switching acceptance rate: 1.6%.
78% completed. Chain switching acceptance rate: 1.5%.
79% completed. Chain switching acceptance rate: 1.5%.
80% completed. Chain switching acceptance rate: 1.5%.
81% completed. Chain switching acceptance rate: 1.5%.
82% completed. Chain switching acceptance rate: 1.5%.
83% completed. Chain switching acceptance rate: 1.4%.
84% completed. Chain switching acceptance rate: 1.4%.
85% completed. Chain switching acceptance rate: 1.4%.
86% completed. Chain switching acceptance rate: 1.4%.
87% completed. Chain switching acceptance rate: 1.4%.
88% completed. Chain switching acceptance rate: 1.4%.
89% completed. Chain switching acceptance rate: 1.3%.
90% completed. Chain switching acceptance rate: 1.3%.
91% completed. Chain switching acceptance rate: 1.3%.
92% completed. Chain switching acceptance rate: 1.3%.
93% completed. Chain switching acceptance rate: 1.3%.
94% completed. Chain switching acceptance rate: 1.3%.
95% completed. Chain switching acceptance rate: 1.3%.
96% completed. Chain switching acceptance rate: 1.3%.
97% completed. Chain switching acceptance rate: 1.2%.
98% completed. Chain switching acceptance rate: 1.2%.
99% completed. Chain switching acceptance rate: 1.2%.
100% completed. Chain switching acceptance rate: 1.2%.
1% completed. Chain switching acceptance rate: 6.7%.
2% completed. Chain switching acceptance rate: 3.3%.
3% completed. Chain switching acceptance rate: 2.2%.
4% completed. Chain switching acceptance rate: 1.7%.
5% completed. Chain switching acceptance rate: 1.3%.
6% completed. Chain switching acceptance rate: 1.1%.
7% completed. Chain switching acceptance rate: 1%.
8% completed. Chain switching acceptance rate: 0.8%.
9% completed. Chain switching acceptance rate: 0.7%.
10% completed. Chain switching acceptance rate: 0.7%.
11% completed. Chain switching acceptance rate: 0.6%.
12% completed. Chain switching acceptance rate: 0.6%.
13% completed. Chain switching acceptance rate: 0.5%.
14% completed. Chain switching acceptance rate: 0.5%.
15% completed. Chain switching acceptance rate: 0.4%.
16% completed. Chain switching acceptance rate: 0.4%.
17% completed. Chain switching acceptance rate: 0.4%.
18% completed. Chain switching acceptance rate: 0.4%.
19% completed. Chain switching acceptance rate: 0.4%.
20% completed. Chain switching acceptance rate: 0.3%.
21% completed. Chain switching acceptance rate: 0.3%.
22% completed. Chain switching acceptance rate: 0.3%.
23% completed. Chain switching acceptance rate: 0.3%.
24% completed. Chain switching acceptance rate: 0.3%.
25% completed. Chain switching acceptance rate: 0.3%.
26% completed. Chain switching acceptance rate: 0.3%.
27% completed. Chain switching acceptance rate: 0.2%.
28% completed. Chain switching acceptance rate: 0.2%.
29% completed. Chain switching acceptance rate: 0.2%.
30% completed. Chain switching acceptance rate: 0.2%.
31% completed. Chain switching acceptance rate: 0.2%.
32% completed. Chain switching acceptance rate: 0.2%.
33% completed. Chain switching acceptance rate: 0.2%.
34% completed. Chain switching acceptance rate: 0.2%.
35% completed. Chain switching acceptance rate: 0.2%.
36% completed. Chain switching acceptance rate: 0.2%.
37% completed. Chain switching acceptance rate: 0.2%.
38% completed. Chain switching acceptance rate: 0.2%.
39% completed. Chain switching acceptance rate: 0.2%.
40% completed. Chain switching acceptance rate: 0.2%.
41% completed. Chain switching acceptance rate: 0.2%.
42% completed. Chain switching acceptance rate: 0.2%.
43% completed. Chain switching acceptance rate: 0.2%.
44% completed. Chain switching acceptance rate: 0.2%.
45% completed. Chain switching acceptance rate: 0.1%.
46% completed. Chain switching acceptance rate: 0.1%.
47% completed. Chain switching acceptance rate: 0.1%.
48% completed. Chain switching acceptance rate: 0.1%.
49% completed. Chain switching acceptance rate: 0.1%.
50% completed. Chain switching acceptance rate: 0.1%.
51% completed. Chain switching acceptance rate: 0.1%.
52% completed. Chain switching acceptance rate: 0.1%.
53% completed. Chain switching acceptance rate: 0.1%.
54% completed. Chain switching acceptance rate: 0.1%.
55% completed. Chain switching acceptance rate: 0.1%.
56% completed. Chain switching acceptance rate: 0.1%.
57% completed. Chain switching acceptance rate: 0.1%.
58% completed. Chain switching acceptance rate: 0.1%.
59% completed. Chain switching acceptance rate: 0.1%.
60% completed. Chain switching acceptance rate: 0.1%.
61% completed. Chain switching acceptance rate: 0.1%.
62% completed. Chain switching acceptance rate: 0.1%.
63% completed. Chain switching acceptance rate: 0.1%.
64% completed. Chain switching acceptance rate: 0.1%.
65% completed. Chain switching acceptance rate: 0.1%.
66% completed. Chain switching acceptance rate: 0.1%.
67% completed. Chain switching acceptance rate: 0.1%.
68% completed. Chain switching acceptance rate: 0.1%.
69% completed. Chain switching acceptance rate: 0.1%.
70% completed. Chain switching acceptance rate: 0.1%.
71% completed. Chain switching acceptance rate: 0.1%.
72% completed. Chain switching acceptance rate: 0.1%.
73% completed. Chain switching acceptance rate: 0.1%.
74% completed. Chain switching acceptance rate: 0.1%.
75% completed. Chain switching acceptance rate: 0.1%.
76% completed. Chain switching acceptance rate: 0.1%.
77% completed. Chain switching acceptance rate: 0.1%.
78% completed. Chain switching acceptance rate: 0.1%.
79% completed. Chain switching acceptance rate: 0.1%.
80% completed. Chain switching acceptance rate: 0.1%.
81% completed. Chain switching acceptance rate: 0.1%.
82% completed. Chain switching acceptance rate: 0.1%.
83% completed. Chain switching acceptance rate: 0.1%.
84% completed. Chain switching acceptance rate: 0.1%.
85% completed. Chain switching acceptance rate: 0.1%.
86% completed. Chain switching acceptance rate: 0.1%.
87% completed. Chain switching acceptance rate: 0.1%.
88% completed. Chain switching acceptance rate: 0.1%.
89% completed. Chain switching acceptance rate: 0.1%.
90% completed. Chain switching acceptance rate: 0.1%.
91% completed. Chain switching acceptance rate: 0.1%.
92% completed. Chain switching acceptance rate: 0.1%.
93% completed. Chain switching acceptance rate: 0.1%.
94% completed. Chain switching acceptance rate: 0.1%.
95% completed. Chain switching acceptance rate: 0.1%.
96% completed. Chain switching acceptance rate: 0.1%.
97% completed. Chain switching acceptance rate: 0.1%.
98% completed. Chain switching acceptance rate: 0.1%.
99% completed. Chain switching acceptance rate: 0.1%.
100% completed. Chain switching acceptance rate: 0.1%.
1% completed. Chain switching acceptance rate: 80%.
2% completed. Chain switching acceptance rate: 63.3%.
3% completed. Chain switching acceptance rate: 51.1%.
4% completed. Chain switching acceptance rate: 53.3%.
5% completed. Chain switching acceptance rate: 48%.
6% completed. Chain switching acceptance rate: 47.8%.
7% completed. Chain switching acceptance rate: 45.7%.
8% completed. Chain switching acceptance rate: 43.3%.
9% completed. Chain switching acceptance rate: 41.5%.
10% completed. Chain switching acceptance rate: 40.7%.
11% completed. Chain switching acceptance rate: 42.4%.
12% completed. Chain switching acceptance rate: 42.8%.
13% completed. Chain switching acceptance rate: 43.1%.
14% completed. Chain switching acceptance rate: 44.8%.
15% completed. Chain switching acceptance rate: 45.3%.
16% completed. Chain switching acceptance rate: 45.4%.
17% completed. Chain switching acceptance rate: 44.3%.
18% completed. Chain switching acceptance rate: 45.2%.
19% completed. Chain switching acceptance rate: 46%.
20% completed. Chain switching acceptance rate: 47%.
21% completed. Chain switching acceptance rate: 47.9%.
22% completed. Chain switching acceptance rate: 48.2%.
23% completed. Chain switching acceptance rate: 47.8%.
24% completed. Chain switching acceptance rate: 48.6%.
25% completed. Chain switching acceptance rate: 48.8%.
26% completed. Chain switching acceptance rate: 49.2%.
27% completed. Chain switching acceptance rate: 49.6%.
28% completed. Chain switching acceptance rate: 49.8%.
29% completed. Chain switching acceptance rate: 50.8%.
30% completed. Chain switching acceptance rate: 51.8%.
31% completed. Chain switching acceptance rate: 52%.
32% completed. Chain switching acceptance rate: 51.9%.
33% completed. Chain switching acceptance rate: 52.3%.
34% completed. Chain switching acceptance rate: 53.3%.
35% completed. Chain switching acceptance rate: 54.3%.
36% completed. Chain switching acceptance rate: 54.6%.
37% completed. Chain switching acceptance rate: 55.5%.
38% completed. Chain switching acceptance rate: 55.8%.
39% completed. Chain switching acceptance rate: 56.4%.
40% completed. Chain switching acceptance rate: 56.7%.
41% completed. Chain switching acceptance rate: 56.6%.
42% completed. Chain switching acceptance rate: 56.3%.
43% completed. Chain switching acceptance rate: 56.4%.
44% completed. Chain switching acceptance rate: 57.1%.
45% completed. Chain switching acceptance rate: 56.9%.
46% completed. Chain switching acceptance rate: 56.7%.
47% completed. Chain switching acceptance rate: 56.9%.
48% completed. Chain switching acceptance rate: 56.4%.
49% completed. Chain switching acceptance rate: 56.5%.
50% completed. Chain switching acceptance rate: 56.9%.
51% completed. Chain switching acceptance rate: 57.3%.
52% completed. Chain switching acceptance rate: 57.3%.
53% completed. Chain switching acceptance rate: 57.1%.
54% completed. Chain switching acceptance rate: 57.3%.
55% completed. Chain switching acceptance rate: 57.3%.
56% completed. Chain switching acceptance rate: 56.8%.
57% completed. Chain switching acceptance rate: 56.8%.
58% completed. Chain switching acceptance rate: 56.9%.
59% completed. Chain switching acceptance rate: 56.9%.
60% completed. Chain switching acceptance rate: 57.1%.
61% completed. Chain switching acceptance rate: 56.8%.
62% completed. Chain switching acceptance rate: 56.8%.
63% completed. Chain switching acceptance rate: 56.8%.
64% completed. Chain switching acceptance rate: 56.8%.
65% completed. Chain switching acceptance rate: 56.7%.
66% completed. Chain switching acceptance rate: 57%.
67% completed. Chain switching acceptance rate: 56.9%.
68% completed. Chain switching acceptance rate: 57.2%.
69% completed. Chain switching acceptance rate: 57.2%.
70% completed. Chain switching acceptance rate: 57.2%.
71% completed. Chain switching acceptance rate: 57.2%.
72% completed. Chain switching acceptance rate: 56.9%.
73% completed. Chain switching acceptance rate: 56.9%.
74% completed. Chain switching acceptance rate: 56.8%.
75% completed. Chain switching acceptance rate: 56.7%.
76% completed. Chain switching acceptance rate: 56.7%.
77% completed. Chain switching acceptance rate: 56.8%.
78% completed. Chain switching acceptance rate: 56.8%.
79% completed. Chain switching acceptance rate: 56.5%.
80% completed. Chain switching acceptance rate: 56.8%.
81% completed. Chain switching acceptance rate: 56.7%.
82% completed. Chain switching acceptance rate: 56.7%.
83% completed. Chain switching acceptance rate: 56.7%.
84% completed. Chain switching acceptance rate: 56.3%.
85% completed. Chain switching acceptance rate: 56.5%.
86% completed. Chain switching acceptance rate: 56.3%.
87% completed. Chain switching acceptance rate: 56.2%.
88% completed. Chain switching acceptance rate: 56.3%.
89% completed. Chain switching acceptance rate: 56.3%.
90% completed. Chain switching acceptance rate: 56.4%.
91% completed. Chain switching acceptance rate: 56.3%.
92% completed. Chain switching acceptance rate: 56.3%.
93% completed. Chain switching acceptance rate: 56.5%.
94% completed. Chain switching acceptance rate: 56.6%.
95% completed. Chain switching acceptance rate: 56.8%.
96% completed. Chain switching acceptance rate: 56.9%.
97% completed. Chain switching acceptance rate: 56.8%.
98% completed. Chain switching acceptance rate: 56.7%.
99% completed. Chain switching acceptance rate: 56.8%.
100% completed. Chain switching acceptance rate: 56.8%.
1% completed. Chain switching acceptance rate: 53.3%.
2% completed. Chain switching acceptance rate: 43.3%.
3% completed. Chain switching acceptance rate: 31.1%.
4% completed. Chain switching acceptance rate: 25%.
5% completed. Chain switching acceptance rate: 24%.
6% completed. Chain switching acceptance rate: 21.1%.
7% completed. Chain switching acceptance rate: 21%.
8% completed. Chain switching acceptance rate: 18.3%.
9% completed. Chain switching acceptance rate: 18.5%.
10% completed. Chain switching acceptance rate: 18.7%.
11% completed. Chain switching acceptance rate: 20.6%.
12% completed. Chain switching acceptance rate: 21.7%.
13% completed. Chain switching acceptance rate: 22.6%.
14% completed. Chain switching acceptance rate: 21.9%.
15% completed. Chain switching acceptance rate: 21.3%.
16% completed. Chain switching acceptance rate: 22.9%.
17% completed. Chain switching acceptance rate: 23.1%.
18% completed. Chain switching acceptance rate: 24.1%.
19% completed. Chain switching acceptance rate: 23.5%.
20% completed. Chain switching acceptance rate: 23.3%.
21% completed. Chain switching acceptance rate: 22.9%.
22% completed. Chain switching acceptance rate: 22.7%.
23% completed. Chain switching acceptance rate: 22.9%.
24% completed. Chain switching acceptance rate: 23.3%.
25% completed. Chain switching acceptance rate: 22.9%.
26% completed. Chain switching acceptance rate: 22.6%.
27% completed. Chain switching acceptance rate: 23.2%.
28% completed. Chain switching acceptance rate: 23.3%.
29% completed. Chain switching acceptance rate: 23.4%.
30% completed. Chain switching acceptance rate: 23.1%.
31% completed. Chain switching acceptance rate: 23%.
32% completed. Chain switching acceptance rate: 22.7%.
33% completed. Chain switching acceptance rate: 22.2%.
34% completed. Chain switching acceptance rate: 21.8%.
35% completed. Chain switching acceptance rate: 21.9%.
36% completed. Chain switching acceptance rate: 21.9%.
37% completed. Chain switching acceptance rate: 22%.
38% completed. Chain switching acceptance rate: 22.3%.
39% completed. Chain switching acceptance rate: 22.1%.
40% completed. Chain switching acceptance rate: 22%.
41% completed. Chain switching acceptance rate: 21.5%.
42% completed. Chain switching acceptance rate: 21.3%.
43% completed. Chain switching acceptance rate: 21.1%.
44% completed. Chain switching acceptance rate: 20.9%.
45% completed. Chain switching acceptance rate: 21.3%.
46% completed. Chain switching acceptance rate: 21.7%.
47% completed. Chain switching acceptance rate: 21.6%.
48% completed. Chain switching acceptance rate: 21.7%.
49% completed. Chain switching acceptance rate: 21.2%.
50% completed. Chain switching acceptance rate: 21.3%.
51% completed. Chain switching acceptance rate: 21.8%.
52% completed. Chain switching acceptance rate: 22.1%.
53% completed. Chain switching acceptance rate: 21.6%.
54% completed. Chain switching acceptance rate: 21.7%.
55% completed. Chain switching acceptance rate: 21.5%.
56% completed. Chain switching acceptance rate: 21.1%.
57% completed. Chain switching acceptance rate: 21.1%.
58% completed. Chain switching acceptance rate: 21.7%.
59% completed. Chain switching acceptance rate: 21.9%.
60% completed. Chain switching acceptance rate: 21.8%.
61% completed. Chain switching acceptance rate: 22%.
62% completed. Chain switching acceptance rate: 22.3%.
63% completed. Chain switching acceptance rate: 22.5%.
64% completed. Chain switching acceptance rate: 22.4%.
65% completed. Chain switching acceptance rate: 22.3%.
66% completed. Chain switching acceptance rate: 22.1%.
67% completed. Chain switching acceptance rate: 22.3%.
68% completed. Chain switching acceptance rate: 22.4%.
69% completed. Chain switching acceptance rate: 22.3%.
70% completed. Chain switching acceptance rate: 22.3%.
71% completed. Chain switching acceptance rate: 22.3%.
72% completed. Chain switching acceptance rate: 22.3%.
73% completed. Chain switching acceptance rate: 22.2%.
74% completed. Chain switching acceptance rate: 22.1%.
75% completed. Chain switching acceptance rate: 22%.
76% completed. Chain switching acceptance rate: 22.1%.
77% completed. Chain switching acceptance rate: 22.1%.
78% completed. Chain switching acceptance rate: 22.1%.
79% completed. Chain switching acceptance rate: 22.4%.
80% completed. Chain switching acceptance rate: 22.2%.
81% completed. Chain switching acceptance rate: 22.1%.
82% completed. Chain switching acceptance rate: 22%.
83% completed. Chain switching acceptance rate: 21.9%.
84% completed. Chain switching acceptance rate: 21.7%.
85% completed. Chain switching acceptance rate: 21.6%.
86% completed. Chain switching acceptance rate: 21.7%.
87% completed. Chain switching acceptance rate: 21.8%.
88% completed. Chain switching acceptance rate: 21.7%.
89% completed. Chain switching acceptance rate: 21.6%.
90% completed. Chain switching acceptance rate: 21.5%.
91% completed. Chain switching acceptance rate: 21.5%.
92% completed. Chain switching acceptance rate: 21.5%.
93% completed. Chain switching acceptance rate: 21.4%.
94% completed. Chain switching acceptance rate: 21.3%.
95% completed. Chain switching acceptance rate: 21.3%.
96% completed. Chain switching acceptance rate: 21.2%.
97% completed. Chain switching acceptance rate: 21.2%.
98% completed. Chain switching acceptance rate: 21.2%.
99% completed. Chain switching acceptance rate: 21.3%.
100% completed. Chain switching acceptance rate: 21.3%.
1% completed. Chain switching acceptance rate: 20%.
2% completed. Chain switching acceptance rate: 13.3%.
3% completed. Chain switching acceptance rate: 8.9%.
4% completed. Chain switching acceptance rate: 6.7%.
5% completed. Chain switching acceptance rate: 5.3%.
6% completed. Chain switching acceptance rate: 4.4%.
7% completed. Chain switching acceptance rate: 3.8%.
8% completed. Chain switching acceptance rate: 3.3%.
9% completed. Chain switching acceptance rate: 3%.
10% completed. Chain switching acceptance rate: 2.7%.
11% completed. Chain switching acceptance rate: 2.4%.
12% completed. Chain switching acceptance rate: 2.2%.
13% completed. Chain switching acceptance rate: 2.1%.
14% completed. Chain switching acceptance rate: 2.4%.
15% completed. Chain switching acceptance rate: 2.7%.
16% completed. Chain switching acceptance rate: 2.9%.
17% completed. Chain switching acceptance rate: 2.7%.
18% completed. Chain switching acceptance rate: 2.6%.
19% completed. Chain switching acceptance rate: 2.8%.
20% completed. Chain switching acceptance rate: 2.7%.
21% completed. Chain switching acceptance rate: 2.5%.
22% completed. Chain switching acceptance rate: 2.7%.
23% completed. Chain switching acceptance rate: 2.6%.
24% completed. Chain switching acceptance rate: 3.1%.
25% completed. Chain switching acceptance rate: 2.9%.
26% completed. Chain switching acceptance rate: 2.8%.
27% completed. Chain switching acceptance rate: 2.7%.
28% completed. Chain switching acceptance rate: 2.6%.
29% completed. Chain switching acceptance rate: 2.5%.
30% completed. Chain switching acceptance rate: 2.4%.
31% completed. Chain switching acceptance rate: 2.4%.
32% completed. Chain switching acceptance rate: 2.5%.
33% completed. Chain switching acceptance rate: 2.6%.
34% completed. Chain switching acceptance rate: 2.5%.
35% completed. Chain switching acceptance rate: 2.5%.
36% completed. Chain switching acceptance rate: 2.4%.
37% completed. Chain switching acceptance rate: 2.3%.
38% completed. Chain switching acceptance rate: 2.5%.
39% completed. Chain switching acceptance rate: 2.6%.
40% completed. Chain switching acceptance rate: 2.5%.
41% completed. Chain switching acceptance rate: 2.4%.
42% completed. Chain switching acceptance rate: 2.4%.
43% completed. Chain switching acceptance rate: 2.3%.
44% completed. Chain switching acceptance rate: 2.3%.
45% completed. Chain switching acceptance rate: 2.4%.
46% completed. Chain switching acceptance rate: 2.3%.
47% completed. Chain switching acceptance rate: 2.3%.
48% completed. Chain switching acceptance rate: 2.2%.
49% completed. Chain switching acceptance rate: 2.2%.
50% completed. Chain switching acceptance rate: 2.1%.
51% completed. Chain switching acceptance rate: 2.2%.
52% completed. Chain switching acceptance rate: 2.2%.
53% completed. Chain switching acceptance rate: 2.1%.
54% completed. Chain switching acceptance rate: 2.2%.
55% completed. Chain switching acceptance rate: 2.4%.
56% completed. Chain switching acceptance rate: 2.4%.
57% completed. Chain switching acceptance rate: 2.3%.
58% completed. Chain switching acceptance rate: 2.3%.
59% completed. Chain switching acceptance rate: 2.3%.
60% completed. Chain switching acceptance rate: 2.2%.
61% completed. Chain switching acceptance rate: 2.2%.
62% completed. Chain switching acceptance rate: 2.2%.
63% completed. Chain switching acceptance rate: 2.1%.
64% completed. Chain switching acceptance rate: 2.1%.
65% completed. Chain switching acceptance rate: 2.1%.
66% completed. Chain switching acceptance rate: 2.1%.
67% completed. Chain switching acceptance rate: 2.1%.
68% completed. Chain switching acceptance rate: 2.1%.
69% completed. Chain switching acceptance rate: 2%.
70% completed. Chain switching acceptance rate: 2%.
71% completed. Chain switching acceptance rate: 2%.
72% completed. Chain switching acceptance rate: 1.9%.
73% completed. Chain switching acceptance rate: 1.9%.
74% completed. Chain switching acceptance rate: 2%.
75% completed. Chain switching acceptance rate: 2%.
76% completed. Chain switching acceptance rate: 2%.
77% completed. Chain switching acceptance rate: 2%.
78% completed. Chain switching acceptance rate: 2.1%.
79% completed. Chain switching acceptance rate: 2.1%.
80% completed. Chain switching acceptance rate: 2.1%.
81% completed. Chain switching acceptance rate: 2.1%.
82% completed. Chain switching acceptance rate: 2%.
83% completed. Chain switching acceptance rate: 2%.
84% completed. Chain switching acceptance rate: 2%.
85% completed. Chain switching acceptance rate: 2%.
86% completed. Chain switching acceptance rate: 1.9%.
87% completed. Chain switching acceptance rate: 1.9%.
88% completed. Chain switching acceptance rate: 1.9%.
89% completed. Chain switching acceptance rate: 1.9%.
90% completed. Chain switching acceptance rate: 1.9%.
91% completed. Chain switching acceptance rate: 1.9%.
92% completed. Chain switching acceptance rate: 1.9%.
93% completed. Chain switching acceptance rate: 1.9%.
94% completed. Chain switching acceptance rate: 1.9%.
95% completed. Chain switching acceptance rate: 1.9%.
96% completed. Chain switching acceptance rate: 1.9%.
97% completed. Chain switching acceptance rate: 1.9%.
98% completed. Chain switching acceptance rate: 1.8%.
99% completed. Chain switching acceptance rate: 1.9%.
100% completed. Chain switching acceptance rate: 1.9%.
1% completed. Chain switching acceptance rate: 13.3%.
2% completed. Chain switching acceptance rate: 6.7%.
3% completed. Chain switching acceptance rate: 4.4%.
4% completed. Chain switching acceptance rate: 3.3%.
5% completed. Chain switching acceptance rate: 2.7%.
6% completed. Chain switching acceptance rate: 2.2%.
7% completed. Chain switching acceptance rate: 1.9%.
8% completed. Chain switching acceptance rate: 1.7%.
9% completed. Chain switching acceptance rate: 1.5%.
10% completed. Chain switching acceptance rate: 1.3%.
11% completed. Chain switching acceptance rate: 1.2%.
12% completed. Chain switching acceptance rate: 1.1%.
13% completed. Chain switching acceptance rate: 1%.
14% completed. Chain switching acceptance rate: 1%.
15% completed. Chain switching acceptance rate: 0.9%.
16% completed. Chain switching acceptance rate: 0.8%.
17% completed. Chain switching acceptance rate: 0.8%.
18% completed. Chain switching acceptance rate: 0.7%.
19% completed. Chain switching acceptance rate: 0.7%.
20% completed. Chain switching acceptance rate: 0.7%.
21% completed. Chain switching acceptance rate: 0.6%.
22% completed. Chain switching acceptance rate: 0.6%.
23% completed. Chain switching acceptance rate: 0.6%.
24% completed. Chain switching acceptance rate: 0.6%.
25% completed. Chain switching acceptance rate: 0.5%.
26% completed. Chain switching acceptance rate: 0.5%.
27% completed. Chain switching acceptance rate: 0.5%.
28% completed. Chain switching acceptance rate: 0.5%.
29% completed. Chain switching acceptance rate: 0.5%.
30% completed. Chain switching acceptance rate: 0.4%.
31% completed. Chain switching acceptance rate: 0.4%.
32% completed. Chain switching acceptance rate: 0.4%.
33% completed. Chain switching acceptance rate: 0.4%.
34% completed. Chain switching acceptance rate: 0.4%.
35% completed. Chain switching acceptance rate: 0.4%.
36% completed. Chain switching acceptance rate: 0.4%.
37% completed. Chain switching acceptance rate: 0.4%.
38% completed. Chain switching acceptance rate: 0.4%.
39% completed. Chain switching acceptance rate: 0.3%.
40% completed. Chain switching acceptance rate: 0.3%.
41% completed. Chain switching acceptance rate: 0.3%.
42% completed. Chain switching acceptance rate: 0.3%.
43% completed. Chain switching acceptance rate: 0.3%.
44% completed. Chain switching acceptance rate: 0.3%.
45% completed. Chain switching acceptance rate: 0.3%.
46% completed. Chain switching acceptance rate: 0.3%.
47% completed. Chain switching acceptance rate: 0.3%.
48% completed. Chain switching acceptance rate: 0.3%.
49% completed. Chain switching acceptance rate: 0.3%.
50% completed. Chain switching acceptance rate: 0.3%.
51% completed. Chain switching acceptance rate: 0.3%.
52% completed. Chain switching acceptance rate: 0.3%.
53% completed. Chain switching acceptance rate: 0.3%.
54% completed. Chain switching acceptance rate: 0.2%.
55% completed. Chain switching acceptance rate: 0.2%.
56% completed. Chain switching acceptance rate: 0.2%.
57% completed. Chain switching acceptance rate: 0.2%.
58% completed. Chain switching acceptance rate: 0.2%.
59% completed. Chain switching acceptance rate: 0.2%.
60% completed. Chain switching acceptance rate: 0.2%.
61% completed. Chain switching acceptance rate: 0.2%.
62% completed. Chain switching acceptance rate: 0.2%.
63% completed. Chain switching acceptance rate: 0.2%.
64% completed. Chain switching acceptance rate: 0.2%.
65% completed. Chain switching acceptance rate: 0.2%.
66% completed. Chain switching acceptance rate: 0.2%.
67% completed. Chain switching acceptance rate: 0.2%.
68% completed. Chain switching acceptance rate: 0.2%.
69% completed. Chain switching acceptance rate: 0.2%.
70% completed. Chain switching acceptance rate: 0.2%.
71% completed. Chain switching acceptance rate: 0.2%.
72% completed. Chain switching acceptance rate: 0.2%.
73% completed. Chain switching acceptance rate: 0.2%.
74% completed. Chain switching acceptance rate: 0.2%.
75% completed. Chain switching acceptance rate: 0.2%.
76% completed. Chain switching acceptance rate: 0.2%.
77% completed. Chain switching acceptance rate: 0.2%.
78% completed. Chain switching acceptance rate: 0.2%.
79% completed. Chain switching acceptance rate: 0.2%.
80% completed. Chain switching acceptance rate: 0.2%.
81% completed. Chain switching acceptance rate: 0.2%.
82% completed. Chain switching acceptance rate: 0.2%.
83% completed. Chain switching acceptance rate: 0.2%.
84% completed. Chain switching acceptance rate: 0.2%.
85% completed. Chain switching acceptance rate: 0.2%.
86% completed. Chain switching acceptance rate: 0.2%.
87% completed. Chain switching acceptance rate: 0.2%.
88% completed. Chain switching acceptance rate: 0.2%.
89% completed. Chain switching acceptance rate: 0.1%.
90% completed. Chain switching acceptance rate: 0.1%.
91% completed. Chain switching acceptance rate: 0.1%.
92% completed. Chain switching acceptance rate: 0.1%.
93% completed. Chain switching acceptance rate: 0.1%.
94% completed. Chain switching acceptance rate: 0.1%.
95% completed. Chain switching acceptance rate: 0.1%.
96% completed. Chain switching acceptance rate: 0.1%.
97% completed. Chain switching acceptance rate: 0.1%.
98% completed. Chain switching acceptance rate: 0.1%.
99% completed. Chain switching acceptance rate: 0.1%.
100% completed. Chain switching acceptance rate: 0.1%.
1% completed. Chain switching acceptance rate: 60%.
2% completed. Chain switching acceptance rate: 50%.
3% completed. Chain switching acceptance rate: 53.3%.
4% completed. Chain switching acceptance rate: 43.3%.
5% completed. Chain switching acceptance rate: 45.3%.
6% completed. Chain switching acceptance rate: 42.2%.
7% completed. Chain switching acceptance rate: 41.9%.
8% completed. Chain switching acceptance rate: 45%.
9% completed. Chain switching acceptance rate: 45.2%.
10% completed. Chain switching acceptance rate: 44.7%.
11% completed. Chain switching acceptance rate: 46.7%.
12% completed. Chain switching acceptance rate: 45%.
13% completed. Chain switching acceptance rate: 46.7%.
14% completed. Chain switching acceptance rate: 45.7%.
15% completed. Chain switching acceptance rate: 44.9%.
16% completed. Chain switching acceptance rate: 43.8%.
17% completed. Chain switching acceptance rate: 43.1%.
18% completed. Chain switching acceptance rate: 41.9%.
19% completed. Chain switching acceptance rate: 41.4%.
20% completed. Chain switching acceptance rate: 41%.
21% completed. Chain switching acceptance rate: 41%.
22% completed. Chain switching acceptance rate: 40.3%.
23% completed. Chain switching acceptance rate: 39.7%.
24% completed. Chain switching acceptance rate: 39.2%.
25% completed. Chain switching acceptance rate: 37.6%.
26% completed. Chain switching acceptance rate: 37.7%.
27% completed. Chain switching acceptance rate: 37.5%.
28% completed. Chain switching acceptance rate: 37.1%.
29% completed. Chain switching acceptance rate: 36.3%.
30% completed. Chain switching acceptance rate: 35.6%.
31% completed. Chain switching acceptance rate: 35.7%.
32% completed. Chain switching acceptance rate: 35.2%.
33% completed. Chain switching acceptance rate: 34.5%.
34% completed. Chain switching acceptance rate: 34.1%.
35% completed. Chain switching acceptance rate: 33.3%.
36% completed. Chain switching acceptance rate: 33.3%.
37% completed. Chain switching acceptance rate: 33%.
38% completed. Chain switching acceptance rate: 32.8%.
39% completed. Chain switching acceptance rate: 32.8%.
40% completed. Chain switching acceptance rate: 32.7%.
41% completed. Chain switching acceptance rate: 32.5%.
42% completed. Chain switching acceptance rate: 32.1%.
43% completed. Chain switching acceptance rate: 31.8%.
44% completed. Chain switching acceptance rate: 32.3%.
45% completed. Chain switching acceptance rate: 32.7%.
46% completed. Chain switching acceptance rate: 33.2%.
47% completed. Chain switching acceptance rate: 33.2%.
48% completed. Chain switching acceptance rate: 32.9%.
49% completed. Chain switching acceptance rate: 32.8%.
50% completed. Chain switching acceptance rate: 33.1%.
51% completed. Chain switching acceptance rate: 33.3%.
52% completed. Chain switching acceptance rate: 33.3%.
53% completed. Chain switching acceptance rate: 32.8%.
54% completed. Chain switching acceptance rate: 33.6%.
55% completed. Chain switching acceptance rate: 33.8%.
56% completed. Chain switching acceptance rate: 33.9%.
57% completed. Chain switching acceptance rate: 34.4%.
58% completed. Chain switching acceptance rate: 34.7%.
59% completed. Chain switching acceptance rate: 35.1%.
60% completed. Chain switching acceptance rate: 35.3%.
61% completed. Chain switching acceptance rate: 35.3%.
62% completed. Chain switching acceptance rate: 35.4%.
63% completed. Chain switching acceptance rate: 35.6%.
64% completed. Chain switching acceptance rate: 35.9%.
65% completed. Chain switching acceptance rate: 35.8%.
66% completed. Chain switching acceptance rate: 35.9%.
67% completed. Chain switching acceptance rate: 35.7%.
68% completed. Chain switching acceptance rate: 35.7%.
69% completed. Chain switching acceptance rate: 35.7%.
70% completed. Chain switching acceptance rate: 35.8%.
71% completed. Chain switching acceptance rate: 35.8%.
72% completed. Chain switching acceptance rate: 35.8%.
73% completed. Chain switching acceptance rate: 36%.
74% completed. Chain switching acceptance rate: 35.9%.
75% completed. Chain switching acceptance rate: 36.4%.
76% completed. Chain switching acceptance rate: 36.1%.
77% completed. Chain switching acceptance rate: 36.3%.
78% completed. Chain switching acceptance rate: 36.4%.
79% completed. Chain switching acceptance rate: 36.5%.
80% completed. Chain switching acceptance rate: 36.8%.
81% completed. Chain switching acceptance rate: 36.8%.
82% completed. Chain switching acceptance rate: 36.4%.
83% completed. Chain switching acceptance rate: 36.3%.
84% completed. Chain switching acceptance rate: 36.3%.
85% completed. Chain switching acceptance rate: 36.2%.
86% completed. Chain switching acceptance rate: 36.4%.
87% completed. Chain switching acceptance rate: 36.4%.
88% completed. Chain switching acceptance rate: 36.7%.
89% completed. Chain switching acceptance rate: 36.9%.
90% completed. Chain switching acceptance rate: 37%.
91% completed. Chain switching acceptance rate: 36.9%.
92% completed. Chain switching acceptance rate: 37%.
93% completed. Chain switching acceptance rate: 37%.
94% completed. Chain switching acceptance rate: 37%.
95% completed. Chain switching acceptance rate: 36.9%.
96% completed. Chain switching acceptance rate: 37%.
97% completed. Chain switching acceptance rate: 36.8%.
98% completed. Chain switching acceptance rate: 36.9%.
99% completed. Chain switching acceptance rate: 36.8%.
100% completed. Chain switching acceptance rate: 36.7%.
1% completed. Chain switching acceptance rate: 20%.
2% completed. Chain switching acceptance rate: 36.7%.
3% completed. Chain switching acceptance rate: 33.3%.
4% completed. Chain switching acceptance rate: 35%.
5% completed. Chain switching acceptance rate: 28%.
6% completed. Chain switching acceptance rate: 23.3%.
7% completed. Chain switching acceptance rate: 20%.
8% completed. Chain switching acceptance rate: 17.5%.
9% completed. Chain switching acceptance rate: 15.6%.
10% completed. Chain switching acceptance rate: 14.7%.
11% completed. Chain switching acceptance rate: 13.9%.
12% completed. Chain switching acceptance rate: 14.4%.
13% completed. Chain switching acceptance rate: 13.3%.
14% completed. Chain switching acceptance rate: 12.4%.
15% completed. Chain switching acceptance rate: 11.6%.
16% completed. Chain switching acceptance rate: 10.8%.
17% completed. Chain switching acceptance rate: 11%.
18% completed. Chain switching acceptance rate: 10.4%.
19% completed. Chain switching acceptance rate: 10.5%.
20% completed. Chain switching acceptance rate: 10%.
21% completed. Chain switching acceptance rate: 9.5%.
22% completed. Chain switching acceptance rate: 9.1%.
23% completed. Chain switching acceptance rate: 8.7%.
24% completed. Chain switching acceptance rate: 8.3%.
25% completed. Chain switching acceptance rate: 8%.
26% completed. Chain switching acceptance rate: 7.7%.
27% completed. Chain switching acceptance rate: 7.4%.
28% completed. Chain switching acceptance rate: 7.4%.
29% completed. Chain switching acceptance rate: 7.1%.
30% completed. Chain switching acceptance rate: 7.1%.
31% completed. Chain switching acceptance rate: 6.9%.
32% completed. Chain switching acceptance rate: 6.7%.
33% completed. Chain switching acceptance rate: 6.5%.
34% completed. Chain switching acceptance rate: 6.5%.
35% completed. Chain switching acceptance rate: 6.3%.
36% completed. Chain switching acceptance rate: 6.1%.
37% completed. Chain switching acceptance rate: 5.9%.
38% completed. Chain switching acceptance rate: 6%.
39% completed. Chain switching acceptance rate: 5.8%.
40% completed. Chain switching acceptance rate: 6%.
41% completed. Chain switching acceptance rate: 6%.
42% completed. Chain switching acceptance rate: 6%.
43% completed. Chain switching acceptance rate: 5.9%.
44% completed. Chain switching acceptance rate: 5.9%.
45% completed. Chain switching acceptance rate: 5.9%.
46% completed. Chain switching acceptance rate: 5.8%.
47% completed. Chain switching acceptance rate: 5.7%.
48% completed. Chain switching acceptance rate: 5.8%.
49% completed. Chain switching acceptance rate: 5.7%.
50% completed. Chain switching acceptance rate: 5.6%.
51% completed. Chain switching acceptance rate: 5.8%.
52% completed. Chain switching acceptance rate: 5.8%.
53% completed. Chain switching acceptance rate: 5.8%.
54% completed. Chain switching acceptance rate: 6%.
55% completed. Chain switching acceptance rate: 6.1%.
56% completed. Chain switching acceptance rate: 6.2%.
57% completed. Chain switching acceptance rate: 6.2%.
58% completed. Chain switching acceptance rate: 6.2%.
59% completed. Chain switching acceptance rate: 6.3%.
60% completed. Chain switching acceptance rate: 6.4%.
61% completed. Chain switching acceptance rate: 6.3%.
62% completed. Chain switching acceptance rate: 6.3%.
63% completed. Chain switching acceptance rate: 6.6%.
64% completed. Chain switching acceptance rate: 6.5%.
65% completed. Chain switching acceptance rate: 6.4%.
66% completed. Chain switching acceptance rate: 6.4%.
67% completed. Chain switching acceptance rate: 6.4%.
68% completed. Chain switching acceptance rate: 6.3%.
69% completed. Chain switching acceptance rate: 6.2%.
70% completed. Chain switching acceptance rate: 6.2%.
71% completed. Chain switching acceptance rate: 6.2%.
72% completed. Chain switching acceptance rate: 6.1%.
73% completed. Chain switching acceptance rate: 6%.
74% completed. Chain switching acceptance rate: 6%.
75% completed. Chain switching acceptance rate: 6%.
76% completed. Chain switching acceptance rate: 6%.
77% completed. Chain switching acceptance rate: 5.9%.
78% completed. Chain switching acceptance rate: 5.8%.
79% completed. Chain switching acceptance rate: 5.7%.
80% completed. Chain switching acceptance rate: 5.7%.
81% completed. Chain switching acceptance rate: 5.8%.
82% completed. Chain switching acceptance rate: 5.7%.
83% completed. Chain switching acceptance rate: 5.7%.
84% completed. Chain switching acceptance rate: 5.7%.
85% completed. Chain switching acceptance rate: 5.6%.
86% completed. Chain switching acceptance rate: 5.6%.
87% completed. Chain switching acceptance rate: 5.5%.
88% completed. Chain switching acceptance rate: 5.5%.
89% completed. Chain switching acceptance rate: 5.6%.
90% completed. Chain switching acceptance rate: 5.6%.
91% completed. Chain switching acceptance rate: 5.5%.
92% completed. Chain switching acceptance rate: 5.7%.
93% completed. Chain switching acceptance rate: 5.6%.
94% completed. Chain switching acceptance rate: 5.5%.
95% completed. Chain switching acceptance rate: 5.5%.
96% completed. Chain switching acceptance rate: 5.6%.
97% completed. Chain switching acceptance rate: 5.6%.
98% completed. Chain switching acceptance rate: 5.6%.
99% completed. Chain switching acceptance rate: 5.5%.
100% completed. Chain switching acceptance rate: 5.7%.
1% completed. Chain switching acceptance rate: 26.7%.
2% completed. Chain switching acceptance rate: 13.3%.
3% completed. Chain switching acceptance rate: 13.3%.
4% completed. Chain switching acceptance rate: 13.3%.
5% completed. Chain switching acceptance rate: 13.3%.
6% completed. Chain switching acceptance rate: 12.2%.
7% completed. Chain switching acceptance rate: 10.5%.
8% completed. Chain switching acceptance rate: 9.2%.
9% completed. Chain switching acceptance rate: 8.1%.
10% completed. Chain switching acceptance rate: 7.3%.
11% completed. Chain switching acceptance rate: 6.7%.
12% completed. Chain switching acceptance rate: 6.1%.
13% completed. Chain switching acceptance rate: 5.6%.
14% completed. Chain switching acceptance rate: 5.2%.
15% completed. Chain switching acceptance rate: 4.9%.
16% completed. Chain switching acceptance rate: 4.6%.
17% completed. Chain switching acceptance rate: 4.3%.
18% completed. Chain switching acceptance rate: 4.1%.
19% completed. Chain switching acceptance rate: 3.9%.
20% completed. Chain switching acceptance rate: 3.7%.
21% completed. Chain switching acceptance rate: 3.5%.
22% completed. Chain switching acceptance rate: 3.3%.
23% completed. Chain switching acceptance rate: 3.2%.
24% completed. Chain switching acceptance rate: 3.1%.
25% completed. Chain switching acceptance rate: 2.9%.
26% completed. Chain switching acceptance rate: 2.8%.
27% completed. Chain switching acceptance rate: 2.7%.
28% completed. Chain switching acceptance rate: 2.6%.
29% completed. Chain switching acceptance rate: 2.5%.
30% completed. Chain switching acceptance rate: 2.4%.
31% completed. Chain switching acceptance rate: 2.4%.
32% completed. Chain switching acceptance rate: 2.3%.
33% completed. Chain switching acceptance rate: 2.2%.
34% completed. Chain switching acceptance rate: 2.2%.
35% completed. Chain switching acceptance rate: 2.1%.
36% completed. Chain switching acceptance rate: 2%.
37% completed. Chain switching acceptance rate: 2%.
38% completed. Chain switching acceptance rate: 1.9%.
39% completed. Chain switching acceptance rate: 1.9%.
40% completed. Chain switching acceptance rate: 1.8%.
41% completed. Chain switching acceptance rate: 1.8%.
42% completed. Chain switching acceptance rate: 1.7%.
43% completed. Chain switching acceptance rate: 1.7%.
44% completed. Chain switching acceptance rate: 1.7%.
45% completed. Chain switching acceptance rate: 1.6%.
46% completed. Chain switching acceptance rate: 1.6%.
47% completed. Chain switching acceptance rate: 1.6%.
48% completed. Chain switching acceptance rate: 1.5%.
49% completed. Chain switching acceptance rate: 1.5%.
50% completed. Chain switching acceptance rate: 1.5%.
51% completed. Chain switching acceptance rate: 1.4%.
52% completed. Chain switching acceptance rate: 1.4%.
53% completed. Chain switching acceptance rate: 1.4%.
54% completed. Chain switching acceptance rate: 1.4%.
55% completed. Chain switching acceptance rate: 1.3%.
56% completed. Chain switching acceptance rate: 1.3%.
57% completed. Chain switching acceptance rate: 1.3%.
58% completed. Chain switching acceptance rate: 1.3%.
59% completed. Chain switching acceptance rate: 1.2%.
60% completed. Chain switching acceptance rate: 1.2%.
61% completed. Chain switching acceptance rate: 1.2%.
62% completed. Chain switching acceptance rate: 1.2%.
63% completed. Chain switching acceptance rate: 1.2%.
64% completed. Chain switching acceptance rate: 1.1%.
65% completed. Chain switching acceptance rate: 1.1%.
66% completed. Chain switching acceptance rate: 1.1%.
67% completed. Chain switching acceptance rate: 1.1%.
68% completed. Chain switching acceptance rate: 1.1%.
69% completed. Chain switching acceptance rate: 1.1%.
70% completed. Chain switching acceptance rate: 1.1%.
71% completed. Chain switching acceptance rate: 1.1%.
72% completed. Chain switching acceptance rate: 1.1%.
73% completed. Chain switching acceptance rate: 1.1%.
74% completed. Chain switching acceptance rate: 1.1%.
75% completed. Chain switching acceptance rate: 1.1%.
76% completed. Chain switching acceptance rate: 1.1%.
77% completed. Chain switching acceptance rate: 1%.
78% completed. Chain switching acceptance rate: 1%.
79% completed. Chain switching acceptance rate: 1%.
80% completed. Chain switching acceptance rate: 1%.
81% completed. Chain switching acceptance rate: 1%.
82% completed. Chain switching acceptance rate: 1%.
83% completed. Chain switching acceptance rate: 1%.
84% completed. Chain switching acceptance rate: 1%.
85% completed. Chain switching acceptance rate: 0.9%.
86% completed. Chain switching acceptance rate: 0.9%.
87% completed. Chain switching acceptance rate: 0.9%.
88% completed. Chain switching acceptance rate: 0.9%.
89% completed. Chain switching acceptance rate: 0.9%.
90% completed. Chain switching acceptance rate: 0.9%.
91% completed. Chain switching acceptance rate: 0.9%.
92% completed. Chain switching acceptance rate: 0.9%.
93% completed. Chain switching acceptance rate: 0.9%.
94% completed. Chain switching acceptance rate: 0.9%.
95% completed. Chain switching acceptance rate: 0.8%.
96% completed. Chain switching acceptance rate: 0.8%.
97% completed. Chain switching acceptance rate: 0.8%.
98% completed. Chain switching acceptance rate: 0.8%.
99% completed. Chain switching acceptance rate: 0.8%.
100% completed. Chain switching acceptance rate: 0.8%.
1% completed. Chain switching acceptance rate: 6.7%.
2% completed. Chain switching acceptance rate: 3.3%.
3% completed. Chain switching acceptance rate: 2.2%.
4% completed. Chain switching acceptance rate: 1.7%.
5% completed. Chain switching acceptance rate: 1.3%.
6% completed. Chain switching acceptance rate: 1.1%.
7% completed. Chain switching acceptance rate: 1%.
8% completed. Chain switching acceptance rate: 0.8%.
9% completed. Chain switching acceptance rate: 0.7%.
10% completed. Chain switching acceptance rate: 0.7%.
11% completed. Chain switching acceptance rate: 0.6%.
12% completed. Chain switching acceptance rate: 0.6%.
13% completed. Chain switching acceptance rate: 0.5%.
14% completed. Chain switching acceptance rate: 0.5%.
15% completed. Chain switching acceptance rate: 0.4%.
16% completed. Chain switching acceptance rate: 0.4%.
17% completed. Chain switching acceptance rate: 0.4%.
18% completed. Chain switching acceptance rate: 0.4%.
19% completed. Chain switching acceptance rate: 0.4%.
20% completed. Chain switching acceptance rate: 0.3%.
21% completed. Chain switching acceptance rate: 0.3%.
22% completed. Chain switching acceptance rate: 0.3%.
23% completed. Chain switching acceptance rate: 0.3%.
24% completed. Chain switching acceptance rate: 0.3%.
25% completed. Chain switching acceptance rate: 0.3%.
26% completed. Chain switching acceptance rate: 0.3%.
27% completed. Chain switching acceptance rate: 0.2%.
28% completed. Chain switching acceptance rate: 0.2%.
29% completed. Chain switching acceptance rate: 0.2%.
30% completed. Chain switching acceptance rate: 0.2%.
31% completed. Chain switching acceptance rate: 0.2%.
32% completed. Chain switching acceptance rate: 0.2%.
33% completed. Chain switching acceptance rate: 0.2%.
34% completed. Chain switching acceptance rate: 0.2%.
35% completed. Chain switching acceptance rate: 0.2%.
36% completed. Chain switching acceptance rate: 0.2%.
37% completed. Chain switching acceptance rate: 0.2%.
38% completed. Chain switching acceptance rate: 0.2%.
39% completed. Chain switching acceptance rate: 0.2%.
40% completed. Chain switching acceptance rate: 0.2%.
41% completed. Chain switching acceptance rate: 0.2%.
42% completed. Chain switching acceptance rate: 0.2%.
43% completed. Chain switching acceptance rate: 0.2%.
44% completed. Chain switching acceptance rate: 0.2%.
45% completed. Chain switching acceptance rate: 0.1%.
46% completed. Chain switching acceptance rate: 0.1%.
47% completed. Chain switching acceptance rate: 0.1%.
48% completed. Chain switching acceptance rate: 0.1%.
49% completed. Chain switching acceptance rate: 0.1%.
50% completed. Chain switching acceptance rate: 0.1%.
51% completed. Chain switching acceptance rate: 0.1%.
52% completed. Chain switching acceptance rate: 0.1%.
53% completed. Chain switching acceptance rate: 0.1%.
54% completed. Chain switching acceptance rate: 0.1%.
55% completed. Chain switching acceptance rate: 0.1%.
56% completed. Chain switching acceptance rate: 0.1%.
57% completed. Chain switching acceptance rate: 0.1%.
58% completed. Chain switching acceptance rate: 0.1%.
59% completed. Chain switching acceptance rate: 0.1%.
60% completed. Chain switching acceptance rate: 0.1%.
61% completed. Chain switching acceptance rate: 0.1%.
62% completed. Chain switching acceptance rate: 0.1%.
63% completed. Chain switching acceptance rate: 0.1%.
64% completed. Chain switching acceptance rate: 0.1%.
65% completed. Chain switching acceptance rate: 0.1%.
66% completed. Chain switching acceptance rate: 0.1%.
67% completed. Chain switching acceptance rate: 0.1%.
68% completed. Chain switching acceptance rate: 0.1%.
69% completed. Chain switching acceptance rate: 0.1%.
70% completed. Chain switching acceptance rate: 0.1%.
71% completed. Chain switching acceptance rate: 0.1%.
72% completed. Chain switching acceptance rate: 0.1%.
73% completed. Chain switching acceptance rate: 0.1%.
74% completed. Chain switching acceptance rate: 0.1%.
75% completed. Chain switching acceptance rate: 0.1%.
76% completed. Chain switching acceptance rate: 0.1%.
77% completed. Chain switching acceptance rate: 0.1%.
78% completed. Chain switching acceptance rate: 0.1%.
79% completed. Chain switching acceptance rate: 0.1%.
80% completed. Chain switching acceptance rate: 0.1%.
81% completed. Chain switching acceptance rate: 0.1%.
82% completed. Chain switching acceptance rate: 0.1%.
83% completed. Chain switching acceptance rate: 0.1%.
84% completed. Chain switching acceptance rate: 0.1%.
85% completed. Chain switching acceptance rate: 0.1%.
86% completed. Chain switching acceptance rate: 0.1%.
87% completed. Chain switching acceptance rate: 0.1%.
88% completed. Chain switching acceptance rate: 0.1%.
89% completed. Chain switching acceptance rate: 0.1%.
90% completed. Chain switching acceptance rate: 0.1%.
91% completed. Chain switching acceptance rate: 0.1%.
92% completed. Chain switching acceptance rate: 0.1%.
93% completed. Chain switching acceptance rate: 0.1%.
94% completed. Chain switching acceptance rate: 0.1%.
95% completed. Chain switching acceptance rate: 0.1%.
96% completed. Chain switching acceptance rate: 0.1%.
97% completed. Chain switching acceptance rate: 0.1%.
98% completed. Chain switching acceptance rate: 0.1%.
99% completed. Chain switching acceptance rate: 0.1%.
100% completed. Chain switching acceptance rate: 0.1%.
1% completed. Chain switching acceptance rate: 46.7%.
2% completed. Chain switching acceptance rate: 56.7%.
3% completed. Chain switching acceptance rate: 48.9%.
4% completed. Chain switching acceptance rate: 51.7%.
5% completed. Chain switching acceptance rate: 53.3%.
6% completed. Chain switching acceptance rate: 52.2%.
7% completed. Chain switching acceptance rate: 52.4%.
8% completed. Chain switching acceptance rate: 51.7%.
9% completed. Chain switching acceptance rate: 50.4%.
10% completed. Chain switching acceptance rate: 50%.
11% completed. Chain switching acceptance rate: 50.9%.
12% completed. Chain switching acceptance rate: 50%.
13% completed. Chain switching acceptance rate: 48.7%.
14% completed. Chain switching acceptance rate: 47.1%.
15% completed. Chain switching acceptance rate: 46.7%.
16% completed. Chain switching acceptance rate: 46.2%.
17% completed. Chain switching acceptance rate: 45.9%.
18% completed. Chain switching acceptance rate: 45.6%.
19% completed. Chain switching acceptance rate: 44.2%.
20% completed. Chain switching acceptance rate: 44.7%.
21% completed. Chain switching acceptance rate: 45.1%.
22% completed. Chain switching acceptance rate: 44.5%.
23% completed. Chain switching acceptance rate: 44.3%.
24% completed. Chain switching acceptance rate: 44.4%.
25% completed. Chain switching acceptance rate: 45.3%.
26% completed. Chain switching acceptance rate: 45.4%.
27% completed. Chain switching acceptance rate: 45.2%.
28% completed. Chain switching acceptance rate: 44.3%.
29% completed. Chain switching acceptance rate: 43.7%.
30% completed. Chain switching acceptance rate: 44.4%.
31% completed. Chain switching acceptance rate: 45.2%.
32% completed. Chain switching acceptance rate: 45.4%.
33% completed. Chain switching acceptance rate: 45.3%.
34% completed. Chain switching acceptance rate: 45.5%.
35% completed. Chain switching acceptance rate: 45.3%.
36% completed. Chain switching acceptance rate: 45.9%.
37% completed. Chain switching acceptance rate: 45.9%.
38% completed. Chain switching acceptance rate: 45.6%.
39% completed. Chain switching acceptance rate: 45.6%.
40% completed. Chain switching acceptance rate: 46.2%.
41% completed. Chain switching acceptance rate: 45.9%.
42% completed. Chain switching acceptance rate: 46.2%.
43% completed. Chain switching acceptance rate: 46.7%.
44% completed. Chain switching acceptance rate: 47%.
45% completed. Chain switching acceptance rate: 46.7%.
46% completed. Chain switching acceptance rate: 47.4%.
47% completed. Chain switching acceptance rate: 47.2%.
48% completed. Chain switching acceptance rate: 47.1%.
49% completed. Chain switching acceptance rate: 47.1%.
50% completed. Chain switching acceptance rate: 47.6%.
51% completed. Chain switching acceptance rate: 47.6%.
52% completed. Chain switching acceptance rate: 47.7%.
53% completed. Chain switching acceptance rate: 47.5%.
54% completed. Chain switching acceptance rate: 47.5%.
55% completed. Chain switching acceptance rate: 47.8%.
56% completed. Chain switching acceptance rate: 47.7%.
57% completed. Chain switching acceptance rate: 48.2%.
58% completed. Chain switching acceptance rate: 48.4%.
59% completed. Chain switching acceptance rate: 48.5%.
60% completed. Chain switching acceptance rate: 48.2%.
61% completed. Chain switching acceptance rate: 48%.
62% completed. Chain switching acceptance rate: 48.3%.
63% completed. Chain switching acceptance rate: 48.3%.
64% completed. Chain switching acceptance rate: 47.9%.
65% completed. Chain switching acceptance rate: 48.2%.
66% completed. Chain switching acceptance rate: 48.2%.
67% completed. Chain switching acceptance rate: 47.9%.
68% completed. Chain switching acceptance rate: 47.6%.
69% completed. Chain switching acceptance rate: 47.6%.
70% completed. Chain switching acceptance rate: 47.6%.
71% completed. Chain switching acceptance rate: 47.8%.
72% completed. Chain switching acceptance rate: 48.1%.
73% completed. Chain switching acceptance rate: 48.2%.
74% completed. Chain switching acceptance rate: 48.4%.
75% completed. Chain switching acceptance rate: 48.3%.
76% completed. Chain switching acceptance rate: 48.4%.
77% completed. Chain switching acceptance rate: 48.4%.
78% completed. Chain switching acceptance rate: 48.5%.
79% completed. Chain switching acceptance rate: 48.4%.
80% completed. Chain switching acceptance rate: 48.5%.
81% completed. Chain switching acceptance rate: 48.2%.
82% completed. Chain switching acceptance rate: 48.3%.
83% completed. Chain switching acceptance rate: 48.4%.
84% completed. Chain switching acceptance rate: 48.4%.
85% completed. Chain switching acceptance rate: 48.4%.
86% completed. Chain switching acceptance rate: 48.6%.
87% completed. Chain switching acceptance rate: 48.7%.
88% completed. Chain switching acceptance rate: 48.9%.
89% completed. Chain switching acceptance rate: 49.1%.
90% completed. Chain switching acceptance rate: 49%.
91% completed. Chain switching acceptance rate: 48.8%.
92% completed. Chain switching acceptance rate: 48.7%.
93% completed. Chain switching acceptance rate: 49%.
94% completed. Chain switching acceptance rate: 49%.
95% completed. Chain switching acceptance rate: 48.8%.
96% completed. Chain switching acceptance rate: 48.9%.
97% completed. Chain switching acceptance rate: 48.9%.
98% completed. Chain switching acceptance rate: 48.8%.
99% completed. Chain switching acceptance rate: 48.8%.
100% completed. Chain switching acceptance rate: 48.9%.
1% completed. Chain switching acceptance rate: 46.7%.
2% completed. Chain switching acceptance rate: 23.3%.
3% completed. Chain switching acceptance rate: 17.8%.
4% completed. Chain switching acceptance rate: 16.7%.
5% completed. Chain switching acceptance rate: 14.7%.
6% completed. Chain switching acceptance rate: 13.3%.
7% completed. Chain switching acceptance rate: 13.3%.
8% completed. Chain switching acceptance rate: 14.2%.
9% completed. Chain switching acceptance rate: 13.3%.
10% completed. Chain switching acceptance rate: 12.7%.
11% completed. Chain switching acceptance rate: 11.5%.
12% completed. Chain switching acceptance rate: 10.6%.
13% completed. Chain switching acceptance rate: 10.8%.
14% completed. Chain switching acceptance rate: 11%.
15% completed. Chain switching acceptance rate: 10.7%.
16% completed. Chain switching acceptance rate: 10.4%.
17% completed. Chain switching acceptance rate: 10.2%.
18% completed. Chain switching acceptance rate: 10.4%.
19% completed. Chain switching acceptance rate: 10.5%.
20% completed. Chain switching acceptance rate: 10.7%.
21% completed. Chain switching acceptance rate: 10.8%.
22% completed. Chain switching acceptance rate: 10.6%.
23% completed. Chain switching acceptance rate: 11.3%.
24% completed. Chain switching acceptance rate: 11.1%.
25% completed. Chain switching acceptance rate: 11.7%.
26% completed. Chain switching acceptance rate: 11.3%.
27% completed. Chain switching acceptance rate: 11.6%.
28% completed. Chain switching acceptance rate: 11.4%.
29% completed. Chain switching acceptance rate: 11.3%.
30% completed. Chain switching acceptance rate: 11.3%.
31% completed. Chain switching acceptance rate: 11.2%.
32% completed. Chain switching acceptance rate: 11.2%.
33% completed. Chain switching acceptance rate: 11.1%.
34% completed. Chain switching acceptance rate: 11.4%.
35% completed. Chain switching acceptance rate: 11.4%.
36% completed. Chain switching acceptance rate: 11.1%.
37% completed. Chain switching acceptance rate: 11.4%.
38% completed. Chain switching acceptance rate: 11.4%.
39% completed. Chain switching acceptance rate: 11.5%.
40% completed. Chain switching acceptance rate: 11.7%.
41% completed. Chain switching acceptance rate: 11.5%.
42% completed. Chain switching acceptance rate: 11.4%.
43% completed. Chain switching acceptance rate: 11.3%.
44% completed. Chain switching acceptance rate: 11.2%.
45% completed. Chain switching acceptance rate: 11%.
46% completed. Chain switching acceptance rate: 11.2%.
47% completed. Chain switching acceptance rate: 11.1%.
48% completed. Chain switching acceptance rate: 11.1%.
49% completed. Chain switching acceptance rate: 11.2%.
50% completed. Chain switching acceptance rate: 11.2%.
51% completed. Chain switching acceptance rate: 11.2%.
52% completed. Chain switching acceptance rate: 11.2%.
53% completed. Chain switching acceptance rate: 11.1%.
54% completed. Chain switching acceptance rate: 11.1%.
55% completed. Chain switching acceptance rate: 11%.
56% completed. Chain switching acceptance rate: 11%.
57% completed. Chain switching acceptance rate: 10.8%.
58% completed. Chain switching acceptance rate: 10.7%.
59% completed. Chain switching acceptance rate: 10.5%.
60% completed. Chain switching acceptance rate: 10.4%.
61% completed. Chain switching acceptance rate: 10.7%.
62% completed. Chain switching acceptance rate: 10.8%.
63% completed. Chain switching acceptance rate: 10.8%.
64% completed. Chain switching acceptance rate: 10.7%.
65% completed. Chain switching acceptance rate: 10.8%.
66% completed. Chain switching acceptance rate: 10.7%.
67% completed. Chain switching acceptance rate: 10.6%.
68% completed. Chain switching acceptance rate: 10.7%.
69% completed. Chain switching acceptance rate: 10.5%.
70% completed. Chain switching acceptance rate: 10.6%.
71% completed. Chain switching acceptance rate: 10.6%.
72% completed. Chain switching acceptance rate: 10.5%.
73% completed. Chain switching acceptance rate: 10.5%.
74% completed. Chain switching acceptance rate: 10.4%.
75% completed. Chain switching acceptance rate: 10.6%.
76% completed. Chain switching acceptance rate: 10.5%.
77% completed. Chain switching acceptance rate: 10.6%.
78% completed. Chain switching acceptance rate: 10.5%.
79% completed. Chain switching acceptance rate: 10.5%.
80% completed. Chain switching acceptance rate: 10.5%.
81% completed. Chain switching acceptance rate: 10.5%.
82% completed. Chain switching acceptance rate: 10.5%.
83% completed. Chain switching acceptance rate: 10.4%.
84% completed. Chain switching acceptance rate: 10.6%.
85% completed. Chain switching acceptance rate: 10.7%.
86% completed. Chain switching acceptance rate: 10.9%.
87% completed. Chain switching acceptance rate: 10.8%.
88% completed. Chain switching acceptance rate: 10.8%.
89% completed. Chain switching acceptance rate: 10.9%.
90% completed. Chain switching acceptance rate: 10.8%.
91% completed. Chain switching acceptance rate: 10.7%.
92% completed. Chain switching acceptance rate: 10.7%.
93% completed. Chain switching acceptance rate: 10.7%.
94% completed. Chain switching acceptance rate: 10.8%.
95% completed. Chain switching acceptance rate: 10.7%.
96% completed. Chain switching acceptance rate: 10.8%.
97% completed. Chain switching acceptance rate: 10.9%.
98% completed. Chain switching acceptance rate: 10.8%.
99% completed. Chain switching acceptance rate: 10.7%.
100% completed. Chain switching acceptance rate: 10.6%.
1% completed. Chain switching acceptance rate: 20%.
2% completed. Chain switching acceptance rate: 10%.
3% completed. Chain switching acceptance rate: 6.7%.
4% completed. Chain switching acceptance rate: 5%.
5% completed. Chain switching acceptance rate: 4%.
6% completed. Chain switching acceptance rate: 3.3%.
7% completed. Chain switching acceptance rate: 2.9%.
8% completed. Chain switching acceptance rate: 2.5%.
9% completed. Chain switching acceptance rate: 2.2%.
10% completed. Chain switching acceptance rate: 2%.
11% completed. Chain switching acceptance rate: 1.8%.
12% completed. Chain switching acceptance rate: 1.7%.
13% completed. Chain switching acceptance rate: 1.5%.
14% completed. Chain switching acceptance rate: 1.4%.
15% completed. Chain switching acceptance rate: 1.3%.
16% completed. Chain switching acceptance rate: 1.3%.
17% completed. Chain switching acceptance rate: 1.2%.
18% completed. Chain switching acceptance rate: 1.1%.
19% completed. Chain switching acceptance rate: 1.1%.
20% completed. Chain switching acceptance rate: 1%.
21% completed. Chain switching acceptance rate: 1%.
22% completed. Chain switching acceptance rate: 0.9%.
23% completed. Chain switching acceptance rate: 0.9%.
24% completed. Chain switching acceptance rate: 0.8%.
25% completed. Chain switching acceptance rate: 0.8%.
26% completed. Chain switching acceptance rate: 0.8%.
27% completed. Chain switching acceptance rate: 0.7%.
28% completed. Chain switching acceptance rate: 1%.
29% completed. Chain switching acceptance rate: 0.9%.
30% completed. Chain switching acceptance rate: 0.9%.
31% completed. Chain switching acceptance rate: 0.9%.
32% completed. Chain switching acceptance rate: 0.8%.
33% completed. Chain switching acceptance rate: 0.8%.
34% completed. Chain switching acceptance rate: 0.8%.
35% completed. Chain switching acceptance rate: 0.8%.
36% completed. Chain switching acceptance rate: 0.7%.
37% completed. Chain switching acceptance rate: 0.9%.
38% completed. Chain switching acceptance rate: 0.9%.
39% completed. Chain switching acceptance rate: 0.9%.
40% completed. Chain switching acceptance rate: 0.8%.
41% completed. Chain switching acceptance rate: 0.8%.
42% completed. Chain switching acceptance rate: 0.8%.
43% completed. Chain switching acceptance rate: 0.9%.
44% completed. Chain switching acceptance rate: 1.2%.
45% completed. Chain switching acceptance rate: 1.2%.
46% completed. Chain switching acceptance rate: 1.2%.
47% completed. Chain switching acceptance rate: 1.1%.
48% completed. Chain switching acceptance rate: 1.1%.
49% completed. Chain switching acceptance rate: 1.1%.
50% completed. Chain switching acceptance rate: 1.1%.
51% completed. Chain switching acceptance rate: 1.2%.
52% completed. Chain switching acceptance rate: 1.2%.
53% completed. Chain switching acceptance rate: 1.3%.
54% completed. Chain switching acceptance rate: 1.4%.
55% completed. Chain switching acceptance rate: 1.3%.
56% completed. Chain switching acceptance rate: 1.3%.
57% completed. Chain switching acceptance rate: 1.3%.
58% completed. Chain switching acceptance rate: 1.3%.
59% completed. Chain switching acceptance rate: 1.2%.
60% completed. Chain switching acceptance rate: 1.2%.
61% completed. Chain switching acceptance rate: 1.2%.
62% completed. Chain switching acceptance rate: 1.2%.
63% completed. Chain switching acceptance rate: 1.3%.
64% completed. Chain switching acceptance rate: 1.4%.
65% completed. Chain switching acceptance rate: 1.3%.
66% completed. Chain switching acceptance rate: 1.3%.
67% completed. Chain switching acceptance rate: 1.3%.
68% completed. Chain switching acceptance rate: 1.3%.
69% completed. Chain switching acceptance rate: 1.3%.
70% completed. Chain switching acceptance rate: 1.2%.
71% completed. Chain switching acceptance rate: 1.2%.
72% completed. Chain switching acceptance rate: 1.2%.
73% completed. Chain switching acceptance rate: 1.2%.
74% completed. Chain switching acceptance rate: 1.2%.
75% completed. Chain switching acceptance rate: 1.2%.
76% completed. Chain switching acceptance rate: 1.1%.
77% completed. Chain switching acceptance rate: 1.2%.
78% completed. Chain switching acceptance rate: 1.2%.
79% completed. Chain switching acceptance rate: 1.2%.
80% completed. Chain switching acceptance rate: 1.2%.
81% completed. Chain switching acceptance rate: 1.2%.
82% completed. Chain switching acceptance rate: 1.1%.
83% completed. Chain switching acceptance rate: 1.1%.
84% completed. Chain switching acceptance rate: 1.1%.
85% completed. Chain switching acceptance rate: 1.1%.
86% completed. Chain switching acceptance rate: 1.1%.
87% completed. Chain switching acceptance rate: 1.1%.
88% completed. Chain switching acceptance rate: 1.1%.
89% completed. Chain switching acceptance rate: 1%.
90% completed. Chain switching acceptance rate: 1%.
91% completed. Chain switching acceptance rate: 1%.
92% completed. Chain switching acceptance rate: 1%.
93% completed. Chain switching acceptance rate: 1%.
94% completed. Chain switching acceptance rate: 1%.
95% completed. Chain switching acceptance rate: 1%.
96% completed. Chain switching acceptance rate: 1%.
97% completed. Chain switching acceptance rate: 1%.
98% completed. Chain switching acceptance rate: 1%.
99% completed. Chain switching acceptance rate: 0.9%.
100% completed. Chain switching acceptance rate: 0.9%.
1% completed. Chain switching acceptance rate: 13.3%.
2% completed. Chain switching acceptance rate: 6.7%.
3% completed. Chain switching acceptance rate: 4.4%.
4% completed. Chain switching acceptance rate: 3.3%.
5% completed. Chain switching acceptance rate: 2.7%.
6% completed. Chain switching acceptance rate: 2.2%.
7% completed. Chain switching acceptance rate: 1.9%.
8% completed. Chain switching acceptance rate: 1.7%.
9% completed. Chain switching acceptance rate: 1.5%.
10% completed. Chain switching acceptance rate: 1.3%.
11% completed. Chain switching acceptance rate: 1.2%.
12% completed. Chain switching acceptance rate: 1.1%.
13% completed. Chain switching acceptance rate: 1%.
14% completed. Chain switching acceptance rate: 1%.
15% completed. Chain switching acceptance rate: 0.9%.
16% completed. Chain switching acceptance rate: 0.8%.
17% completed. Chain switching acceptance rate: 0.8%.
18% completed. Chain switching acceptance rate: 0.7%.
19% completed. Chain switching acceptance rate: 0.7%.
20% completed. Chain switching acceptance rate: 0.7%.
21% completed. Chain switching acceptance rate: 0.6%.
22% completed. Chain switching acceptance rate: 0.6%.
23% completed. Chain switching acceptance rate: 0.6%.
24% completed. Chain switching acceptance rate: 0.6%.
25% completed. Chain switching acceptance rate: 0.5%.
26% completed. Chain switching acceptance rate: 0.5%.
27% completed. Chain switching acceptance rate: 0.5%.
28% completed. Chain switching acceptance rate: 0.5%.
29% completed. Chain switching acceptance rate: 0.5%.
30% completed. Chain switching acceptance rate: 0.4%.
31% completed. Chain switching acceptance rate: 0.4%.
32% completed. Chain switching acceptance rate: 0.4%.
33% completed. Chain switching acceptance rate: 0.4%.
34% completed. Chain switching acceptance rate: 0.4%.
35% completed. Chain switching acceptance rate: 0.4%.
36% completed. Chain switching acceptance rate: 0.4%.
37% completed. Chain switching acceptance rate: 0.4%.
38% completed. Chain switching acceptance rate: 0.4%.
39% completed. Chain switching acceptance rate: 0.3%.
40% completed. Chain switching acceptance rate: 0.3%.
41% completed. Chain switching acceptance rate: 0.3%.
42% completed. Chain switching acceptance rate: 0.3%.
43% completed. Chain switching acceptance rate: 0.3%.
44% completed. Chain switching acceptance rate: 0.3%.
45% completed. Chain switching acceptance rate: 0.3%.
46% completed. Chain switching acceptance rate: 0.3%.
47% completed. Chain switching acceptance rate: 0.3%.
48% completed. Chain switching acceptance rate: 0.3%.
49% completed. Chain switching acceptance rate: 0.3%.
50% completed. Chain switching acceptance rate: 0.3%.
51% completed. Chain switching acceptance rate: 0.3%.
52% completed. Chain switching acceptance rate: 0.3%.
53% completed. Chain switching acceptance rate: 0.3%.
54% completed. Chain switching acceptance rate: 0.2%.
55% completed. Chain switching acceptance rate: 0.2%.
56% completed. Chain switching acceptance rate: 0.2%.
57% completed. Chain switching acceptance rate: 0.2%.
58% completed. Chain switching acceptance rate: 0.2%.
59% completed. Chain switching acceptance rate: 0.2%.
60% completed. Chain switching acceptance rate: 0.2%.
61% completed. Chain switching acceptance rate: 0.2%.
62% completed. Chain switching acceptance rate: 0.2%.
63% completed. Chain switching acceptance rate: 0.2%.
64% completed. Chain switching acceptance rate: 0.2%.
65% completed. Chain switching acceptance rate: 0.2%.
66% completed. Chain switching acceptance rate: 0.2%.
67% completed. Chain switching acceptance rate: 0.2%.
68% completed. Chain switching acceptance rate: 0.2%.
69% completed. Chain switching acceptance rate: 0.2%.
70% completed. Chain switching acceptance rate: 0.2%.
71% completed. Chain switching acceptance rate: 0.2%.
72% completed. Chain switching acceptance rate: 0.2%.
73% completed. Chain switching acceptance rate: 0.2%.
74% completed. Chain switching acceptance rate: 0.2%.
75% completed. Chain switching acceptance rate: 0.2%.
76% completed. Chain switching acceptance rate: 0.2%.
77% completed. Chain switching acceptance rate: 0.2%.
78% completed. Chain switching acceptance rate: 0.2%.
79% completed. Chain switching acceptance rate: 0.2%.
80% completed. Chain switching acceptance rate: 0.2%.
81% completed. Chain switching acceptance rate: 0.2%.
82% completed. Chain switching acceptance rate: 0.2%.
83% completed. Chain switching acceptance rate: 0.2%.
84% completed. Chain switching acceptance rate: 0.2%.
85% completed. Chain switching acceptance rate: 0.2%.
86% completed. Chain switching acceptance rate: 0.2%.
87% completed. Chain switching acceptance rate: 0.2%.
88% completed. Chain switching acceptance rate: 0.2%.
89% completed. Chain switching acceptance rate: 0.1%.
90% completed. Chain switching acceptance rate: 0.1%.
91% completed. Chain switching acceptance rate: 0.1%.
92% completed. Chain switching acceptance rate: 0.1%.
93% completed. Chain switching acceptance rate: 0.1%.
94% completed. Chain switching acceptance rate: 0.1%.
95% completed. Chain switching acceptance rate: 0.1%.
96% completed. Chain switching acceptance rate: 0.1%.
97% completed. Chain switching acceptance rate: 0.1%.
98% completed. Chain switching acceptance rate: 0.1%.
99% completed. Chain switching acceptance rate: 0.1%.
100% completed. Chain switching acceptance rate: 0.1%.
