Loading required package: iterators
Loading required package: parallel
── Attaching core tidyverse packages ──────────────────────── tidyverse 2.0.0 ──
✔ dplyr     1.1.4     ✔ readr     2.1.5
✔ forcats   1.0.0     ✔ stringr   1.5.1
✔ ggplot2   3.4.4     ✔ tibble    3.2.1
✔ lubridate 1.9.3     ✔ tidyr     1.3.1
✔ purrr     1.0.2     
── Conflicts ────────────────────────────────────────── tidyverse_conflicts() ──
✖ purrr::accumulate() masks foreach::accumulate()
✖ dplyr::filter()     masks stats::filter()
✖ dplyr::lag()        masks stats::lag()
✖ purrr::when()       masks foreach::when()
ℹ Use the conflicted package (<http://conflicted.r-lib.org/>) to force all conflicts to become errors
1% completed. Chain switching acceptance rate: 33.3%.
2% completed. Chain switching acceptance rate: 30%.
3% completed. Chain switching acceptance rate: 51.1%.
4% completed. Chain switching acceptance rate: 60%.
5% completed. Chain switching acceptance rate: 64%.
6% completed. Chain switching acceptance rate: 66.7%.
7% completed. Chain switching acceptance rate: 65.7%.
8% completed. Chain switching acceptance rate: 64.2%.
9% completed. Chain switching acceptance rate: 63.7%.
10% completed. Chain switching acceptance rate: 58.7%.
11% completed. Chain switching acceptance rate: 55.2%.
12% completed. Chain switching acceptance rate: 54.4%.
13% completed. Chain switching acceptance rate: 54.9%.
14% completed. Chain switching acceptance rate: 56.2%.
15% completed. Chain switching acceptance rate: 56%.
16% completed. Chain switching acceptance rate: 55%.
17% completed. Chain switching acceptance rate: 54.1%.
18% completed. Chain switching acceptance rate: 52.6%.
19% completed. Chain switching acceptance rate: 52.6%.
20% completed. Chain switching acceptance rate: 52.7%.
21% completed. Chain switching acceptance rate: 53%.
22% completed. Chain switching acceptance rate: 52.1%.
23% completed. Chain switching acceptance rate: 51.3%.
24% completed. Chain switching acceptance rate: 50%.
25% completed. Chain switching acceptance rate: 50.1%.
26% completed. Chain switching acceptance rate: 49%.
27% completed. Chain switching acceptance rate: 48.9%.
28% completed. Chain switching acceptance rate: 48.3%.
29% completed. Chain switching acceptance rate: 48%.
30% completed. Chain switching acceptance rate: 48%.
31% completed. Chain switching acceptance rate: 46.9%.
32% completed. Chain switching acceptance rate: 47.5%.
33% completed. Chain switching acceptance rate: 48.1%.
34% completed. Chain switching acceptance rate: 48.8%.
35% completed. Chain switching acceptance rate: 49%.
36% completed. Chain switching acceptance rate: 49.1%.
37% completed. Chain switching acceptance rate: 49.7%.
38% completed. Chain switching acceptance rate: 51.1%.
39% completed. Chain switching acceptance rate: 51.1%.
40% completed. Chain switching acceptance rate: 51.5%.
41% completed. Chain switching acceptance rate: 52.4%.
42% completed. Chain switching acceptance rate: 52.4%.
43% completed. Chain switching acceptance rate: 52.1%.
44% completed. Chain switching acceptance rate: 52.4%.
45% completed. Chain switching acceptance rate: 52.9%.
46% completed. Chain switching acceptance rate: 52.9%.
47% completed. Chain switching acceptance rate: 53.5%.
48% completed. Chain switching acceptance rate: 54.2%.
49% completed. Chain switching acceptance rate: 54.4%.
50% completed. Chain switching acceptance rate: 54.9%.
51% completed. Chain switching acceptance rate: 55.3%.
52% completed. Chain switching acceptance rate: 56%.
53% completed. Chain switching acceptance rate: 56.5%.
54% completed. Chain switching acceptance rate: 56.5%.
55% completed. Chain switching acceptance rate: 56.6%.
56% completed. Chain switching acceptance rate: 57%.
57% completed. Chain switching acceptance rate: 57.4%.
58% completed. Chain switching acceptance rate: 57.7%.
59% completed. Chain switching acceptance rate: 57.7%.
60% completed. Chain switching acceptance rate: 58.2%.
61% completed. Chain switching acceptance rate: 58.7%.
62% completed. Chain switching acceptance rate: 59.1%.
63% completed. Chain switching acceptance rate: 59.5%.
64% completed. Chain switching acceptance rate: 59.8%.
65% completed. Chain switching acceptance rate: 60.2%.
66% completed. Chain switching acceptance rate: 60.3%.
67% completed. Chain switching acceptance rate: 60.4%.
68% completed. Chain switching acceptance rate: 60.7%.
69% completed. Chain switching acceptance rate: 61.2%.
70% completed. Chain switching acceptance rate: 61.4%.
71% completed. Chain switching acceptance rate: 61.6%.
72% completed. Chain switching acceptance rate: 61.4%.
73% completed. Chain switching acceptance rate: 61.8%.
74% completed. Chain switching acceptance rate: 61.7%.
75% completed. Chain switching acceptance rate: 61.9%.
76% completed. Chain switching acceptance rate: 62.1%.
77% completed. Chain switching acceptance rate: 62.3%.
78% completed. Chain switching acceptance rate: 62.2%.
79% completed. Chain switching acceptance rate: 62.5%.
80% completed. Chain switching acceptance rate: 62.6%.
81% completed. Chain switching acceptance rate: 62.6%.
82% completed. Chain switching acceptance rate: 62.6%.
83% completed. Chain switching acceptance rate: 62.3%.
84% completed. Chain switching acceptance rate: 62.1%.
85% completed. Chain switching acceptance rate: 62.2%.
86% completed. Chain switching acceptance rate: 62.2%.
87% completed. Chain switching acceptance rate: 62.1%.
88% completed. Chain switching acceptance rate: 62%.
89% completed. Chain switching acceptance rate: 62%.
90% completed. Chain switching acceptance rate: 61.9%.
91% completed. Chain switching acceptance rate: 61.7%.
92% completed. Chain switching acceptance rate: 61.3%.
93% completed. Chain switching acceptance rate: 61%.
94% completed. Chain switching acceptance rate: 61.1%.
95% completed. Chain switching acceptance rate: 61.2%.
96% completed. Chain switching acceptance rate: 61.3%.
97% completed. Chain switching acceptance rate: 61.4%.
98% completed. Chain switching acceptance rate: 61.6%.
99% completed. Chain switching acceptance rate: 61.7%.
100% completed. Chain switching acceptance rate: 61.8%.
1% completed. Chain switching acceptance rate: 66.7%.
2% completed. Chain switching acceptance rate: 83.3%.
3% completed. Chain switching acceptance rate: 71.1%.
4% completed. Chain switching acceptance rate: 65%.
5% completed. Chain switching acceptance rate: 65.3%.
6% completed. Chain switching acceptance rate: 66.7%.
7% completed. Chain switching acceptance rate: 69.5%.
8% completed. Chain switching acceptance rate: 70%.
9% completed. Chain switching acceptance rate: 67.4%.
10% completed. Chain switching acceptance rate: 68.7%.
11% completed. Chain switching acceptance rate: 68.5%.
12% completed. Chain switching acceptance rate: 66.7%.
13% completed. Chain switching acceptance rate: 66.7%.
14% completed. Chain switching acceptance rate: 67.6%.
15% completed. Chain switching acceptance rate: 68.4%.
16% completed. Chain switching acceptance rate: 67.9%.
17% completed. Chain switching acceptance rate: 65.9%.
18% completed. Chain switching acceptance rate: 64.4%.
19% completed. Chain switching acceptance rate: 63.9%.
20% completed. Chain switching acceptance rate: 62.7%.
21% completed. Chain switching acceptance rate: 62.5%.
22% completed. Chain switching acceptance rate: 62.4%.
23% completed. Chain switching acceptance rate: 61.4%.
24% completed. Chain switching acceptance rate: 61.7%.
25% completed. Chain switching acceptance rate: 61.9%.
26% completed. Chain switching acceptance rate: 61.3%.
27% completed. Chain switching acceptance rate: 60.7%.
28% completed. Chain switching acceptance rate: 60.7%.
29% completed. Chain switching acceptance rate: 60.5%.
30% completed. Chain switching acceptance rate: 60.9%.
31% completed. Chain switching acceptance rate: 60.9%.
32% completed. Chain switching acceptance rate: 60.6%.
33% completed. Chain switching acceptance rate: 60.4%.
34% completed. Chain switching acceptance rate: 60.8%.
35% completed. Chain switching acceptance rate: 60%.
36% completed. Chain switching acceptance rate: 59.1%.
37% completed. Chain switching acceptance rate: 58.6%.
38% completed. Chain switching acceptance rate: 58.2%.
39% completed. Chain switching acceptance rate: 57.6%.
40% completed. Chain switching acceptance rate: 57.2%.
41% completed. Chain switching acceptance rate: 56.3%.
42% completed. Chain switching acceptance rate: 55.6%.
43% completed. Chain switching acceptance rate: 55.5%.
44% completed. Chain switching acceptance rate: 55.3%.
45% completed. Chain switching acceptance rate: 54.8%.
46% completed. Chain switching acceptance rate: 54.1%.
47% completed. Chain switching acceptance rate: 53.6%.
48% completed. Chain switching acceptance rate: 53.2%.
49% completed. Chain switching acceptance rate: 53.1%.
50% completed. Chain switching acceptance rate: 52.8%.
51% completed. Chain switching acceptance rate: 52.4%.
52% completed. Chain switching acceptance rate: 52.1%.
53% completed. Chain switching acceptance rate: 51.6%.
54% completed. Chain switching acceptance rate: 51.5%.
55% completed. Chain switching acceptance rate: 51.2%.
56% completed. Chain switching acceptance rate: 50.6%.
57% completed. Chain switching acceptance rate: 50.2%.
58% completed. Chain switching acceptance rate: 49.7%.
59% completed. Chain switching acceptance rate: 49.3%.
60% completed. Chain switching acceptance rate: 49.1%.
61% completed. Chain switching acceptance rate: 48.7%.
62% completed. Chain switching acceptance rate: 48.5%.
63% completed. Chain switching acceptance rate: 47.9%.
64% completed. Chain switching acceptance rate: 47.5%.
65% completed. Chain switching acceptance rate: 47.2%.
66% completed. Chain switching acceptance rate: 47.1%.
67% completed. Chain switching acceptance rate: 46.6%.
68% completed. Chain switching acceptance rate: 46.3%.
69% completed. Chain switching acceptance rate: 45.9%.
70% completed. Chain switching acceptance rate: 45.8%.
71% completed. Chain switching acceptance rate: 45.4%.
72% completed. Chain switching acceptance rate: 45.3%.
73% completed. Chain switching acceptance rate: 45.3%.
74% completed. Chain switching acceptance rate: 45.4%.
75% completed. Chain switching acceptance rate: 45.4%.
76% completed. Chain switching acceptance rate: 45.3%.
77% completed. Chain switching acceptance rate: 44.9%.
78% completed. Chain switching acceptance rate: 44.7%.
79% completed. Chain switching acceptance rate: 44.6%.
80% completed. Chain switching acceptance rate: 44.5%.
81% completed. Chain switching acceptance rate: 44.5%.
82% completed. Chain switching acceptance rate: 44.2%.
83% completed. Chain switching acceptance rate: 43.9%.
84% completed. Chain switching acceptance rate: 43.8%.
85% completed. Chain switching acceptance rate: 44.2%.
86% completed. Chain switching acceptance rate: 43.8%.
87% completed. Chain switching acceptance rate: 43.8%.
88% completed. Chain switching acceptance rate: 43.6%.
89% completed. Chain switching acceptance rate: 43.5%.
90% completed. Chain switching acceptance rate: 43.3%.
91% completed. Chain switching acceptance rate: 43.3%.
92% completed. Chain switching acceptance rate: 43.4%.
93% completed. Chain switching acceptance rate: 43.2%.
94% completed. Chain switching acceptance rate: 43.3%.
95% completed. Chain switching acceptance rate: 43.4%.
96% completed. Chain switching acceptance rate: 43.1%.
97% completed. Chain switching acceptance rate: 43.2%.
98% completed. Chain switching acceptance rate: 43.1%.
99% completed. Chain switching acceptance rate: 42.8%.
100% completed. Chain switching acceptance rate: 42.6%.
1% completed. Chain switching acceptance rate: 66.7%.
2% completed. Chain switching acceptance rate: 46.7%.
3% completed. Chain switching acceptance rate: 42.2%.
4% completed. Chain switching acceptance rate: 41.7%.
5% completed. Chain switching acceptance rate: 41.3%.
6% completed. Chain switching acceptance rate: 41.1%.
7% completed. Chain switching acceptance rate: 36.2%.
8% completed. Chain switching acceptance rate: 34.2%.
9% completed. Chain switching acceptance rate: 31.9%.
10% completed. Chain switching acceptance rate: 30%.
11% completed. Chain switching acceptance rate: 28.5%.
12% completed. Chain switching acceptance rate: 27.2%.
13% completed. Chain switching acceptance rate: 25.6%.
14% completed. Chain switching acceptance rate: 24.3%.
15% completed. Chain switching acceptance rate: 25.3%.
16% completed. Chain switching acceptance rate: 24.2%.
17% completed. Chain switching acceptance rate: 23.5%.
18% completed. Chain switching acceptance rate: 23%.
19% completed. Chain switching acceptance rate: 23.2%.
20% completed. Chain switching acceptance rate: 23.3%.
21% completed. Chain switching acceptance rate: 23.5%.
22% completed. Chain switching acceptance rate: 23%.
23% completed. Chain switching acceptance rate: 22%.
24% completed. Chain switching acceptance rate: 21.1%.
25% completed. Chain switching acceptance rate: 21.3%.
26% completed. Chain switching acceptance rate: 21.3%.
27% completed. Chain switching acceptance rate: 21.2%.
28% completed. Chain switching acceptance rate: 21.2%.
29% completed. Chain switching acceptance rate: 21.6%.
30% completed. Chain switching acceptance rate: 21.1%.
31% completed. Chain switching acceptance rate: 20.6%.
32% completed. Chain switching acceptance rate: 20.4%.
33% completed. Chain switching acceptance rate: 20%.
34% completed. Chain switching acceptance rate: 19.8%.
35% completed. Chain switching acceptance rate: 19.4%.
36% completed. Chain switching acceptance rate: 19.3%.
37% completed. Chain switching acceptance rate: 19.1%.
38% completed. Chain switching acceptance rate: 18.6%.
39% completed. Chain switching acceptance rate: 18.6%.
40% completed. Chain switching acceptance rate: 18.7%.
41% completed. Chain switching acceptance rate: 18.2%.
42% completed. Chain switching acceptance rate: 18.6%.
43% completed. Chain switching acceptance rate: 18.1%.
44% completed. Chain switching acceptance rate: 18%.
45% completed. Chain switching acceptance rate: 17.8%.
46% completed. Chain switching acceptance rate: 17.4%.
47% completed. Chain switching acceptance rate: 17%.
48% completed. Chain switching acceptance rate: 16.7%.
49% completed. Chain switching acceptance rate: 16.5%.
50% completed. Chain switching acceptance rate: 16.4%.
51% completed. Chain switching acceptance rate: 16.5%.
52% completed. Chain switching acceptance rate: 16.4%.
53% completed. Chain switching acceptance rate: 16.5%.
54% completed. Chain switching acceptance rate: 16.5%.
55% completed. Chain switching acceptance rate: 16.2%.
56% completed. Chain switching acceptance rate: 16.3%.
57% completed. Chain switching acceptance rate: 16.3%.
58% completed. Chain switching acceptance rate: 16.3%.
59% completed. Chain switching acceptance rate: 16%.
60% completed. Chain switching acceptance rate: 15.9%.
61% completed. Chain switching acceptance rate: 15.8%.
62% completed. Chain switching acceptance rate: 15.6%.
63% completed. Chain switching acceptance rate: 15.3%.
64% completed. Chain switching acceptance rate: 15.1%.
65% completed. Chain switching acceptance rate: 14.9%.
66% completed. Chain switching acceptance rate: 14.6%.
67% completed. Chain switching acceptance rate: 14.4%.
68% completed. Chain switching acceptance rate: 14.3%.
69% completed. Chain switching acceptance rate: 14.3%.
70% completed. Chain switching acceptance rate: 14.5%.
71% completed. Chain switching acceptance rate: 14.4%.
72% completed. Chain switching acceptance rate: 14.4%.
73% completed. Chain switching acceptance rate: 14.2%.
74% completed. Chain switching acceptance rate: 14.4%.
75% completed. Chain switching acceptance rate: 14.3%.
76% completed. Chain switching acceptance rate: 14.1%.
77% completed. Chain switching acceptance rate: 14.2%.
78% completed. Chain switching acceptance rate: 14%.
79% completed. Chain switching acceptance rate: 13.9%.
80% completed. Chain switching acceptance rate: 13.8%.
81% completed. Chain switching acceptance rate: 13.9%.
82% completed. Chain switching acceptance rate: 13.8%.
83% completed. Chain switching acceptance rate: 13.8%.
84% completed. Chain switching acceptance rate: 13.9%.
85% completed. Chain switching acceptance rate: 13.8%.
86% completed. Chain switching acceptance rate: 13.7%.
87% completed. Chain switching acceptance rate: 13.6%.
88% completed. Chain switching acceptance rate: 13.4%.
89% completed. Chain switching acceptance rate: 13.4%.
90% completed. Chain switching acceptance rate: 13.3%.
91% completed. Chain switching acceptance rate: 13.3%.
92% completed. Chain switching acceptance rate: 13.2%.
93% completed. Chain switching acceptance rate: 13.1%.
94% completed. Chain switching acceptance rate: 13%.
95% completed. Chain switching acceptance rate: 12.9%.
96% completed. Chain switching acceptance rate: 13%.
97% completed. Chain switching acceptance rate: 13.1%.
98% completed. Chain switching acceptance rate: 13.1%.
99% completed. Chain switching acceptance rate: 13.2%.
100% completed. Chain switching acceptance rate: 13.2%.
1% completed. Chain switching acceptance rate: 13.3%.
2% completed. Chain switching acceptance rate: 6.7%.
3% completed. Chain switching acceptance rate: 4.4%.
4% completed. Chain switching acceptance rate: 3.3%.
5% completed. Chain switching acceptance rate: 2.7%.
6% completed. Chain switching acceptance rate: 2.2%.
7% completed. Chain switching acceptance rate: 1.9%.
8% completed. Chain switching acceptance rate: 1.7%.
9% completed. Chain switching acceptance rate: 1.5%.
10% completed. Chain switching acceptance rate: 1.3%.
11% completed. Chain switching acceptance rate: 1.2%.
12% completed. Chain switching acceptance rate: 1.1%.
13% completed. Chain switching acceptance rate: 1%.
14% completed. Chain switching acceptance rate: 1%.
15% completed. Chain switching acceptance rate: 0.9%.
16% completed. Chain switching acceptance rate: 0.8%.
17% completed. Chain switching acceptance rate: 0.8%.
18% completed. Chain switching acceptance rate: 0.7%.
19% completed. Chain switching acceptance rate: 0.7%.
20% completed. Chain switching acceptance rate: 0.7%.
21% completed. Chain switching acceptance rate: 0.6%.
22% completed. Chain switching acceptance rate: 0.6%.
23% completed. Chain switching acceptance rate: 0.6%.
24% completed. Chain switching acceptance rate: 0.6%.
25% completed. Chain switching acceptance rate: 0.5%.
26% completed. Chain switching acceptance rate: 0.5%.
27% completed. Chain switching acceptance rate: 0.5%.
28% completed. Chain switching acceptance rate: 0.5%.
29% completed. Chain switching acceptance rate: 0.7%.
30% completed. Chain switching acceptance rate: 0.7%.
31% completed. Chain switching acceptance rate: 0.9%.
32% completed. Chain switching acceptance rate: 0.8%.
33% completed. Chain switching acceptance rate: 0.8%.
34% completed. Chain switching acceptance rate: 0.8%.
35% completed. Chain switching acceptance rate: 0.8%.
36% completed. Chain switching acceptance rate: 0.7%.
37% completed. Chain switching acceptance rate: 0.7%.
38% completed. Chain switching acceptance rate: 0.7%.
39% completed. Chain switching acceptance rate: 0.7%.
40% completed. Chain switching acceptance rate: 0.7%.
41% completed. Chain switching acceptance rate: 0.7%.
42% completed. Chain switching acceptance rate: 0.6%.
43% completed. Chain switching acceptance rate: 0.6%.
44% completed. Chain switching acceptance rate: 0.6%.
45% completed. Chain switching acceptance rate: 0.6%.
46% completed. Chain switching acceptance rate: 0.6%.
47% completed. Chain switching acceptance rate: 0.6%.
48% completed. Chain switching acceptance rate: 0.6%.
49% completed. Chain switching acceptance rate: 0.5%.
50% completed. Chain switching acceptance rate: 0.5%.
51% completed. Chain switching acceptance rate: 0.5%.
52% completed. Chain switching acceptance rate: 0.5%.
53% completed. Chain switching acceptance rate: 0.5%.
54% completed. Chain switching acceptance rate: 0.5%.
55% completed. Chain switching acceptance rate: 0.5%.
56% completed. Chain switching acceptance rate: 0.5%.
57% completed. Chain switching acceptance rate: 0.5%.
58% completed. Chain switching acceptance rate: 0.5%.
59% completed. Chain switching acceptance rate: 0.5%.
60% completed. Chain switching acceptance rate: 0.4%.
61% completed. Chain switching acceptance rate: 0.4%.
62% completed. Chain switching acceptance rate: 0.4%.
63% completed. Chain switching acceptance rate: 0.4%.
64% completed. Chain switching acceptance rate: 0.4%.
65% completed. Chain switching acceptance rate: 0.4%.
66% completed. Chain switching acceptance rate: 0.4%.
67% completed. Chain switching acceptance rate: 0.4%.
68% completed. Chain switching acceptance rate: 0.4%.
69% completed. Chain switching acceptance rate: 0.4%.
70% completed. Chain switching acceptance rate: 0.4%.
71% completed. Chain switching acceptance rate: 0.4%.
72% completed. Chain switching acceptance rate: 0.4%.
73% completed. Chain switching acceptance rate: 0.4%.
74% completed. Chain switching acceptance rate: 0.4%.
75% completed. Chain switching acceptance rate: 0.4%.
76% completed. Chain switching acceptance rate: 0.4%.
77% completed. Chain switching acceptance rate: 0.3%.
78% completed. Chain switching acceptance rate: 0.3%.
79% completed. Chain switching acceptance rate: 0.3%.
80% completed. Chain switching acceptance rate: 0.3%.
81% completed. Chain switching acceptance rate: 0.3%.
82% completed. Chain switching acceptance rate: 0.3%.
83% completed. Chain switching acceptance rate: 0.3%.
84% completed. Chain switching acceptance rate: 0.3%.
85% completed. Chain switching acceptance rate: 0.3%.
86% completed. Chain switching acceptance rate: 0.3%.
87% completed. Chain switching acceptance rate: 0.3%.
88% completed. Chain switching acceptance rate: 0.3%.
89% completed. Chain switching acceptance rate: 0.3%.
90% completed. Chain switching acceptance rate: 0.3%.
91% completed. Chain switching acceptance rate: 0.3%.
92% completed. Chain switching acceptance rate: 0.3%.
93% completed. Chain switching acceptance rate: 0.3%.
94% completed. Chain switching acceptance rate: 0.3%.
95% completed. Chain switching acceptance rate: 0.3%.
96% completed. Chain switching acceptance rate: 0.3%.
97% completed. Chain switching acceptance rate: 0.3%.
98% completed. Chain switching acceptance rate: 0.3%.
99% completed. Chain switching acceptance rate: 0.3%.
100% completed. Chain switching acceptance rate: 0.3%.
1% completed. Chain switching acceptance rate: 6.7%.
2% completed. Chain switching acceptance rate: 3.3%.
3% completed. Chain switching acceptance rate: 2.2%.
4% completed. Chain switching acceptance rate: 1.7%.
5% completed. Chain switching acceptance rate: 1.3%.
6% completed. Chain switching acceptance rate: 1.1%.
7% completed. Chain switching acceptance rate: 1%.
8% completed. Chain switching acceptance rate: 0.8%.
9% completed. Chain switching acceptance rate: 0.7%.
10% completed. Chain switching acceptance rate: 0.7%.
11% completed. Chain switching acceptance rate: 0.6%.
12% completed. Chain switching acceptance rate: 0.6%.
13% completed. Chain switching acceptance rate: 0.5%.
14% completed. Chain switching acceptance rate: 0.5%.
15% completed. Chain switching acceptance rate: 0.4%.
16% completed. Chain switching acceptance rate: 0.4%.
17% completed. Chain switching acceptance rate: 0.4%.
18% completed. Chain switching acceptance rate: 0.4%.
19% completed. Chain switching acceptance rate: 0.4%.
20% completed. Chain switching acceptance rate: 0.3%.
21% completed. Chain switching acceptance rate: 0.3%.
22% completed. Chain switching acceptance rate: 0.3%.
23% completed. Chain switching acceptance rate: 0.3%.
24% completed. Chain switching acceptance rate: 0.3%.
25% completed. Chain switching acceptance rate: 0.3%.
26% completed. Chain switching acceptance rate: 0.3%.
27% completed. Chain switching acceptance rate: 0.2%.
28% completed. Chain switching acceptance rate: 0.2%.
29% completed. Chain switching acceptance rate: 0.2%.
30% completed. Chain switching acceptance rate: 0.2%.
31% completed. Chain switching acceptance rate: 0.2%.
32% completed. Chain switching acceptance rate: 0.2%.
33% completed. Chain switching acceptance rate: 0.2%.
34% completed. Chain switching acceptance rate: 0.2%.
35% completed. Chain switching acceptance rate: 0.2%.
36% completed. Chain switching acceptance rate: 0.2%.
37% completed. Chain switching acceptance rate: 0.2%.
38% completed. Chain switching acceptance rate: 0.2%.
39% completed. Chain switching acceptance rate: 0.2%.
40% completed. Chain switching acceptance rate: 0.2%.
41% completed. Chain switching acceptance rate: 0.2%.
42% completed. Chain switching acceptance rate: 0.2%.
43% completed. Chain switching acceptance rate: 0.2%.
44% completed. Chain switching acceptance rate: 0.2%.
45% completed. Chain switching acceptance rate: 0.1%.
46% completed. Chain switching acceptance rate: 0.1%.
47% completed. Chain switching acceptance rate: 0.1%.
48% completed. Chain switching acceptance rate: 0.1%.
49% completed. Chain switching acceptance rate: 0.1%.
50% completed. Chain switching acceptance rate: 0.1%.
51% completed. Chain switching acceptance rate: 0.1%.
52% completed. Chain switching acceptance rate: 0.1%.
53% completed. Chain switching acceptance rate: 0.1%.
54% completed. Chain switching acceptance rate: 0.1%.
55% completed. Chain switching acceptance rate: 0.1%.
56% completed. Chain switching acceptance rate: 0.1%.
57% completed. Chain switching acceptance rate: 0.1%.
58% completed. Chain switching acceptance rate: 0.1%.
59% completed. Chain switching acceptance rate: 0.1%.
60% completed. Chain switching acceptance rate: 0.1%.
61% completed. Chain switching acceptance rate: 0.1%.
62% completed. Chain switching acceptance rate: 0.1%.
63% completed. Chain switching acceptance rate: 0.1%.
64% completed. Chain switching acceptance rate: 0.1%.
65% completed. Chain switching acceptance rate: 0.1%.
66% completed. Chain switching acceptance rate: 0.1%.
67% completed. Chain switching acceptance rate: 0.1%.
68% completed. Chain switching acceptance rate: 0.1%.
69% completed. Chain switching acceptance rate: 0.1%.
70% completed. Chain switching acceptance rate: 0.1%.
71% completed. Chain switching acceptance rate: 0.1%.
72% completed. Chain switching acceptance rate: 0.1%.
73% completed. Chain switching acceptance rate: 0.1%.
74% completed. Chain switching acceptance rate: 0.1%.
75% completed. Chain switching acceptance rate: 0.1%.
76% completed. Chain switching acceptance rate: 0.1%.
77% completed. Chain switching acceptance rate: 0.1%.
78% completed. Chain switching acceptance rate: 0.1%.
79% completed. Chain switching acceptance rate: 0.1%.
80% completed. Chain switching acceptance rate: 0.1%.
81% completed. Chain switching acceptance rate: 0.1%.
82% completed. Chain switching acceptance rate: 0.1%.
83% completed. Chain switching acceptance rate: 0.1%.
84% completed. Chain switching acceptance rate: 0.1%.
85% completed. Chain switching acceptance rate: 0.1%.
86% completed. Chain switching acceptance rate: 0.1%.
87% completed. Chain switching acceptance rate: 0.1%.
88% completed. Chain switching acceptance rate: 0.1%.
89% completed. Chain switching acceptance rate: 0.1%.
90% completed. Chain switching acceptance rate: 0.1%.
91% completed. Chain switching acceptance rate: 0.1%.
92% completed. Chain switching acceptance rate: 0.1%.
93% completed. Chain switching acceptance rate: 0.1%.
94% completed. Chain switching acceptance rate: 0.1%.
95% completed. Chain switching acceptance rate: 0.1%.
96% completed. Chain switching acceptance rate: 0.1%.
97% completed. Chain switching acceptance rate: 0.1%.
98% completed. Chain switching acceptance rate: 0.1%.
99% completed. Chain switching acceptance rate: 0.1%.
100% completed. Chain switching acceptance rate: 0.1%.
1% completed. Chain switching acceptance rate: 60%.
2% completed. Chain switching acceptance rate: 60%.
3% completed. Chain switching acceptance rate: 64.4%.
4% completed. Chain switching acceptance rate: 65%.
5% completed. Chain switching acceptance rate: 66.7%.
6% completed. Chain switching acceptance rate: 65.6%.
7% completed. Chain switching acceptance rate: 65.7%.
8% completed. Chain switching acceptance rate: 67.5%.
9% completed. Chain switching acceptance rate: 65.9%.
10% completed. Chain switching acceptance rate: 66%.
11% completed. Chain switching acceptance rate: 63.6%.
12% completed. Chain switching acceptance rate: 63.3%.
13% completed. Chain switching acceptance rate: 63.6%.
14% completed. Chain switching acceptance rate: 62.4%.
15% completed. Chain switching acceptance rate: 61.3%.
16% completed. Chain switching acceptance rate: 61.3%.
17% completed. Chain switching acceptance rate: 59.2%.
18% completed. Chain switching acceptance rate: 59.3%.
19% completed. Chain switching acceptance rate: 59.3%.
20% completed. Chain switching acceptance rate: 58.7%.
21% completed. Chain switching acceptance rate: 57.1%.
22% completed. Chain switching acceptance rate: 56.7%.
23% completed. Chain switching acceptance rate: 56.2%.
24% completed. Chain switching acceptance rate: 57.5%.
25% completed. Chain switching acceptance rate: 57.9%.
26% completed. Chain switching acceptance rate: 57.4%.
27% completed. Chain switching acceptance rate: 57.8%.
28% completed. Chain switching acceptance rate: 57.4%.
29% completed. Chain switching acceptance rate: 58.2%.
30% completed. Chain switching acceptance rate: 58.2%.
31% completed. Chain switching acceptance rate: 58.9%.
32% completed. Chain switching acceptance rate: 59.2%.
33% completed. Chain switching acceptance rate: 59.2%.
34% completed. Chain switching acceptance rate: 60%.
35% completed. Chain switching acceptance rate: 60.6%.
36% completed. Chain switching acceptance rate: 61.5%.
37% completed. Chain switching acceptance rate: 62.3%.
38% completed. Chain switching acceptance rate: 63.3%.
39% completed. Chain switching acceptance rate: 63.6%.
40% completed. Chain switching acceptance rate: 64%.
41% completed. Chain switching acceptance rate: 63.9%.
42% completed. Chain switching acceptance rate: 63.8%.
43% completed. Chain switching acceptance rate: 64.5%.
44% completed. Chain switching acceptance rate: 65%.
45% completed. Chain switching acceptance rate: 65.6%.
46% completed. Chain switching acceptance rate: 66.2%.
47% completed. Chain switching acceptance rate: 66.7%.
48% completed. Chain switching acceptance rate: 67.1%.
49% completed. Chain switching acceptance rate: 67.2%.
50% completed. Chain switching acceptance rate: 67.3%.
51% completed. Chain switching acceptance rate: 67.7%.
52% completed. Chain switching acceptance rate: 68.2%.
53% completed. Chain switching acceptance rate: 67.9%.
54% completed. Chain switching acceptance rate: 68.4%.
55% completed. Chain switching acceptance rate: 68.5%.
56% completed. Chain switching acceptance rate: 68.3%.
57% completed. Chain switching acceptance rate: 68.3%.
58% completed. Chain switching acceptance rate: 68.7%.
59% completed. Chain switching acceptance rate: 68.9%.
60% completed. Chain switching acceptance rate: 68.9%.
61% completed. Chain switching acceptance rate: 68.9%.
62% completed. Chain switching acceptance rate: 68.5%.
63% completed. Chain switching acceptance rate: 68.8%.
64% completed. Chain switching acceptance rate: 69%.
65% completed. Chain switching acceptance rate: 68.9%.
66% completed. Chain switching acceptance rate: 69.1%.
67% completed. Chain switching acceptance rate: 69.1%.
68% completed. Chain switching acceptance rate: 69.3%.
69% completed. Chain switching acceptance rate: 69.7%.
70% completed. Chain switching acceptance rate: 69.8%.
71% completed. Chain switching acceptance rate: 70%.
72% completed. Chain switching acceptance rate: 70.3%.
73% completed. Chain switching acceptance rate: 70%.
74% completed. Chain switching acceptance rate: 70.1%.
75% completed. Chain switching acceptance rate: 70%.
76% completed. Chain switching acceptance rate: 69.9%.
77% completed. Chain switching acceptance rate: 70.1%.
78% completed. Chain switching acceptance rate: 70.2%.
79% completed. Chain switching acceptance rate: 70.3%.
80% completed. Chain switching acceptance rate: 70.3%.
81% completed. Chain switching acceptance rate: 70.5%.
82% completed. Chain switching acceptance rate: 70.7%.
83% completed. Chain switching acceptance rate: 70.7%.
84% completed. Chain switching acceptance rate: 70.8%.
85% completed. Chain switching acceptance rate: 70.7%.
86% completed. Chain switching acceptance rate: 70.9%.
87% completed. Chain switching acceptance rate: 70.9%.
88% completed. Chain switching acceptance rate: 71.1%.
89% completed. Chain switching acceptance rate: 71.2%.
90% completed. Chain switching acceptance rate: 71.3%.
91% completed. Chain switching acceptance rate: 71.4%.
92% completed. Chain switching acceptance rate: 71.4%.
93% completed. Chain switching acceptance rate: 71.4%.
94% completed. Chain switching acceptance rate: 71.3%.
95% completed. Chain switching acceptance rate: 71.4%.
96% completed. Chain switching acceptance rate: 71.4%.
97% completed. Chain switching acceptance rate: 71.3%.
98% completed. Chain switching acceptance rate: 71.4%.
99% completed. Chain switching acceptance rate: 71.4%.
100% completed. Chain switching acceptance rate: 71.4%.
Error in file(file, "rt") : cannot open the connection
Calls: run_models -> coupledMetropolis -> read.table -> file
In addition: Warning message:
In file(file, "rt") :
  cannot open file '/n/home03/crodriguezcabrera/BayesBinMix_Project/Updates/acs19_2025-04-17_deltatemp_0.005_poisson_DirichPAprox/reorderedMCMC-ECR.mapK.11.txt': No such file or directory
Execution halted
